2018-06-19 00:29:38 - Crawler has been started.
2018-06-19 00:29:41 - Queue: []
2018-06-19 00:29:42 - Parsing channel: Katy Perry
2018-06-19 00:29:47 - Channel visited: Dua Lipa - UC-J-KZfRV8c13fOCkhXdLiQ - Kategoria: Music
2018-06-19 00:29:50 - Channel visited: Meghan Trainor - UCkXgEcpoTE4tHsebYBouWpA - Kategoria: People & Blogs
2018-06-19 00:29:53 - Channel visited: Justin Bieber - UCIwFjwMjI0y7PDBVEO9-bkQ - Kategoria: Entertainment
2018-06-19 21:38:35 - Crawler has been started.
2018-06-19 21:38:42 - Queue: []
2018-06-19 21:38:43 - Parsing channel: Katy Perry
2018-06-19 21:38:49 - Channel visited: Justin Bieber - UCIwFjwMjI0y7PDBVEO9-bkQ - Kategoria: Entertainment
2018-06-19 21:38:52 - Channel visited: Dua Lipa - UC-J-KZfRV8c13fOCkhXdLiQ - Kategoria: Music
2018-06-19 21:38:55 - Channel visited: Rihanna - UCcgqSM4YEo5vVQpqwN-MaNw - Kategoria: Entertainment
2018-06-19 21:38:58 - Channel visited: Miley Cyrus - UCn7dB9UMTBDjKtEKBy_XISw - Kategoria: Entertainment
2018-06-19 21:39:02 - Channel visited: Ed Sheeran - UC0C-w0YjGpqDXGB8IHb662A - Kategoria: Music
2018-06-19 21:39:05 - Channel visited: Fifth Harmony - UCMtpmPs9end-dTNwVq16g4Q - Kategoria: Music
2018-06-19 21:39:05 - Queue: [Dua Lipa, Rihanna, Miley Cyrus, Ed Sheeran, Fifth Harmony]
2018-06-19 21:39:06 - Parsing channel: Justin Bieber
2018-06-19 21:39:13 - Channel visited: Shawn Mendes - UCAvCL8hyXjSUHKEGuUPr1BA - Kategoria: Music
2018-06-19 21:39:16 - Channel visited: One Direction - UCb2HGwORFBo94DmRx4oLzow - Kategoria: Music
2018-06-19 21:39:23 - Channel visited: The Chainsmokers - UCq3Ci-h945sbEYXpVlw7rJg - Kategoria: Music
2018-06-19 21:39:23 - Queue: [Rihanna, Miley Cyrus, Ed Sheeran, Fifth Harmony, Shawn Mendes, One Direction, The Chainsmokers]
2018-06-19 21:39:24 - Parsing channel: Dua Lipa
2018-06-19 21:39:30 - Channel visited: Calvin Harris - UCIjYyZxkFucP_W-tmXg_9Ow - Kategoria: Music
2018-06-19 21:39:33 - Channel visited: Bebe Rexha - UC5-gWZXAQqSGVfPHkA7NRiQ - Kategoria: Music
2018-06-19 21:39:35 - Channel visited: Ariana Grande` - UC9CoOnJkIBMdeijd9qYoT_g - Kategoria: Music
2018-06-19 21:39:38 - Channel visited: Katy Perry - UCYvmuw-JtVrTZQ-7Y4kd63Q - Kategoria: Music
2018-06-19 21:39:40 - Queue: [Miley Cyrus, Ed Sheeran, Fifth Harmony, Shawn Mendes, One Direction, The Chainsmokers, Calvin Harris, Bebe Rexha, Ariana Grande`, Katy Perry]
2018-06-19 21:39:41 - Parsing channel: Rihanna
2018-06-19 21:39:52 - Channel visited: Beyoncé - UCuHzBCaKmtaLcRAOoazhCPA - Kategoria: Music
2018-06-19 21:39:54 - Queue: [Ed Sheeran, Fifth Harmony, Shawn Mendes, One Direction, The Chainsmokers, Calvin Harris, Bebe Rexha, Ariana Grande`, Katy Perry, Beyoncé]
2018-06-19 21:39:55 - Parsing channel: Miley Cyrus
2018-06-19 21:40:00 - Channel visited: Demi Lovato - UCZkURf9tDolFOeuw_4RD7XQ - Kategoria: Entertainment
2018-06-19 21:40:05 - Channel visited: The Late Late Show with James Corden - UCJ0uqCI0Vqr2Rrt1HseGirg - Kategoria: Entertainment
2018-06-19 21:40:11 - Queue: [Fifth Harmony, Shawn Mendes, One Direction, The Chainsmokers, Calvin Harris, Bebe Rexha, Ariana Grande`, Katy Perry, Beyoncé, Demi Lovato, The Late Late Show with James Corden]
2018-06-19 21:40:12 - Parsing channel: Ed Sheeran
2018-06-19 21:40:21 - Channel visited: Maroon 5 - UCBVjMGOIkavEAhyqpxJ73Dw - Kategoria: Music
2018-06-19 21:40:27 - Queue: [Shawn Mendes, One Direction, The Chainsmokers, Calvin Harris, Bebe Rexha, Ariana Grande`, Katy Perry, Beyoncé, Demi Lovato, The Late Late Show with James Corden, Maroon 5]
2018-06-19 21:40:27 - Parsing channel: Fifth Harmony
2018-06-19 21:40:32 - Channel visited: Little Mix - UCIvqWqjC4aLvp7zI8hzARrA - Kategoria: Music
2018-06-19 21:40:42 - Queue: [One Direction, The Chainsmokers, Calvin Harris, Bebe Rexha, Ariana Grande`, Katy Perry, Beyoncé, Demi Lovato, The Late Late Show with James Corden, Maroon 5, Little Mix]
2018-06-19 21:40:42 - Parsing channel: Shawn Mendes
2018-06-19 21:41:10 - Channel visited: Capital FM - UCZzwjZPc6R_PbnDgFVMwlvQ - Kategoria: Music
2018-06-19 21:41:10 - Queue: [The Chainsmokers, Calvin Harris, Bebe Rexha, Ariana Grande`, Katy Perry, Beyoncé, Demi Lovato, The Late Late Show with James Corden, Maroon 5, Little Mix, Capital FM]
2018-06-19 21:41:11 - Parsing channel: One Direction
2018-06-19 21:41:22 - Channel visited: 5 Seconds of Summer - UC-vKwDHcbPLtjml81ohGRng - Kategoria: Music
2018-06-19 21:41:33 - Channel visited: ibighit - UC3IZKseVpdzPSBaWxBxundA - Kategoria: Music
2018-06-19 21:41:35 - Queue: [Calvin Harris, Bebe Rexha, Ariana Grande`, Katy Perry, Beyoncé, Demi Lovato, The Late Late Show with James Corden, Maroon 5, Little Mix, Capital FM, 5 Seconds of Summer, ibighit]
2018-06-19 21:41:36 - Parsing channel: The Chainsmokers
2018-06-19 21:41:43 - Channel visited: Martin Garrix - UC5H_KXkPbEsGs0tFt8R35mA - Kategoria: Music
2018-06-19 21:41:52 - Channel visited: Spinnin' Records - UCpDJl2EmP7Oh90Vylx0dZtA - Kategoria: Music
2018-06-19 21:42:06 - Channel visited: Trap Nation - UCa10nxShhzNrCE1o2ZOPztg - Kategoria: Music
2018-06-19 21:42:06 - Queue: [Bebe Rexha, Ariana Grande`, Katy Perry, Beyoncé, Demi Lovato, The Late Late Show with James Corden, Maroon 5, Little Mix, Capital FM, 5 Seconds of Summer, ibighit, Martin Garrix, Spinnin' Records, Trap Nation]
2018-06-19 21:42:07 - Parsing channel: Calvin Harris
2018-06-19 21:42:35 - Channel visited: Ultra Music - UC4rasfm9J-X4jNl9SvXp8xA - Kategoria: Music
2018-06-19 21:42:38 - Queue: [Ariana Grande`, Katy Perry, Beyoncé, Demi Lovato, The Late Late Show with James Corden, Maroon 5, Little Mix, Capital FM, 5 Seconds of Summer, ibighit, Martin Garrix, Spinnin' Records, Trap Nation, Ultra Music]
2018-06-19 21:42:38 - Parsing channel: Bebe Rexha
2018-06-19 21:42:44 - Channel visited: Rita Ora - UCfSAqqftdc7FM1SY5vJjKfA - Kategoria: Entertainment
2018-06-19 21:42:53 - Channel visited: Clean Bandit - UCvhQPdeTHzIRneScV8MIocg - Kategoria: Music
2018-06-19 21:42:53 - Queue: [Katy Perry, Beyoncé, Demi Lovato, The Late Late Show with James Corden, Maroon 5, Little Mix, Capital FM, 5 Seconds of Summer, ibighit, Martin Garrix, Spinnin' Records, Trap Nation, Ultra Music, Rita Ora, Clean Bandit]
2018-06-19 21:42:54 - Parsing channel: Ariana Grande`
2018-06-19 21:43:08 - Queue: [Beyoncé, Demi Lovato, The Late Late Show with James Corden, Maroon 5, Little Mix, Capital FM, 5 Seconds of Summer, ibighit, Martin Garrix, Spinnin' Records, Trap Nation, Ultra Music, Rita Ora, Clean Bandit]
2018-06-19 21:43:08 - Parsing channel: Katy Perry
2018-06-19 21:43:22 - Queue: [Demi Lovato, The Late Late Show with James Corden, Maroon 5, Little Mix, Capital FM, 5 Seconds of Summer, ibighit, Martin Garrix, Spinnin' Records, Trap Nation, Ultra Music, Rita Ora, Clean Bandit]
2018-06-19 21:43:23 - Parsing channel: Beyoncé
2018-06-19 21:43:33 - Channel visited: Ciara - UClc5Eis2-L2JCcN62jmD21w - Kategoria: Music
2018-06-19 21:43:37 - Queue: [The Late Late Show with James Corden, Maroon 5, Little Mix, Capital FM, 5 Seconds of Summer, ibighit, Martin Garrix, Spinnin' Records, Trap Nation, Ultra Music, Rita Ora, Clean Bandit, Ciara]
2018-06-19 21:43:37 - Parsing channel: Demi Lovato
2018-06-19 21:43:50 - Queue: [Maroon 5, Little Mix, Capital FM, 5 Seconds of Summer, ibighit, Martin Garrix, Spinnin' Records, Trap Nation, Ultra Music, Rita Ora, Clean Bandit, Ciara]
2018-06-19 21:43:51 - Parsing channel: The Late Late Show with James Corden
2018-06-19 21:44:02 - Channel visited: TheEllenShow - UCp0hYYBW6IMayGgR-WeoCvQ - Kategoria: Entertainment
2018-06-19 21:44:06 - Channel visited: The Tonight Show Starring Jimmy Fallon - UC8-Th83bH_thdKZDJCrn88g - Kategoria: Comedy
2018-06-19 21:44:15 - Channel visited: Team Coco - UCi7GJNg51C3jgmYTUwqoUXA - Kategoria: Comedy
2018-06-19 21:44:25 - Channel visited: Late Night with Seth Meyers - UCVTyTA7-g9nopHeHbeuvpRA - Kategoria: Comedy
2018-06-19 21:44:35 - Channel visited: Saturday Night Live - UCqFzWxSCi39LnW1JKFR3efg - Kategoria: Entertainment
2018-06-19 21:44:36 - Queue: [Little Mix, Capital FM, 5 Seconds of Summer, ibighit, Martin Garrix, Spinnin' Records, Trap Nation, Ultra Music, Rita Ora, Clean Bandit, Ciara, TheEllenShow, The Tonight Show Starring Jimmy Fallon, Team Coco, Late Night with Seth Meyers, Saturday Night Live]
2018-06-19 21:44:36 - Parsing channel: Maroon 5
2018-06-19 21:44:51 - Channel visited: OneRepublic - UCi4EDAgjULwwNBHOg1aaCig - Kategoria: Music
2018-06-19 21:44:52 - Queue: [Capital FM, 5 Seconds of Summer, ibighit, Martin Garrix, Spinnin' Records, Trap Nation, Ultra Music, Rita Ora, Clean Bandit, Ciara, TheEllenShow, The Tonight Show Starring Jimmy Fallon, Team Coco, Late Night with Seth Meyers, Saturday Night Live, OneRepublic]
2018-06-19 21:44:52 - Parsing channel: Little Mix
2018-06-19 21:45:10 - Queue: [5 Seconds of Summer, ibighit, Martin Garrix, Spinnin' Records, Trap Nation, Ultra Music, Rita Ora, Clean Bandit, Ciara, TheEllenShow, The Tonight Show Starring Jimmy Fallon, Team Coco, Late Night with Seth Meyers, Saturday Night Live, OneRepublic]
2018-06-19 21:45:11 - Parsing channel: Capital FM
2018-06-19 21:45:23 - Channel visited: BBC Radio 1 - UC-FQUIVQ-bZiefzBiQAa8Fw - Kategoria: Music
2018-06-19 21:45:42 - Channel visited: Talent Recap - UCSWwb_YyNB8vuC1VDcfPPaQ - Kategoria: Entertainment
2018-06-19 21:46:03 - Queue: [ibighit, Martin Garrix, Spinnin' Records, Trap Nation, Ultra Music, Rita Ora, Clean Bandit, Ciara, TheEllenShow, The Tonight Show Starring Jimmy Fallon, Team Coco, Late Night with Seth Meyers, Saturday Night Live, OneRepublic, BBC Radio 1, Talent Recap]
2018-06-19 21:46:04 - Parsing channel: 5 Seconds of Summer
2018-06-19 21:46:36 - Channel visited: David Dobrik - UCmh5gdwCx6lN7gEC20leNVA - Kategoria: People & Blogs
2018-06-19 21:46:45 - Channel visited: RoadTrip TV - UCZq2SKai_oKTh-pmhrXB9xQ - Kategoria: People & Blogs
2018-06-19 21:46:46 - Queue: [Martin Garrix, Spinnin' Records, Trap Nation, Ultra Music, Rita Ora, Clean Bandit, Ciara, TheEllenShow, The Tonight Show Starring Jimmy Fallon, Team Coco, Late Night with Seth Meyers, Saturday Night Live, OneRepublic, BBC Radio 1, Talent Recap, David Dobrik, RoadTrip TV]
2018-06-19 21:46:46 - Parsing channel: ibighit
2018-06-19 21:46:57 - Channel visited: 1theK (원더케이) - UCweOkPb1wVVH0Q0Tlj4a5Pw - Kategoria: Entertainment
2018-06-19 21:47:06 - Channel visited: Mnet K-POP - UCbD8EppRX3ZwJSou-TVo90A - Kategoria: Entertainment
2018-06-19 21:47:10 - Channel visited: BLACKPINK - UCOmHUn--16B90oW2L6FRR3A - Kategoria: People & Blogs
2018-06-19 21:47:19 - Channel visited: Big Marvel - UCgI8VzlDGsHCp0-9Een1eKw - Kategoria: Music
2018-06-19 21:47:29 - Channel visited: jypentertainment - UCaO6TYtlC8U5ttz62hTrZgg - Kategoria: Music
2018-06-19 21:47:29 - Queue: [Spinnin' Records, Trap Nation, Ultra Music, Rita Ora, Clean Bandit, Ciara, TheEllenShow, The Tonight Show Starring Jimmy Fallon, Team Coco, Late Night with Seth Meyers, Saturday Night Live, OneRepublic, BBC Radio 1, Talent Recap, David Dobrik, RoadTrip TV, 1theK (원더케이), Mnet K-POP, BLACKPINK, Big Marvel, jypentertainment]
2018-06-19 21:47:30 - Parsing channel: Martin Garrix
2018-06-19 21:47:49 - Channel visited: Hardwell - UCPT5Q93YbgJ_7du1gV7UHQQ - Kategoria: Entertainment
2018-06-19 21:48:01 - Channel visited: Proximity - UC3ifTl5zKiCAhHIBQYcaTeg - Kategoria: Entertainment
2018-06-19 21:48:12 - Channel visited: NoCopyrightSounds - UC_aEa8K-EOJ3D6gOs7HcyNg - Kategoria: Music
2018-06-19 21:48:21 - Queue: [Trap Nation, Ultra Music, Rita Ora, Clean Bandit, Ciara, TheEllenShow, The Tonight Show Starring Jimmy Fallon, Team Coco, Late Night with Seth Meyers, Saturday Night Live, OneRepublic, BBC Radio 1, Talent Recap, David Dobrik, RoadTrip TV, 1theK (원더케이), Mnet K-POP, BLACKPINK, Big Marvel, jypentertainment, Hardwell, Proximity, NoCopyrightSounds]
2018-06-19 21:48:22 - Parsing channel: Spinnin' Records
2018-06-19 21:48:41 - Channel visited: Armada Music - UCGZXYc32ri4D0gSLPf2pZXQ - Kategoria: Music
2018-06-19 21:49:07 - Channel visited: MrSuicideSheep - UC5nc_ZtjKW1htCVZVRxlQAQ - Kategoria: Entertainment
2018-06-19 21:49:16 - Channel visited: Trap City - UC65afEgL62PGFWXY7n6CUbA - Kategoria: Music
2018-06-19 21:49:16 - Queue: [Ultra Music, Rita Ora, Clean Bandit, Ciara, TheEllenShow, The Tonight Show Starring Jimmy Fallon, Team Coco, Late Night with Seth Meyers, Saturday Night Live, OneRepublic, BBC Radio 1, Talent Recap, David Dobrik, RoadTrip TV, 1theK (원더케이), Mnet K-POP, BLACKPINK, Big Marvel, jypentertainment, Hardwell, Proximity, NoCopyrightSounds, Armada Music, MrSuicideSheep, Trap City]
2018-06-19 21:49:17 - Parsing channel: Trap Nation
2018-06-19 21:49:36 - Channel visited: Chill Nation - UCM9KEEuzacwVlkt9JfJad7g - Kategoria: Music
2018-06-19 21:49:54 - Channel visited: House Nation - UCj_Y-xJ2DRDGP4ilfzplCOQ - Kategoria: Music
2018-06-19 21:50:12 - Queue: [Rita Ora, Clean Bandit, Ciara, TheEllenShow, The Tonight Show Starring Jimmy Fallon, Team Coco, Late Night with Seth Meyers, Saturday Night Live, OneRepublic, BBC Radio 1, Talent Recap, David Dobrik, RoadTrip TV, 1theK (원더케이), Mnet K-POP, BLACKPINK, Big Marvel, jypentertainment, Hardwell, Proximity, NoCopyrightSounds, Armada Music, MrSuicideSheep, Trap City, Chill Nation, House Nation]
2018-06-19 21:50:13 - Parsing channel: Ultra Music
2018-06-19 21:50:44 - Channel visited: Blanco y Negro Music - UC_MsAEyTYUBfxp9j1XwMhMw - Kategoria: Music
2018-06-19 21:50:56 - Channel visited: RotonMusicTV - UCV-iSZdmPWV9pq-t-dlYzQg - Kategoria: Music
2018-06-19 21:50:57 - Queue: [Clean Bandit, Ciara, TheEllenShow, The Tonight Show Starring Jimmy Fallon, Team Coco, Late Night with Seth Meyers, Saturday Night Live, OneRepublic, BBC Radio 1, Talent Recap, David Dobrik, RoadTrip TV, 1theK (원더케이), Mnet K-POP, BLACKPINK, Big Marvel, jypentertainment, Hardwell, Proximity, NoCopyrightSounds, Armada Music, MrSuicideSheep, Trap City, Chill Nation, House Nation, Blanco y Negro Music, RotonMusicTV]
2018-06-19 21:50:57 - Parsing channel: Rita Ora
2018-06-19 21:51:10 - Channel visited: 20th Century Fox - UC2-BeLxzUBSs0uSrmzWhJuQ - Kategoria: Film & Animation
2018-06-19 21:51:18 - Queue: [Ciara, TheEllenShow, The Tonight Show Starring Jimmy Fallon, Team Coco, Late Night with Seth Meyers, Saturday Night Live, OneRepublic, BBC Radio 1, Talent Recap, David Dobrik, RoadTrip TV, 1theK (원더케이), Mnet K-POP, BLACKPINK, Big Marvel, jypentertainment, Hardwell, Proximity, NoCopyrightSounds, Armada Music, MrSuicideSheep, Trap City, Chill Nation, House Nation, Blanco y Negro Music, RotonMusicTV, 20th Century Fox]
2018-06-19 21:51:19 - Parsing channel: Clean Bandit
2018-06-19 21:51:46 - Channel added to database: Ciara
2018-06-19 21:51:46 - Queue: [TheEllenShow, The Tonight Show Starring Jimmy Fallon, Team Coco, Late Night with Seth Meyers, Saturday Night Live, OneRepublic, BBC Radio 1, Talent Recap, David Dobrik, RoadTrip TV, 1theK (원더케이), Mnet K-POP, BLACKPINK, Big Marvel, jypentertainment, Hardwell, Proximity, NoCopyrightSounds, Armada Music, MrSuicideSheep, Trap City, Chill Nation, House Nation, Blanco y Negro Music, RotonMusicTV, 20th Century Fox]
2018-06-19 21:51:47 - Parsing channel: Ciara
2018-06-19 21:51:53 - Channel visited: keyshiacole - UCznrMQtAIr5-isdho4YQoMA - Kategoria: Music
2018-06-19 21:52:07 - Channel visited: NellyVEVO - UCzQNgpWWPLuoAC6zA3VejzA - Kategoria: Music
2018-06-19 21:52:10 - Channel visited: Trey Songz - UC7DpParfqYQEbFGt5eTX5pQ - Kategoria: Entertainment
2018-06-19 21:52:10 - Queue: [The Tonight Show Starring Jimmy Fallon, Team Coco, Late Night with Seth Meyers, Saturday Night Live, OneRepublic, BBC Radio 1, Talent Recap, David Dobrik, RoadTrip TV, 1theK (원더케이), Mnet K-POP, BLACKPINK, Big Marvel, jypentertainment, Hardwell, Proximity, NoCopyrightSounds, Armada Music, MrSuicideSheep, Trap City, Chill Nation, House Nation, Blanco y Negro Music, RotonMusicTV, 20th Century Fox, keyshiacole, NellyVEVO, Trey Songz]
2018-06-19 21:52:11 - Parsing channel: TheEllenShow
2018-06-19 21:52:35 - Channel visited: The Late Show with Stephen Colbert - UCMtFAi84ehTSYSE9XoHefig - Kategoria: Entertainment
2018-06-19 21:53:01 - Channel visited: Inside Edition - UC9k-yiEpRHMNVOnOi_aQK8w - Kategoria: Trailers
2018-06-19 21:53:01 - Queue: [Team Coco, Late Night with Seth Meyers, Saturday Night Live, OneRepublic, BBC Radio 1, Talent Recap, David Dobrik, RoadTrip TV, 1theK (원더케이), Mnet K-POP, BLACKPINK, Big Marvel, jypentertainment, Hardwell, Proximity, NoCopyrightSounds, Armada Music, MrSuicideSheep, Trap City, Chill Nation, House Nation, Blanco y Negro Music, RotonMusicTV, 20th Century Fox, keyshiacole, NellyVEVO, Trey Songz, The Late Show with Stephen Colbert, Inside Edition]
2018-06-19 21:53:02 - Parsing channel: The Tonight Show Starring Jimmy Fallon
2018-06-19 21:53:37 - Queue: [Late Night with Seth Meyers, Saturday Night Live, OneRepublic, BBC Radio 1, Talent Recap, David Dobrik, RoadTrip TV, 1theK (원더케이), Mnet K-POP, BLACKPINK, Big Marvel, jypentertainment, Hardwell, Proximity, NoCopyrightSounds, Armada Music, MrSuicideSheep, Trap City, Chill Nation, House Nation, Blanco y Negro Music, RotonMusicTV, 20th Century Fox, keyshiacole, NellyVEVO, Trey Songz, The Late Show with Stephen Colbert, Inside Edition]
2018-06-19 21:53:37 - Parsing channel: Team Coco
2018-06-19 21:54:31 - Queue: [Saturday Night Live, OneRepublic, BBC Radio 1, Talent Recap, David Dobrik, RoadTrip TV, 1theK (원더케이), Mnet K-POP, BLACKPINK, Big Marvel, jypentertainment, Hardwell, Proximity, NoCopyrightSounds, Armada Music, MrSuicideSheep, Trap City, Chill Nation, House Nation, Blanco y Negro Music, RotonMusicTV, 20th Century Fox, keyshiacole, NellyVEVO, Trey Songz, The Late Show with Stephen Colbert, Inside Edition]
2018-06-19 21:54:32 - Parsing channel: Late Night with Seth Meyers
2018-06-19 21:54:52 - Channel visited: The Daily Show with Trevor Noah - UCwWhs_6x42TyRM4Wstoq8HA - Kategoria: Comedy
2018-06-19 21:55:09 - Queue: [OneRepublic, BBC Radio 1, Talent Recap, David Dobrik, RoadTrip TV, 1theK (원더케이), Mnet K-POP, BLACKPINK, Big Marvel, jypentertainment, Hardwell, Proximity, NoCopyrightSounds, Armada Music, MrSuicideSheep, Trap City, Chill Nation, House Nation, Blanco y Negro Music, RotonMusicTV, 20th Century Fox, keyshiacole, NellyVEVO, Trey Songz, The Late Show with Stephen Colbert, Inside Edition, The Daily Show with Trevor Noah]
2018-06-19 21:55:10 - Parsing channel: Saturday Night Live
2018-06-19 21:55:46 - Channel visited: Comedy Central - UCUsN5ZwHx2kILm84-jPDeXw - Kategoria: Comedy
2018-06-19 21:55:46 - Queue: [BBC Radio 1, Talent Recap, David Dobrik, RoadTrip TV, 1theK (원더케이), Mnet K-POP, BLACKPINK, Big Marvel, jypentertainment, Hardwell, Proximity, NoCopyrightSounds, Armada Music, MrSuicideSheep, Trap City, Chill Nation, House Nation, Blanco y Negro Music, RotonMusicTV, 20th Century Fox, keyshiacole, NellyVEVO, Trey Songz, The Late Show with Stephen Colbert, Inside Edition, The Daily Show with Trevor Noah, Comedy Central]
2018-06-19 21:55:47 - Parsing channel: OneRepublic
2018-06-19 21:55:58 - Channel visited: Passenger - UCFHtCB_FWXQ8GpjgfYcD8-g - Kategoria: Music
2018-06-19 21:56:10 - Channel visited: Linkin Park - UCZU9T1ceaOgwfLRq7OKFU4Q - Kategoria: Music
2018-06-19 21:56:11 - Queue: [Talent Recap, David Dobrik, RoadTrip TV, 1theK (원더케이), Mnet K-POP, BLACKPINK, Big Marvel, jypentertainment, Hardwell, Proximity, NoCopyrightSounds, Armada Music, MrSuicideSheep, Trap City, Chill Nation, House Nation, Blanco y Negro Music, RotonMusicTV, 20th Century Fox, keyshiacole, NellyVEVO, Trey Songz, The Late Show with Stephen Colbert, Inside Edition, The Daily Show with Trevor Noah, Comedy Central, Passenger, Linkin Park]
2018-06-19 21:56:11 - Parsing channel: BBC Radio 1
2018-06-19 21:56:24 - Channel visited: BBCRadio1VEVO - UCKoafhJ9dkAWaEvlXCiBBwA - Kategoria: Music
2018-06-19 21:57:11 - Channel added to database: Talent Recap
2018-06-19 21:57:11 - Queue: [David Dobrik, RoadTrip TV, 1theK (원더케이), Mnet K-POP, BLACKPINK, Big Marvel, jypentertainment, Hardwell, Proximity, NoCopyrightSounds, Armada Music, MrSuicideSheep, Trap City, Chill Nation, House Nation, Blanco y Negro Music, RotonMusicTV, 20th Century Fox, keyshiacole, NellyVEVO, Trey Songz, The Late Show with Stephen Colbert, Inside Edition, The Daily Show with Trevor Noah, Comedy Central, Passenger, Linkin Park, BBCRadio1VEVO]
2018-06-19 21:57:11 - Parsing channel: Talent Recap
2018-06-19 21:57:23 - Channel visited: America's Got Talent - UCT2X19JJaJGUN7mrYuImANQ - Kategoria: Entertainment
2018-06-19 21:57:43 - Channel visited: Anthony Ying - UCVjh0oZ3Ug5-s3WX1awxblQ - Kategoria: Entertainment
2018-06-19 21:57:53 - Channel visited: Britain's Got Talent - UCUtZaxDF3hD5VK4xRYFBePQ - Kategoria: Entertainment
2018-06-19 21:58:16 - Queue: [RoadTrip TV, 1theK (원더케이), Mnet K-POP, BLACKPINK, Big Marvel, jypentertainment, Hardwell, Proximity, NoCopyrightSounds, Armada Music, MrSuicideSheep, Trap City, Chill Nation, House Nation, Blanco y Negro Music, RotonMusicTV, 20th Century Fox, keyshiacole, NellyVEVO, Trey Songz, The Late Show with Stephen Colbert, Inside Edition, The Daily Show with Trevor Noah, Comedy Central, Passenger, Linkin Park, BBCRadio1VEVO, America's Got Talent, Anthony Ying, Britain's Got Talent]
2018-06-19 21:58:17 - Parsing channel: David Dobrik
2018-06-19 21:58:29 - Channel visited: Liza Koshy - UCxSz6JVYmzVhtkraHWZC7HQ - Kategoria: Comedy
2018-06-19 21:58:39 - Channel visited: Liza Koshy Too - UChoTvF02Cv74FF72OaJtTMA - Kategoria: Comedy
2018-06-19 21:58:50 - Channel visited: Zane Hijazi - UCiIFLzjBUX5WpkVqVDVWMTQ - Kategoria: People & Blogs
2018-06-19 21:58:53 - Channel visited: emma chamberlain - UC78cxCAcp7JfQPgKxYdyGrg - Kategoria: Entertainment
2018-06-19 21:59:03 - Channel visited: Scotty Sire - UCptRmkkO5t2wGbF2qyjaMCA - Kategoria: Comedy
2018-06-19 21:59:12 - Channel added to database: RoadTrip TV
2018-06-19 21:59:12 - Queue: [1theK (원더케이), Mnet K-POP, BLACKPINK, Big Marvel, jypentertainment, Hardwell, Proximity, NoCopyrightSounds, Armada Music, MrSuicideSheep, Trap City, Chill Nation, House Nation, Blanco y Negro Music, RotonMusicTV, 20th Century Fox, keyshiacole, NellyVEVO, Trey Songz, The Late Show with Stephen Colbert, Inside Edition, The Daily Show with Trevor Noah, Comedy Central, Passenger, Linkin Park, BBCRadio1VEVO, America's Got Talent, Anthony Ying, Britain's Got Talent, Liza Koshy, Liza Koshy Too, Zane Hijazi, emma chamberlain, Scotty Sire]
2018-06-19 21:59:12 - Parsing channel: RoadTrip TV
2018-06-19 21:59:18 - Channel visited: Cimorelli - UCTKDB3h5zMdf_2siDHsd_yw - Kategoria: Music
2018-06-19 21:59:28 - Channel visited: Why Don't We - UCgJMQU7JOIoP-YnrhH_P-bA - Kategoria: Music
2018-06-19 21:59:31 - Channel visited: HRVY - UC-jHioVmLr8Cb1lFBIZD2hQ - Kategoria: null
2018-06-19 21:59:42 - Channel visited: Angelic - UCMeIr7G168Ia1DY4Yon8wtQ - Kategoria: Music
2018-06-19 21:59:45 - Queue: [Mnet K-POP, BLACKPINK, Big Marvel, jypentertainment, Hardwell, Proximity, NoCopyrightSounds, Armada Music, MrSuicideSheep, Trap City, Chill Nation, House Nation, Blanco y Negro Music, RotonMusicTV, 20th Century Fox, keyshiacole, NellyVEVO, Trey Songz, The Late Show with Stephen Colbert, Inside Edition, The Daily Show with Trevor Noah, Comedy Central, Passenger, Linkin Park, BBCRadio1VEVO, America's Got Talent, Anthony Ying, Britain's Got Talent, Liza Koshy, Liza Koshy Too, Zane Hijazi, emma chamberlain, Scotty Sire, Cimorelli, Why Don't We, HRVY, Angelic]
2018-06-19 21:59:45 - Parsing channel: 1theK (원더케이)
2018-06-19 21:59:56 - Channel visited: Stone Music Entertainment - UC_pwIXKXNm5KGhdEVzmY60A - Kategoria: Music
2018-06-19 22:00:14 - Channel visited: Mnet Official - UCepUWUpH45hRTi-QePdq1Bg - Kategoria: Entertainment
2018-06-19 22:00:33 - Channel visited: 딩고 뮤직 / dingo music - UCtCiO5t2voB14CmZKTkIzPQ - Kategoria: Music
2018-06-19 22:00:33 - Queue: [BLACKPINK, Big Marvel, jypentertainment, Hardwell, Proximity, NoCopyrightSounds, Armada Music, MrSuicideSheep, Trap City, Chill Nation, House Nation, Blanco y Negro Music, RotonMusicTV, 20th Century Fox, keyshiacole, NellyVEVO, Trey Songz, The Late Show with Stephen Colbert, Inside Edition, The Daily Show with Trevor Noah, Comedy Central, Passenger, Linkin Park, BBCRadio1VEVO, America's Got Talent, Anthony Ying, Britain's Got Talent, Liza Koshy, Liza Koshy Too, Zane Hijazi, emma chamberlain, Scotty Sire, Cimorelli, Why Don't We, HRVY, Angelic, Stone Music Entertainment, Mnet Official, 딩고 뮤직 / dingo music]
2018-06-19 22:00:34 - Parsing channel: Mnet K-POP
2018-06-19 22:00:47 - Channel visited: MBCkpop - UCe52oeb7Xv_KaJsEzcKXJJg - Kategoria: Music
2018-06-19 22:00:56 - Channel visited: KBSKpop - UCeLPm9yH_a_QH8n6445G-Ow - Kategoria: Entertainment
2018-06-19 22:01:13 - Channel visited: KOCOWA TV - UCAqlxq4Bs9PjI86M9lM18TA - Kategoria: Entertainment
2018-06-19 22:01:16 - Channel added to database: BLACKPINK
2018-06-19 22:01:16 - Queue: [Big Marvel, jypentertainment, Hardwell, Proximity, NoCopyrightSounds, Armada Music, MrSuicideSheep, Trap City, Chill Nation, House Nation, Blanco y Negro Music, RotonMusicTV, 20th Century Fox, keyshiacole, NellyVEVO, Trey Songz, The Late Show with Stephen Colbert, Inside Edition, The Daily Show with Trevor Noah, Comedy Central, Passenger, Linkin Park, BBCRadio1VEVO, America's Got Talent, Anthony Ying, Britain's Got Talent, Liza Koshy, Liza Koshy Too, Zane Hijazi, emma chamberlain, Scotty Sire, Cimorelli, Why Don't We, HRVY, Angelic, Stone Music Entertainment, Mnet Official, 딩고 뮤직 / dingo music, MBCkpop, KBSKpop, KOCOWA TV]
2018-06-19 22:01:16 - Parsing channel: BLACKPINK
2018-06-19 22:02:36 - Queue: [jypentertainment, Hardwell, Proximity, NoCopyrightSounds, Armada Music, MrSuicideSheep, Trap City, Chill Nation, House Nation, Blanco y Negro Music, RotonMusicTV, 20th Century Fox, keyshiacole, NellyVEVO, Trey Songz, The Late Show with Stephen Colbert, Inside Edition, The Daily Show with Trevor Noah, Comedy Central, Passenger, Linkin Park, BBCRadio1VEVO, America's Got Talent, Anthony Ying, Britain's Got Talent, Liza Koshy, Liza Koshy Too, Zane Hijazi, emma chamberlain, Scotty Sire, Cimorelli, Why Don't We, HRVY, Angelic, Stone Music Entertainment, Mnet Official, 딩고 뮤직 / dingo music, MBCkpop, KBSKpop, KOCOWA TV]
2018-06-19 22:02:37 - Parsing channel: Big Marvel
2018-06-19 22:03:00 - Channel visited: JFlaMusic - UClkRzsdvg7_RKVhwDwiDZOA - Kategoria: Music
2018-06-19 22:03:13 - Channel visited: QPark - UCEq2mmBydypRUvTlTgm_ghA - Kategoria: Entertainment
2018-06-19 22:03:46 - Channel visited: 1MILLION Dance Studio - UCw8ZhLPdQ0u_Y-TLKd61hGA - Kategoria: Entertainment
2018-06-19 22:03:56 - Queue: [Hardwell, Proximity, NoCopyrightSounds, Armada Music, MrSuicideSheep, Trap City, Chill Nation, House Nation, Blanco y Negro Music, RotonMusicTV, 20th Century Fox, keyshiacole, NellyVEVO, Trey Songz, The Late Show with Stephen Colbert, Inside Edition, The Daily Show with Trevor Noah, Comedy Central, Passenger, Linkin Park, BBCRadio1VEVO, America's Got Talent, Anthony Ying, Britain's Got Talent, Liza Koshy, Liza Koshy Too, Zane Hijazi, emma chamberlain, Scotty Sire, Cimorelli, Why Don't We, HRVY, Angelic, Stone Music Entertainment, Mnet Official, 딩고 뮤직 / dingo music, MBCkpop, KBSKpop, KOCOWA TV, JFlaMusic, QPark, 1MILLION Dance Studio]
2018-06-19 22:03:57 - Parsing channel: jypentertainment
2018-06-19 22:04:58 - Channel added to database: Hardwell
2018-06-19 22:04:58 - Queue: [Proximity, NoCopyrightSounds, Armada Music, MrSuicideSheep, Trap City, Chill Nation, House Nation, Blanco y Negro Music, RotonMusicTV, 20th Century Fox, keyshiacole, NellyVEVO, Trey Songz, The Late Show with Stephen Colbert, Inside Edition, The Daily Show with Trevor Noah, Comedy Central, Passenger, Linkin Park, BBCRadio1VEVO, America's Got Talent, Anthony Ying, Britain's Got Talent, Liza Koshy, Liza Koshy Too, Zane Hijazi, emma chamberlain, Scotty Sire, Cimorelli, Why Don't We, HRVY, Angelic, Stone Music Entertainment, Mnet Official, 딩고 뮤직 / dingo music, MBCkpop, KBSKpop, KOCOWA TV, JFlaMusic, QPark, 1MILLION Dance Studio]
2018-06-19 22:04:58 - Parsing channel: Hardwell
2018-06-19 22:05:52 - Channel visited: Nik Cooper - UCaAlh3Iy7rAcO3MgD_O3Kkg - Kategoria: Entertainment
2018-06-19 22:05:52 - Queue: [NoCopyrightSounds, Armada Music, MrSuicideSheep, Trap City, Chill Nation, House Nation, Blanco y Negro Music, RotonMusicTV, 20th Century Fox, keyshiacole, NellyVEVO, Trey Songz, The Late Show with Stephen Colbert, Inside Edition, The Daily Show with Trevor Noah, Comedy Central, Passenger, Linkin Park, BBCRadio1VEVO, America's Got Talent, Anthony Ying, Britain's Got Talent, Liza Koshy, Liza Koshy Too, Zane Hijazi, emma chamberlain, Scotty Sire, Cimorelli, Why Don't We, HRVY, Angelic, Stone Music Entertainment, Mnet Official, 딩고 뮤직 / dingo music, MBCkpop, KBSKpop, KOCOWA TV, JFlaMusic, QPark, 1MILLION Dance Studio, Nik Cooper]
2018-06-19 22:05:53 - Parsing channel: Proximity
2018-06-19 22:06:14 - Queue: [Armada Music, MrSuicideSheep, Trap City, Chill Nation, House Nation, Blanco y Negro Music, RotonMusicTV, 20th Century Fox, keyshiacole, NellyVEVO, Trey Songz, The Late Show with Stephen Colbert, Inside Edition, The Daily Show with Trevor Noah, Comedy Central, Passenger, Linkin Park, BBCRadio1VEVO, America's Got Talent, Anthony Ying, Britain's Got Talent, Liza Koshy, Liza Koshy Too, Zane Hijazi, emma chamberlain, Scotty Sire, Cimorelli, Why Don't We, HRVY, Angelic, Stone Music Entertainment, Mnet Official, 딩고 뮤직 / dingo music, MBCkpop, KBSKpop, KOCOWA TV, JFlaMusic, QPark, 1MILLION Dance Studio, Nik Cooper]
2018-06-19 22:06:15 - Parsing channel: NoCopyrightSounds
2018-06-19 22:07:02 - Channel visited: Monstercat: Uncaged - UCJ6td3C9QlPO9O_J5dF4ZzA - Kategoria: Music
2018-06-19 22:07:15 - Queue: [MrSuicideSheep, Trap City, Chill Nation, House Nation, Blanco y Negro Music, RotonMusicTV, 20th Century Fox, keyshiacole, NellyVEVO, Trey Songz, The Late Show with Stephen Colbert, Inside Edition, The Daily Show with Trevor Noah, Comedy Central, Passenger, Linkin Park, BBCRadio1VEVO, America's Got Talent, Anthony Ying, Britain's Got Talent, Liza Koshy, Liza Koshy Too, Zane Hijazi, emma chamberlain, Scotty Sire, Cimorelli, Why Don't We, HRVY, Angelic, Stone Music Entertainment, Mnet Official, 딩고 뮤직 / dingo music, MBCkpop, KBSKpop, KOCOWA TV, JFlaMusic, QPark, 1MILLION Dance Studio, Nik Cooper, Monstercat: Uncaged]
2018-06-19 22:07:16 - Parsing channel: Armada Music
2018-06-19 22:08:15 - Channel visited: Revealed Recordings - UCnhHe0_bk_1_0So41vsZvWw - Kategoria: Music
2018-06-19 22:08:15 - Queue: [Trap City, Chill Nation, House Nation, Blanco y Negro Music, RotonMusicTV, 20th Century Fox, keyshiacole, NellyVEVO, Trey Songz, The Late Show with Stephen Colbert, Inside Edition, The Daily Show with Trevor Noah, Comedy Central, Passenger, Linkin Park, BBCRadio1VEVO, America's Got Talent, Anthony Ying, Britain's Got Talent, Liza Koshy, Liza Koshy Too, Zane Hijazi, emma chamberlain, Scotty Sire, Cimorelli, Why Don't We, HRVY, Angelic, Stone Music Entertainment, Mnet Official, 딩고 뮤직 / dingo music, MBCkpop, KBSKpop, KOCOWA TV, JFlaMusic, QPark, 1MILLION Dance Studio, Nik Cooper, Monstercat: Uncaged, Revealed Recordings]
2018-06-19 22:08:16 - Parsing channel: MrSuicideSheep
2018-06-19 22:08:38 - Channel visited: xKito Music - UCMOgdURr7d8pOVlc-alkfRg - Kategoria: Music
2018-06-19 22:09:01 - Channel visited: CloudKid - UCSa8IUd1uEjlREMa21I3ZPQ - Kategoria: Music
2018-06-19 22:09:20 - Channel visited: Koala Kontrol - UCBYg9_11ErMsFFNR66TRuLA - Kategoria: Music
2018-06-19 22:09:20 - Queue: [Chill Nation, House Nation, Blanco y Negro Music, RotonMusicTV, 20th Century Fox, keyshiacole, NellyVEVO, Trey Songz, The Late Show with Stephen Colbert, Inside Edition, The Daily Show with Trevor Noah, Comedy Central, Passenger, Linkin Park, BBCRadio1VEVO, America's Got Talent, Anthony Ying, Britain's Got Talent, Liza Koshy, Liza Koshy Too, Zane Hijazi, emma chamberlain, Scotty Sire, Cimorelli, Why Don't We, HRVY, Angelic, Stone Music Entertainment, Mnet Official, 딩고 뮤직 / dingo music, MBCkpop, KBSKpop, KOCOWA TV, JFlaMusic, QPark, 1MILLION Dance Studio, Nik Cooper, Monstercat: Uncaged, Revealed Recordings, xKito Music, CloudKid, Koala Kontrol]
2018-06-19 22:09:21 - Parsing channel: Trap City
2018-06-19 22:09:47 - Channel visited: TrapMusicHDTV - UCaB_KyYOjfNHBm0f-TvBmiw - Kategoria: Music
2018-06-19 22:10:07 - Channel visited: Trap Party - UC9Xnzk7NEdUzU6kJ9hncXHA - Kategoria: Music
2018-06-19 22:10:18 - Channel visited: Trap Music Now. - UCi2bIyFtz-JdI-ou8kaqsqg - Kategoria: Music
2018-06-19 22:10:18 - Queue: [House Nation, Blanco y Negro Music, RotonMusicTV, 20th Century Fox, keyshiacole, NellyVEVO, Trey Songz, The Late Show with Stephen Colbert, Inside Edition, The Daily Show with Trevor Noah, Comedy Central, Passenger, Linkin Park, BBCRadio1VEVO, America's Got Talent, Anthony Ying, Britain's Got Talent, Liza Koshy, Liza Koshy Too, Zane Hijazi, emma chamberlain, Scotty Sire, Cimorelli, Why Don't We, HRVY, Angelic, Stone Music Entertainment, Mnet Official, 딩고 뮤직 / dingo music, MBCkpop, KBSKpop, KOCOWA TV, JFlaMusic, QPark, 1MILLION Dance Studio, Nik Cooper, Monstercat: Uncaged, Revealed Recordings, xKito Music, CloudKid, Koala Kontrol, TrapMusicHDTV, Trap Party, Trap Music Now.]
2018-06-19 22:10:19 - Parsing channel: Chill Nation
2018-06-19 22:10:44 - Channel visited: Bass Nation - UCCvVpbYRgYjMN7mG7qQN0Pg - Kategoria: Music
2018-06-19 22:11:37 - Queue: [Blanco y Negro Music, RotonMusicTV, 20th Century Fox, keyshiacole, NellyVEVO, Trey Songz, The Late Show with Stephen Colbert, Inside Edition, The Daily Show with Trevor Noah, Comedy Central, Passenger, Linkin Park, BBCRadio1VEVO, America's Got Talent, Anthony Ying, Britain's Got Talent, Liza Koshy, Liza Koshy Too, Zane Hijazi, emma chamberlain, Scotty Sire, Cimorelli, Why Don't We, HRVY, Angelic, Stone Music Entertainment, Mnet Official, 딩고 뮤직 / dingo music, MBCkpop, KBSKpop, KOCOWA TV, JFlaMusic, QPark, 1MILLION Dance Studio, Nik Cooper, Monstercat: Uncaged, Revealed Recordings, xKito Music, CloudKid, Koala Kontrol, TrapMusicHDTV, Trap Party, Trap Music Now., Bass Nation]
2018-06-19 22:11:40 - Parsing channel: House Nation
2018-06-19 22:12:59 - Queue: [RotonMusicTV, 20th Century Fox, keyshiacole, NellyVEVO, Trey Songz, The Late Show with Stephen Colbert, Inside Edition, The Daily Show with Trevor Noah, Comedy Central, Passenger, Linkin Park, BBCRadio1VEVO, America's Got Talent, Anthony Ying, Britain's Got Talent, Liza Koshy, Liza Koshy Too, Zane Hijazi, emma chamberlain, Scotty Sire, Cimorelli, Why Don't We, HRVY, Angelic, Stone Music Entertainment, Mnet Official, 딩고 뮤직 / dingo music, MBCkpop, KBSKpop, KOCOWA TV, JFlaMusic, QPark, 1MILLION Dance Studio, Nik Cooper, Monstercat: Uncaged, Revealed Recordings, xKito Music, CloudKid, Koala Kontrol, TrapMusicHDTV, Trap Party, Trap Music Now., Bass Nation]
2018-06-19 22:13:00 - Parsing channel: Blanco y Negro Music
2018-06-19 22:13:52 - Channel visited: Cat Music - UCCTR5nIFvWBW9MeGEGPNG4g - Kategoria: Music
2018-06-19 22:13:53 - Queue: [20th Century Fox, keyshiacole, NellyVEVO, Trey Songz, The Late Show with Stephen Colbert, Inside Edition, The Daily Show with Trevor Noah, Comedy Central, Passenger, Linkin Park, BBCRadio1VEVO, America's Got Talent, Anthony Ying, Britain's Got Talent, Liza Koshy, Liza Koshy Too, Zane Hijazi, emma chamberlain, Scotty Sire, Cimorelli, Why Don't We, HRVY, Angelic, Stone Music Entertainment, Mnet Official, 딩고 뮤직 / dingo music, MBCkpop, KBSKpop, KOCOWA TV, JFlaMusic, QPark, 1MILLION Dance Studio, Nik Cooper, Monstercat: Uncaged, Revealed Recordings, xKito Music, CloudKid, Koala Kontrol, TrapMusicHDTV, Trap Party, Trap Music Now., Bass Nation, Cat Music]
2018-06-19 22:13:53 - Parsing channel: RotonMusicTV
2018-06-19 22:14:20 - Channel visited: MediaPro Music - UC6oZDJZhFSFjSSHpzkyr03g - Kategoria: Music
2018-06-19 22:15:13 - Channel added to database: 20th Century Fox
2018-06-19 22:15:13 - Queue: [keyshiacole, NellyVEVO, Trey Songz, The Late Show with Stephen Colbert, Inside Edition, The Daily Show with Trevor Noah, Comedy Central, Passenger, Linkin Park, BBCRadio1VEVO, America's Got Talent, Anthony Ying, Britain's Got Talent, Liza Koshy, Liza Koshy Too, Zane Hijazi, emma chamberlain, Scotty Sire, Cimorelli, Why Don't We, HRVY, Angelic, Stone Music Entertainment, Mnet Official, 딩고 뮤직 / dingo music, MBCkpop, KBSKpop, KOCOWA TV, JFlaMusic, QPark, 1MILLION Dance Studio, Nik Cooper, Monstercat: Uncaged, Revealed Recordings, xKito Music, CloudKid, Koala Kontrol, TrapMusicHDTV, Trap Party, Trap Music Now., Bass Nation, Cat Music, MediaPro Music]
2018-06-19 22:15:14 - Parsing channel: 20th Century Fox
2018-06-19 22:15:27 - Channel visited: jacksfilms - UCPcFg7aBbaVzXoIKSNqwaww - Kategoria: Comedy
2018-06-19 22:15:39 - Channel visited: Movieclips Trailers - UCi8e0iOVk1fEOogdfu4YgfA - Kategoria: Film & Animation
2018-06-19 22:15:50 - Channel visited: ONE Media - UCzcRQ3vRNr6fJ1A9rqFn7QA - Kategoria: Film & Animation
2018-06-19 22:16:04 - Channel visited: Looper - UCP1iRaFlS5EYjJBryFV9JPw - Kategoria: Entertainment
2018-06-19 22:16:15 - Channel visited: CoolestClips - UCGUFNx36k4RQCx1jJbybh1A - Kategoria: Film & Animation
2018-06-19 22:16:26 - Channel visited: Movieclips - UC3gNmTGu-TTbFPpfSs5kNkg - Kategoria: Film & Animation
2018-06-19 22:16:28 - Channel added to database: keyshiacole
2018-06-19 22:16:28 - Queue: [NellyVEVO, Trey Songz, The Late Show with Stephen Colbert, Inside Edition, The Daily Show with Trevor Noah, Comedy Central, Passenger, Linkin Park, BBCRadio1VEVO, America's Got Talent, Anthony Ying, Britain's Got Talent, Liza Koshy, Liza Koshy Too, Zane Hijazi, emma chamberlain, Scotty Sire, Cimorelli, Why Don't We, HRVY, Angelic, Stone Music Entertainment, Mnet Official, 딩고 뮤직 / dingo music, MBCkpop, KBSKpop, KOCOWA TV, JFlaMusic, QPark, 1MILLION Dance Studio, Nik Cooper, Monstercat: Uncaged, Revealed Recordings, xKito Music, CloudKid, Koala Kontrol, TrapMusicHDTV, Trap Party, Trap Music Now., Bass Nation, Cat Music, MediaPro Music, jacksfilms, Movieclips Trailers, ONE Media, Looper, CoolestClips, Movieclips]
2018-06-19 22:16:29 - Parsing channel: keyshiacole
2018-06-19 22:16:33 - Channel visited: Mary J Blige - UCj5CgwX_iJEqJsqUJyYjg4A - Kategoria: People & Blogs
2018-06-19 22:16:43 - Channel visited: RKellyTV - UCkln_Dk0Ej9N5yudDTHDwxw - Kategoria: Music
2018-06-19 22:16:57 - Channel added to database: NellyVEVO
2018-06-19 22:16:57 - Queue: [Trey Songz, The Late Show with Stephen Colbert, Inside Edition, The Daily Show with Trevor Noah, Comedy Central, Passenger, Linkin Park, BBCRadio1VEVO, America's Got Talent, Anthony Ying, Britain's Got Talent, Liza Koshy, Liza Koshy Too, Zane Hijazi, emma chamberlain, Scotty Sire, Cimorelli, Why Don't We, HRVY, Angelic, Stone Music Entertainment, Mnet Official, 딩고 뮤직 / dingo music, MBCkpop, KBSKpop, KOCOWA TV, JFlaMusic, QPark, 1MILLION Dance Studio, Nik Cooper, Monstercat: Uncaged, Revealed Recordings, xKito Music, CloudKid, Koala Kontrol, TrapMusicHDTV, Trap Party, Trap Music Now., Bass Nation, Cat Music, MediaPro Music, jacksfilms, Movieclips Trailers, ONE Media, Looper, CoolestClips, Movieclips, Mary J Blige, RKellyTV]
2018-06-19 22:16:58 - Parsing channel: NellyVEVO
2018-06-19 22:17:03 - Channel visited: 50 Cent - UC8zJedg1f4sKnyuHWeS6vyw - Kategoria: Music
2018-06-19 22:17:06 - Channel visited: ChrisBrownTV - UCcYrdFJF7hmPXRNaWdrko4w - Kategoria: Music
2018-06-19 22:17:28 - Channel visited: Atlantic Records - UCe4LM_eKc9ywRmVuBm5pjQg - Kategoria: Music
2018-06-19 22:17:32 - Channel visited: EminemMusic - UCfM3zsQsOnfWNUppiycmBuw - Kategoria: Music
2018-06-19 22:17:37 - Channel added to database: Trey Songz
2018-06-19 22:17:37 - Queue: [The Late Show with Stephen Colbert, Inside Edition, The Daily Show with Trevor Noah, Comedy Central, Passenger, Linkin Park, BBCRadio1VEVO, America's Got Talent, Anthony Ying, Britain's Got Talent, Liza Koshy, Liza Koshy Too, Zane Hijazi, emma chamberlain, Scotty Sire, Cimorelli, Why Don't We, HRVY, Angelic, Stone Music Entertainment, Mnet Official, 딩고 뮤직 / dingo music, MBCkpop, KBSKpop, KOCOWA TV, JFlaMusic, QPark, 1MILLION Dance Studio, Nik Cooper, Monstercat: Uncaged, Revealed Recordings, xKito Music, CloudKid, Koala Kontrol, TrapMusicHDTV, Trap Party, Trap Music Now., Bass Nation, Cat Music, MediaPro Music, jacksfilms, Movieclips Trailers, ONE Media, Looper, CoolestClips, Movieclips, Mary J Blige, RKellyTV, 50 Cent, ChrisBrownTV, Atlantic Records, EminemMusic]
2018-06-19 22:17:37 - Parsing channel: Trey Songz
2018-06-19 22:17:52 - Channel visited: WORLDSTARHIPHOP - UC-yXuc1__OzjwpsJPlxYUCQ - Kategoria: Music
2018-06-19 22:17:56 - Channel visited: ushertv - UCaNrhBiXsXIM2epDl_kEzgQ - Kategoria: Music
2018-06-19 22:17:59 - Channel visited: Nicki Minaj - UC3jOd7GUMhpgJRBhiLzuLsg - Kategoria: Music
2018-06-19 22:18:06 - Queue: [Inside Edition, The Daily Show with Trevor Noah, Comedy Central, Passenger, Linkin Park, BBCRadio1VEVO, America's Got Talent, Anthony Ying, Britain's Got Talent, Liza Koshy, Liza Koshy Too, Zane Hijazi, emma chamberlain, Scotty Sire, Cimorelli, Why Don't We, HRVY, Angelic, Stone Music Entertainment, Mnet Official, 딩고 뮤직 / dingo music, MBCkpop, KBSKpop, KOCOWA TV, JFlaMusic, QPark, 1MILLION Dance Studio, Nik Cooper, Monstercat: Uncaged, Revealed Recordings, xKito Music, CloudKid, Koala Kontrol, TrapMusicHDTV, Trap Party, Trap Music Now., Bass Nation, Cat Music, MediaPro Music, jacksfilms, Movieclips Trailers, ONE Media, Looper, CoolestClips, Movieclips, Mary J Blige, RKellyTV, 50 Cent, ChrisBrownTV, Atlantic Records, EminemMusic, WORLDSTARHIPHOP, ushertv, Nicki Minaj]
2018-06-19 22:18:06 - Parsing channel: The Late Show with Stephen Colbert
2018-06-19 22:18:56 - Queue: [The Daily Show with Trevor Noah, Comedy Central, Passenger, Linkin Park, BBCRadio1VEVO, America's Got Talent, Anthony Ying, Britain's Got Talent, Liza Koshy, Liza Koshy Too, Zane Hijazi, emma chamberlain, Scotty Sire, Cimorelli, Why Don't We, HRVY, Angelic, Stone Music Entertainment, Mnet Official, 딩고 뮤직 / dingo music, MBCkpop, KBSKpop, KOCOWA TV, JFlaMusic, QPark, 1MILLION Dance Studio, Nik Cooper, Monstercat: Uncaged, Revealed Recordings, xKito Music, CloudKid, Koala Kontrol, TrapMusicHDTV, Trap Party, Trap Music Now., Bass Nation, Cat Music, MediaPro Music, jacksfilms, Movieclips Trailers, ONE Media, Looper, CoolestClips, Movieclips, Mary J Blige, RKellyTV, 50 Cent, ChrisBrownTV, Atlantic Records, EminemMusic, WORLDSTARHIPHOP, ushertv, Nicki Minaj]
2018-06-19 22:18:57 - Parsing channel: Inside Edition
2018-06-19 22:19:10 - Channel visited: INSIDER - UCHJuQZuzapBh-CuhRYxIZrg - Kategoria: Travel & Events
2018-06-19 22:19:21 - Channel visited: BuzzFeedVideo - UCpko_-a4wgz2u_DgDgd9fqA - Kategoria: People & Blogs
2018-06-19 22:19:31 - Channel visited: Barcroft TV - UCfwx98Wty7LhdlkxL5PZyLA - Kategoria: Trailers
2018-06-19 22:19:42 - Channel visited: ABC News - UCBi2mrWuNuyYy4gbM6fU18Q - Kategoria: Trailers
2018-06-19 22:19:53 - Channel visited: TLC - UCqf2gzmKtH3PaAbt-qgFFsw - Kategoria: Entertainment
2018-06-19 22:20:04 - Channel visited: Daily Dose Of Internet - UCdC0An4ZPNr_YiFiYoVbwaw - Kategoria: Entertainment
2018-06-19 22:20:04 - Queue: [Comedy Central, Passenger, Linkin Park, BBCRadio1VEVO, America's Got Talent, Anthony Ying, Britain's Got Talent, Liza Koshy, Liza Koshy Too, Zane Hijazi, emma chamberlain, Scotty Sire, Cimorelli, Why Don't We, HRVY, Angelic, Stone Music Entertainment, Mnet Official, 딩고 뮤직 / dingo music, MBCkpop, KBSKpop, KOCOWA TV, JFlaMusic, QPark, 1MILLION Dance Studio, Nik Cooper, Monstercat: Uncaged, Revealed Recordings, xKito Music, CloudKid, Koala Kontrol, TrapMusicHDTV, Trap Party, Trap Music Now., Bass Nation, Cat Music, MediaPro Music, jacksfilms, Movieclips Trailers, ONE Media, Looper, CoolestClips, Movieclips, Mary J Blige, RKellyTV, 50 Cent, ChrisBrownTV, Atlantic Records, EminemMusic, WORLDSTARHIPHOP, ushertv, Nicki Minaj, INSIDER, BuzzFeedVideo, Barcroft TV, ABC News, TLC, Daily Dose Of Internet]
2018-06-19 22:20:05 - Parsing channel: The Daily Show with Trevor Noah
2018-06-19 22:20:47 - Channel visited: CNN - UCupvZG-5ko_eiXAupbDfxWw - Kategoria: Trailers
2018-06-19 22:20:58 - Channel visited: The Young Turks - UC1yBKRuGpC1tSM73A0ZjYjQ - Kategoria: Trailers
2018-06-19 22:21:10 - Channel visited: LastWeekTonight - UC3XTzVzaHQEd30rQbuvCtTQ - Kategoria: Entertainment
2018-06-19 22:21:10 - Queue: [Passenger, Linkin Park, BBCRadio1VEVO, America's Got Talent, Anthony Ying, Britain's Got Talent, Liza Koshy, Liza Koshy Too, Zane Hijazi, emma chamberlain, Scotty Sire, Cimorelli, Why Don't We, HRVY, Angelic, Stone Music Entertainment, Mnet Official, 딩고 뮤직 / dingo music, MBCkpop, KBSKpop, KOCOWA TV, JFlaMusic, QPark, 1MILLION Dance Studio, Nik Cooper, Monstercat: Uncaged, Revealed Recordings, xKito Music, CloudKid, Koala Kontrol, TrapMusicHDTV, Trap Party, Trap Music Now., Bass Nation, Cat Music, MediaPro Music, jacksfilms, Movieclips Trailers, ONE Media, Looper, CoolestClips, Movieclips, Mary J Blige, RKellyTV, 50 Cent, ChrisBrownTV, Atlantic Records, EminemMusic, WORLDSTARHIPHOP, ushertv, Nicki Minaj, INSIDER, BuzzFeedVideo, Barcroft TV, ABC News, TLC, Daily Dose Of Internet, CNN, The Young Turks, LastWeekTonight]
2018-06-19 22:21:11 - Parsing channel: Comedy Central
2018-06-19 22:22:02 - Channel added to database: Passenger
2018-06-19 22:22:02 - Queue: [Linkin Park, BBCRadio1VEVO, America's Got Talent, Anthony Ying, Britain's Got Talent, Liza Koshy, Liza Koshy Too, Zane Hijazi, emma chamberlain, Scotty Sire, Cimorelli, Why Don't We, HRVY, Angelic, Stone Music Entertainment, Mnet Official, 딩고 뮤직 / dingo music, MBCkpop, KBSKpop, KOCOWA TV, JFlaMusic, QPark, 1MILLION Dance Studio, Nik Cooper, Monstercat: Uncaged, Revealed Recordings, xKito Music, CloudKid, Koala Kontrol, TrapMusicHDTV, Trap Party, Trap Music Now., Bass Nation, Cat Music, MediaPro Music, jacksfilms, Movieclips Trailers, ONE Media, Looper, CoolestClips, Movieclips, Mary J Blige, RKellyTV, 50 Cent, ChrisBrownTV, Atlantic Records, EminemMusic, WORLDSTARHIPHOP, ushertv, Nicki Minaj, INSIDER, BuzzFeedVideo, Barcroft TV, ABC News, TLC, Daily Dose Of Internet, CNN, The Young Turks, LastWeekTonight]
2018-06-19 22:22:03 - Parsing channel: Passenger
2018-06-19 22:22:31 - Queue: [BBCRadio1VEVO, America's Got Talent, Anthony Ying, Britain's Got Talent, Liza Koshy, Liza Koshy Too, Zane Hijazi, emma chamberlain, Scotty Sire, Cimorelli, Why Don't We, HRVY, Angelic, Stone Music Entertainment, Mnet Official, 딩고 뮤직 / dingo music, MBCkpop, KBSKpop, KOCOWA TV, JFlaMusic, QPark, 1MILLION Dance Studio, Nik Cooper, Monstercat: Uncaged, Revealed Recordings, xKito Music, CloudKid, Koala Kontrol, TrapMusicHDTV, Trap Party, Trap Music Now., Bass Nation, Cat Music, MediaPro Music, jacksfilms, Movieclips Trailers, ONE Media, Looper, CoolestClips, Movieclips, Mary J Blige, RKellyTV, 50 Cent, ChrisBrownTV, Atlantic Records, EminemMusic, WORLDSTARHIPHOP, ushertv, Nicki Minaj, INSIDER, BuzzFeedVideo, Barcroft TV, ABC News, TLC, Daily Dose Of Internet, CNN, The Young Turks, LastWeekTonight]
2018-06-19 22:22:31 - Parsing channel: Linkin Park
2018-06-19 22:22:37 - Channel visited: Green Day - UCqC_GY2ZiENFz2pwL0cSfAw - Kategoria: Music
2018-06-19 22:22:49 - Channel visited: Fueled By Ramen - UClVrJwcIy7saPcGc1nct80A - Kategoria: Music
2018-06-19 22:22:58 - Channel visited: Slipknot - UCOJZ1tna8yj8mAEITPkHNCQ - Kategoria: Music
2018-06-19 22:23:01 - Channel visited: Red Hot Chili Peppers - UCEuOwB9vSL1oPKGNdONB4ig - Kategoria: Music
2018-06-19 22:23:02 - Queue: [America's Got Talent, Anthony Ying, Britain's Got Talent, Liza Koshy, Liza Koshy Too, Zane Hijazi, emma chamberlain, Scotty Sire, Cimorelli, Why Don't We, HRVY, Angelic, Stone Music Entertainment, Mnet Official, 딩고 뮤직 / dingo music, MBCkpop, KBSKpop, KOCOWA TV, JFlaMusic, QPark, 1MILLION Dance Studio, Nik Cooper, Monstercat: Uncaged, Revealed Recordings, xKito Music, CloudKid, Koala Kontrol, TrapMusicHDTV, Trap Party, Trap Music Now., Bass Nation, Cat Music, MediaPro Music, jacksfilms, Movieclips Trailers, ONE Media, Looper, CoolestClips, Movieclips, Mary J Blige, RKellyTV, 50 Cent, ChrisBrownTV, Atlantic Records, EminemMusic, WORLDSTARHIPHOP, ushertv, Nicki Minaj, INSIDER, BuzzFeedVideo, Barcroft TV, ABC News, TLC, Daily Dose Of Internet, CNN, The Young Turks, LastWeekTonight, Green Day, Fueled By Ramen, Slipknot, Red Hot Chili Peppers]
2018-06-19 22:23:02 - Parsing channel: BBCRadio1VEVO
2018-06-19 22:23:26 - Channel visited: triple j - UCd2KNtfphz8HvYzM4pwtHmg - Kategoria: Entertainment
2018-06-19 22:23:49 - Channel visited: American Idol - UCAMPco9PqjBbI_MLsDOO4Jw - Kategoria: Entertainment
2018-06-19 22:23:50 - Queue: [Anthony Ying, Britain's Got Talent, Liza Koshy, Liza Koshy Too, Zane Hijazi, emma chamberlain, Scotty Sire, Cimorelli, Why Don't We, HRVY, Angelic, Stone Music Entertainment, Mnet Official, 딩고 뮤직 / dingo music, MBCkpop, KBSKpop, KOCOWA TV, JFlaMusic, QPark, 1MILLION Dance Studio, Nik Cooper, Monstercat: Uncaged, Revealed Recordings, xKito Music, CloudKid, Koala Kontrol, TrapMusicHDTV, Trap Party, Trap Music Now., Bass Nation, Cat Music, MediaPro Music, jacksfilms, Movieclips Trailers, ONE Media, Looper, CoolestClips, Movieclips, Mary J Blige, RKellyTV, 50 Cent, ChrisBrownTV, Atlantic Records, EminemMusic, WORLDSTARHIPHOP, ushertv, Nicki Minaj, INSIDER, BuzzFeedVideo, Barcroft TV, ABC News, TLC, Daily Dose Of Internet, CNN, The Young Turks, LastWeekTonight, Green Day, Fueled By Ramen, Slipknot, Red Hot Chili Peppers, triple j, American Idol]
2018-06-19 22:23:50 - Parsing channel: America's Got Talent
2018-06-19 22:24:39 - Channel visited: Len Ken - UCeBWh-0p7vgBeD6HOHBpfwQ - Kategoria: Entertainment
2018-06-19 22:24:49 - Channel visited: X Factor Global - UC6my_lD3kBECBifeq0n2mdg - Kategoria: Entertainment
2018-06-19 22:24:50 - Queue: [Britain's Got Talent, Liza Koshy, Liza Koshy Too, Zane Hijazi, emma chamberlain, Scotty Sire, Cimorelli, Why Don't We, HRVY, Angelic, Stone Music Entertainment, Mnet Official, 딩고 뮤직 / dingo music, MBCkpop, KBSKpop, KOCOWA TV, JFlaMusic, QPark, 1MILLION Dance Studio, Nik Cooper, Monstercat: Uncaged, Revealed Recordings, xKito Music, CloudKid, Koala Kontrol, TrapMusicHDTV, Trap Party, Trap Music Now., Bass Nation, Cat Music, MediaPro Music, jacksfilms, Movieclips Trailers, ONE Media, Looper, CoolestClips, Movieclips, Mary J Blige, RKellyTV, 50 Cent, ChrisBrownTV, Atlantic Records, EminemMusic, WORLDSTARHIPHOP, ushertv, Nicki Minaj, INSIDER, BuzzFeedVideo, Barcroft TV, ABC News, TLC, Daily Dose Of Internet, CNN, The Young Turks, LastWeekTonight, Green Day, Fueled By Ramen, Slipknot, Red Hot Chili Peppers, triple j, American Idol, Len Ken, X Factor Global]
2018-06-19 22:24:50 - Parsing channel: Anthony Ying
2018-06-19 22:25:55 - Queue: [Liza Koshy, Liza Koshy Too, Zane Hijazi, emma chamberlain, Scotty Sire, Cimorelli, Why Don't We, HRVY, Angelic, Stone Music Entertainment, Mnet Official, 딩고 뮤직 / dingo music, MBCkpop, KBSKpop, KOCOWA TV, JFlaMusic, QPark, 1MILLION Dance Studio, Nik Cooper, Monstercat: Uncaged, Revealed Recordings, xKito Music, CloudKid, Koala Kontrol, TrapMusicHDTV, Trap Party, Trap Music Now., Bass Nation, Cat Music, MediaPro Music, jacksfilms, Movieclips Trailers, ONE Media, Looper, CoolestClips, Movieclips, Mary J Blige, RKellyTV, 50 Cent, ChrisBrownTV, Atlantic Records, EminemMusic, WORLDSTARHIPHOP, ushertv, Nicki Minaj, INSIDER, BuzzFeedVideo, Barcroft TV, ABC News, TLC, Daily Dose Of Internet, CNN, The Young Turks, LastWeekTonight, Green Day, Fueled By Ramen, Slipknot, Red Hot Chili Peppers, triple j, American Idol, Len Ken, X Factor Global]
2018-06-19 22:25:55 - Parsing channel: Britain's Got Talent
2018-06-19 22:26:34 - Queue: [Liza Koshy Too, Zane Hijazi, emma chamberlain, Scotty Sire, Cimorelli, Why Don't We, HRVY, Angelic, Stone Music Entertainment, Mnet Official, 딩고 뮤직 / dingo music, MBCkpop, KBSKpop, KOCOWA TV, JFlaMusic, QPark, 1MILLION Dance Studio, Nik Cooper, Monstercat: Uncaged, Revealed Recordings, xKito Music, CloudKid, Koala Kontrol, TrapMusicHDTV, Trap Party, Trap Music Now., Bass Nation, Cat Music, MediaPro Music, jacksfilms, Movieclips Trailers, ONE Media, Looper, CoolestClips, Movieclips, Mary J Blige, RKellyTV, 50 Cent, ChrisBrownTV, Atlantic Records, EminemMusic, WORLDSTARHIPHOP, ushertv, Nicki Minaj, INSIDER, BuzzFeedVideo, Barcroft TV, ABC News, TLC, Daily Dose Of Internet, CNN, The Young Turks, LastWeekTonight, Green Day, Fueled By Ramen, Slipknot, Red Hot Chili Peppers, triple j, American Idol, Len Ken, X Factor Global]
2018-06-19 22:26:34 - Parsing channel: Liza Koshy
2018-06-19 22:26:55 - Channel visited: David Dobrik Too - UCef29bYGgUSoJjVkqhcAPkw - Kategoria: People & Blogs
2018-06-19 22:27:05 - Channel visited: shane - UCV9_KinVpV-snHe3C3n1hvA - Kategoria: Comedy
2018-06-19 22:27:12 - Channel visited: As/Is - UCay_OLhWtf9iklq8zg_or0g - Kategoria: People & Blogs
2018-06-19 22:27:22 - Channel visited: LaurDIY - UCap97Ue8K_BpKlrvQRYd6JA - Kategoria: Howto & Style
2018-06-19 22:27:22 - Queue: [Zane Hijazi, emma chamberlain, Scotty Sire, Cimorelli, Why Don't We, HRVY, Angelic, Stone Music Entertainment, Mnet Official, 딩고 뮤직 / dingo music, MBCkpop, KBSKpop, KOCOWA TV, JFlaMusic, QPark, 1MILLION Dance Studio, Nik Cooper, Monstercat: Uncaged, Revealed Recordings, xKito Music, CloudKid, Koala Kontrol, TrapMusicHDTV, Trap Party, Trap Music Now., Bass Nation, Cat Music, MediaPro Music, jacksfilms, Movieclips Trailers, ONE Media, Looper, CoolestClips, Movieclips, Mary J Blige, RKellyTV, 50 Cent, ChrisBrownTV, Atlantic Records, EminemMusic, WORLDSTARHIPHOP, ushertv, Nicki Minaj, INSIDER, BuzzFeedVideo, Barcroft TV, ABC News, TLC, Daily Dose Of Internet, CNN, The Young Turks, LastWeekTonight, Green Day, Fueled By Ramen, Slipknot, Red Hot Chili Peppers, triple j, American Idol, Len Ken, X Factor Global, David Dobrik Too, shane, As/Is, LaurDIY]
2018-06-19 22:27:23 - Parsing channel: Liza Koshy Too
2018-06-19 22:27:47 - Channel visited: Heath Hussar - UC32pwqMwtziyf0-LTOcrB3w - Kategoria: Comedy
2018-06-19 22:28:09 - Queue: [emma chamberlain, Scotty Sire, Cimorelli, Why Don't We, HRVY, Angelic, Stone Music Entertainment, Mnet Official, 딩고 뮤직 / dingo music, MBCkpop, KBSKpop, KOCOWA TV, JFlaMusic, QPark, 1MILLION Dance Studio, Nik Cooper, Monstercat: Uncaged, Revealed Recordings, xKito Music, CloudKid, Koala Kontrol, TrapMusicHDTV, Trap Party, Trap Music Now., Bass Nation, Cat Music, MediaPro Music, jacksfilms, Movieclips Trailers, ONE Media, Looper, CoolestClips, Movieclips, Mary J Blige, RKellyTV, 50 Cent, ChrisBrownTV, Atlantic Records, EminemMusic, WORLDSTARHIPHOP, ushertv, Nicki Minaj, INSIDER, BuzzFeedVideo, Barcroft TV, ABC News, TLC, Daily Dose Of Internet, CNN, The Young Turks, LastWeekTonight, Green Day, Fueled By Ramen, Slipknot, Red Hot Chili Peppers, triple j, American Idol, Len Ken, X Factor Global, David Dobrik Too, shane, As/Is, LaurDIY, Heath Hussar]
2018-06-19 22:28:09 - Parsing channel: Zane Hijazi
2018-06-19 22:28:30 - Channel visited: Brennen Taylor - UCj0lRqUVkLgTpHZxzyionQw - Kategoria: People & Blogs
2018-06-19 22:28:40 - Queue: [Scotty Sire, Cimorelli, Why Don't We, HRVY, Angelic, Stone Music Entertainment, Mnet Official, 딩고 뮤직 / dingo music, MBCkpop, KBSKpop, KOCOWA TV, JFlaMusic, QPark, 1MILLION Dance Studio, Nik Cooper, Monstercat: Uncaged, Revealed Recordings, xKito Music, CloudKid, Koala Kontrol, TrapMusicHDTV, Trap Party, Trap Music Now., Bass Nation, Cat Music, MediaPro Music, jacksfilms, Movieclips Trailers, ONE Media, Looper, CoolestClips, Movieclips, Mary J Blige, RKellyTV, 50 Cent, ChrisBrownTV, Atlantic Records, EminemMusic, WORLDSTARHIPHOP, ushertv, Nicki Minaj, INSIDER, BuzzFeedVideo, Barcroft TV, ABC News, TLC, Daily Dose Of Internet, CNN, The Young Turks, LastWeekTonight, Green Day, Fueled By Ramen, Slipknot, Red Hot Chili Peppers, triple j, American Idol, Len Ken, X Factor Global, David Dobrik Too, shane, As/Is, LaurDIY, Heath Hussar, Brennen Taylor]
2018-06-19 22:28:41 - Parsing channel: emma chamberlain
2018-06-19 22:29:15 - Channel visited: Ellie Thumann - UCphp36eGq0lzmZBCaepuX7g - Kategoria: Entertainment
2018-06-19 22:29:25 - Channel visited: Tana Mongeau Vlogs - UCcseTnvS6CC-mkIcwKfi-1A - Kategoria: Comedy
2018-06-19 22:29:46 - Queue: [Cimorelli, Why Don't We, HRVY, Angelic, Stone Music Entertainment, Mnet Official, 딩고 뮤직 / dingo music, MBCkpop, KBSKpop, KOCOWA TV, JFlaMusic, QPark, 1MILLION Dance Studio, Nik Cooper, Monstercat: Uncaged, Revealed Recordings, xKito Music, CloudKid, Koala Kontrol, TrapMusicHDTV, Trap Party, Trap Music Now., Bass Nation, Cat Music, MediaPro Music, jacksfilms, Movieclips Trailers, ONE Media, Looper, CoolestClips, Movieclips, Mary J Blige, RKellyTV, 50 Cent, ChrisBrownTV, Atlantic Records, EminemMusic, WORLDSTARHIPHOP, ushertv, Nicki Minaj, INSIDER, BuzzFeedVideo, Barcroft TV, ABC News, TLC, Daily Dose Of Internet, CNN, The Young Turks, LastWeekTonight, Green Day, Fueled By Ramen, Slipknot, Red Hot Chili Peppers, triple j, American Idol, Len Ken, X Factor Global, David Dobrik Too, shane, As/Is, LaurDIY, Heath Hussar, Brennen Taylor, Ellie Thumann, Tana Mongeau Vlogs]
2018-06-19 22:29:46 - Parsing channel: Scotty Sire
2018-06-19 22:30:18 - Channel visited: toddy smith - UCky4B_P_AJ9QST2RDdXODWw - Kategoria: People & Blogs
2018-06-19 22:30:29 - Channel visited: Kristen McAtee - UCM5IJtgRa-ScxnzmEqt0jJg - Kategoria: Entertainment
2018-06-19 22:30:59 - Channel added to database: Cimorelli
2018-06-19 22:30:59 - Queue: [Why Don't We, HRVY, Angelic, Stone Music Entertainment, Mnet Official, 딩고 뮤직 / dingo music, MBCkpop, KBSKpop, KOCOWA TV, JFlaMusic, QPark, 1MILLION Dance Studio, Nik Cooper, Monstercat: Uncaged, Revealed Recordings, xKito Music, CloudKid, Koala Kontrol, TrapMusicHDTV, Trap Party, Trap Music Now., Bass Nation, Cat Music, MediaPro Music, jacksfilms, Movieclips Trailers, ONE Media, Looper, CoolestClips, Movieclips, Mary J Blige, RKellyTV, 50 Cent, ChrisBrownTV, Atlantic Records, EminemMusic, WORLDSTARHIPHOP, ushertv, Nicki Minaj, INSIDER, BuzzFeedVideo, Barcroft TV, ABC News, TLC, Daily Dose Of Internet, CNN, The Young Turks, LastWeekTonight, Green Day, Fueled By Ramen, Slipknot, Red Hot Chili Peppers, triple j, American Idol, Len Ken, X Factor Global, David Dobrik Too, shane, As/Is, LaurDIY, Heath Hussar, Brennen Taylor, Ellie Thumann, Tana Mongeau Vlogs, toddy smith, Kristen McAtee]
2018-06-19 22:30:59 - Parsing channel: Cimorelli
2018-06-19 22:31:32 - Channel visited: Kurt Hugo Schneider - UCplkk3J5wrEl0TNrthHjq4Q - Kategoria: Entertainment
2018-06-19 22:31:42 - Channel visited: AwesomenessTV - UCWljxewHlJE3M7U_6_zFNyA - Kategoria: Entertainment
2018-06-19 22:32:01 - Channel visited: James Charles - UCucot-Zp428OwkyRm2I7v2Q - Kategoria: Entertainment
2018-06-19 22:32:03 - Channel added to database: Why Don't We
2018-06-19 22:32:03 - Queue: [HRVY, Angelic, Stone Music Entertainment, Mnet Official, 딩고 뮤직 / dingo music, MBCkpop, KBSKpop, KOCOWA TV, JFlaMusic, QPark, 1MILLION Dance Studio, Nik Cooper, Monstercat: Uncaged, Revealed Recordings, xKito Music, CloudKid, Koala Kontrol, TrapMusicHDTV, Trap Party, Trap Music Now., Bass Nation, Cat Music, MediaPro Music, jacksfilms, Movieclips Trailers, ONE Media, Looper, CoolestClips, Movieclips, Mary J Blige, RKellyTV, 50 Cent, ChrisBrownTV, Atlantic Records, EminemMusic, WORLDSTARHIPHOP, ushertv, Nicki Minaj, INSIDER, BuzzFeedVideo, Barcroft TV, ABC News, TLC, Daily Dose Of Internet, CNN, The Young Turks, LastWeekTonight, Green Day, Fueled By Ramen, Slipknot, Red Hot Chili Peppers, triple j, American Idol, Len Ken, X Factor Global, David Dobrik Too, shane, As/Is, LaurDIY, Heath Hussar, Brennen Taylor, Ellie Thumann, Tana Mongeau Vlogs, toddy smith, Kristen McAtee, Kurt Hugo Schneider, AwesomenessTV, James Charles]
2018-06-19 22:32:04 - Parsing channel: Why Don't We
2018-06-19 22:32:18 - Channel visited: Jake Paul - UCcgVECVN4OKV6DH1jLkqmcA - Kategoria: People & Blogs
2018-06-19 22:32:41 - Channel visited: BeautyChickee - UCAMDWbJh_rMzvH7g25JlaSw - Kategoria: Howto & Style
2018-06-19 22:33:01 - Channel visited: TheOfficialLoganPaul - UCbwMZHCMpBiOWfYLBOH-9Qw - Kategoria: Comedy
2018-06-19 22:33:10 - Queue: [HRVY, Angelic, Stone Music Entertainment, Mnet Official, 딩고 뮤직 / dingo music, MBCkpop, KBSKpop, KOCOWA TV, JFlaMusic, QPark, 1MILLION Dance Studio, Nik Cooper, Monstercat: Uncaged, Revealed Recordings, xKito Music, CloudKid, Koala Kontrol, TrapMusicHDTV, Trap Party, Trap Music Now., Bass Nation, Cat Music, MediaPro Music, jacksfilms, Movieclips Trailers, ONE Media, Looper, CoolestClips, Movieclips, Mary J Blige, RKellyTV, 50 Cent, ChrisBrownTV, Atlantic Records, EminemMusic, WORLDSTARHIPHOP, ushertv, Nicki Minaj, INSIDER, BuzzFeedVideo, Barcroft TV, ABC News, TLC, Daily Dose Of Internet, CNN, The Young Turks, LastWeekTonight, Green Day, Fueled By Ramen, Slipknot, Red Hot Chili Peppers, triple j, American Idol, Len Ken, X Factor Global, David Dobrik Too, shane, As/Is, LaurDIY, Heath Hussar, Brennen Taylor, Ellie Thumann, Tana Mongeau Vlogs, toddy smith, Kristen McAtee, Kurt Hugo Schneider, AwesomenessTV, James Charles, Jake Paul, BeautyChickee, TheOfficialLoganPaul]
2018-06-19 22:33:11 - Parsing channel: Katy Perry
2018-06-19 22:34:11 - Queue: [HRVY, Angelic, Stone Music Entertainment, Mnet Official, 딩고 뮤직 / dingo music, MBCkpop, KBSKpop, KOCOWA TV, JFlaMusic, QPark, 1MILLION Dance Studio, Nik Cooper, Monstercat: Uncaged, Revealed Recordings, xKito Music, CloudKid, Koala Kontrol, TrapMusicHDTV, Trap Party, Trap Music Now., Bass Nation, Cat Music, MediaPro Music, jacksfilms, Movieclips Trailers, ONE Media, Looper, CoolestClips, Movieclips, Mary J Blige, RKellyTV, 50 Cent, ChrisBrownTV, Atlantic Records, EminemMusic, WORLDSTARHIPHOP, ushertv, Nicki Minaj, INSIDER, BuzzFeedVideo, Barcroft TV, ABC News, TLC, Daily Dose Of Internet, CNN, The Young Turks, LastWeekTonight, Green Day, Fueled By Ramen, Slipknot, Red Hot Chili Peppers, triple j, American Idol, Len Ken, X Factor Global, David Dobrik Too, shane, As/Is, LaurDIY, Heath Hussar, Brennen Taylor, Ellie Thumann, Tana Mongeau Vlogs, toddy smith, Kristen McAtee, Kurt Hugo Schneider, AwesomenessTV, James Charles, Jake Paul, BeautyChickee, TheOfficialLoganPaul]
2018-06-19 22:34:12 - Parsing channel: Katy Perry
2018-06-19 22:35:13 - Queue: [HRVY, Angelic, Stone Music Entertainment, Mnet Official, 딩고 뮤직 / dingo music, MBCkpop, KBSKpop, KOCOWA TV, JFlaMusic, QPark, 1MILLION Dance Studio, Nik Cooper, Monstercat: Uncaged, Revealed Recordings, xKito Music, CloudKid, Koala Kontrol, TrapMusicHDTV, Trap Party, Trap Music Now., Bass Nation, Cat Music, MediaPro Music, jacksfilms, Movieclips Trailers, ONE Media, Looper, CoolestClips, Movieclips, Mary J Blige, RKellyTV, 50 Cent, ChrisBrownTV, Atlantic Records, EminemMusic, WORLDSTARHIPHOP, ushertv, Nicki Minaj, INSIDER, BuzzFeedVideo, Barcroft TV, ABC News, TLC, Daily Dose Of Internet, CNN, The Young Turks, LastWeekTonight, Green Day, Fueled By Ramen, Slipknot, Red Hot Chili Peppers, triple j, American Idol, Len Ken, X Factor Global, David Dobrik Too, shane, As/Is, LaurDIY, Heath Hussar, Brennen Taylor, Ellie Thumann, Tana Mongeau Vlogs, toddy smith, Kristen McAtee, Kurt Hugo Schneider, AwesomenessTV, James Charles, Jake Paul, BeautyChickee, TheOfficialLoganPaul]
2018-06-19 22:35:13 - Parsing channel: Katy Perry
2018-06-19 22:35:36 - Queue: [HRVY, Angelic, Stone Music Entertainment, Mnet Official, 딩고 뮤직 / dingo music, MBCkpop, KBSKpop, KOCOWA TV, JFlaMusic, QPark, 1MILLION Dance Studio, Nik Cooper, Monstercat: Uncaged, Revealed Recordings, xKito Music, CloudKid, Koala Kontrol, TrapMusicHDTV, Trap Party, Trap Music Now., Bass Nation, Cat Music, MediaPro Music, jacksfilms, Movieclips Trailers, ONE Media, Looper, CoolestClips, Movieclips, Mary J Blige, RKellyTV, 50 Cent, ChrisBrownTV, Atlantic Records, EminemMusic, WORLDSTARHIPHOP, ushertv, Nicki Minaj, INSIDER, BuzzFeedVideo, Barcroft TV, ABC News, TLC, Daily Dose Of Internet, CNN, The Young Turks, LastWeekTonight, Green Day, Fueled By Ramen, Slipknot, Red Hot Chili Peppers, triple j, American Idol, Len Ken, X Factor Global, David Dobrik Too, shane, As/Is, LaurDIY, Heath Hussar, Brennen Taylor, Ellie Thumann, Tana Mongeau Vlogs, toddy smith, Kristen McAtee, Kurt Hugo Schneider, AwesomenessTV, James Charles, Jake Paul, BeautyChickee, TheOfficialLoganPaul]
2018-06-19 22:35:36 - Parsing channel: Katy Perry
2018-06-19 22:35:51 - Queue: [HRVY, Angelic, Stone Music Entertainment, Mnet Official, 딩고 뮤직 / dingo music, MBCkpop, KBSKpop, KOCOWA TV, JFlaMusic, QPark, 1MILLION Dance Studio, Nik Cooper, Monstercat: Uncaged, Revealed Recordings, xKito Music, CloudKid, Koala Kontrol, TrapMusicHDTV, Trap Party, Trap Music Now., Bass Nation, Cat Music, MediaPro Music, jacksfilms, Movieclips Trailers, ONE Media, Looper, CoolestClips, Movieclips, Mary J Blige, RKellyTV, 50 Cent, ChrisBrownTV, Atlantic Records, EminemMusic, WORLDSTARHIPHOP, ushertv, Nicki Minaj, INSIDER, BuzzFeedVideo, Barcroft TV, ABC News, TLC, Daily Dose Of Internet, CNN, The Young Turks, LastWeekTonight, Green Day, Fueled By Ramen, Slipknot, Red Hot Chili Peppers, triple j, American Idol, Len Ken, X Factor Global, David Dobrik Too, shane, As/Is, LaurDIY, Heath Hussar, Brennen Taylor, Ellie Thumann, Tana Mongeau Vlogs, toddy smith, Kristen McAtee, Kurt Hugo Schneider, AwesomenessTV, James Charles, Jake Paul, BeautyChickee, TheOfficialLoganPaul]
2018-06-19 22:35:52 - Parsing channel: Katy Perry
2018-06-19 22:36:07 - Queue: [HRVY, Angelic, Stone Music Entertainment, Mnet Official, 딩고 뮤직 / dingo music, MBCkpop, KBSKpop, KOCOWA TV, JFlaMusic, QPark, 1MILLION Dance Studio, Nik Cooper, Monstercat: Uncaged, Revealed Recordings, xKito Music, CloudKid, Koala Kontrol, TrapMusicHDTV, Trap Party, Trap Music Now., Bass Nation, Cat Music, MediaPro Music, jacksfilms, Movieclips Trailers, ONE Media, Looper, CoolestClips, Movieclips, Mary J Blige, RKellyTV, 50 Cent, ChrisBrownTV, Atlantic Records, EminemMusic, WORLDSTARHIPHOP, ushertv, Nicki Minaj, INSIDER, BuzzFeedVideo, Barcroft TV, ABC News, TLC, Daily Dose Of Internet, CNN, The Young Turks, LastWeekTonight, Green Day, Fueled By Ramen, Slipknot, Red Hot Chili Peppers, triple j, American Idol, Len Ken, X Factor Global, David Dobrik Too, shane, As/Is, LaurDIY, Heath Hussar, Brennen Taylor, Ellie Thumann, Tana Mongeau Vlogs, toddy smith, Kristen McAtee, Kurt Hugo Schneider, AwesomenessTV, James Charles, Jake Paul, BeautyChickee, TheOfficialLoganPaul]
2018-06-19 22:36:07 - Parsing channel: Katy Perry
