2018-06-25 00:00:04 - Channel visited: Ariana Grande` - UC9CoOnJkIBMdeijd9qYoT_g - Kategoria: Music
2018-06-25 00:00:07 - Channel visited: Rihanna - UCcgqSM4YEo5vVQpqwN-MaNw - Kategoria: Entertainment
2018-06-25 00:00:10 - Channel visited: Nicki Minaj - UC3jOd7GUMhpgJRBhiLzuLsg - Kategoria: Music
2018-06-25 00:01:13 - Crawler has been started.
2018-06-25 00:01:15 - Queue: []
2018-06-25 00:01:16 - Parsing channel: Unbox Therapy
2018-06-25 00:01:27 - Channel visited: Linus Tech Tips - UCXuqSBlHAE6Xw-yeJA0Tunw - Kategoria: Science & Technology
2018-06-25 00:01:37 - Channel visited: EverythingApplePro - UCj34AOIMl_k1fF7hcBkD_dw - Kategoria: Entertainment
2018-06-25 00:01:47 - Channel visited: JerryRigEverything - UCWFKCr40YwOZQx8FHU_ZqqQ - Kategoria: Howto & Style
2018-06-25 00:01:47 - Queue: [EverythingApplePro, JerryRigEverything]
2018-06-25 00:01:48 - Parsing channel: Linus Tech Tips
2018-06-25 00:01:58 - Crawler has been started.
2018-06-25 00:02:02 - Queue: []
2018-06-25 00:02:03 - Parsing channel: Katy Perry
2018-06-25 00:02:07 - Channel visited: Ariana Grande` - UC9CoOnJkIBMdeijd9qYoT_g - Kategoria: Music
2018-06-25 00:02:10 - Channel visited: Rihanna - UCcgqSM4YEo5vVQpqwN-MaNw - Kategoria: Entertainment
2018-06-25 00:02:13 - Channel visited: Nicki Minaj - UC3jOd7GUMhpgJRBhiLzuLsg - Kategoria: Music
2018-06-25 00:02:16 - Channel visited: Marshmello - UCEdvpU2pFRCVqU6yIPyTpMQ - Kategoria: Music
2018-06-25 00:02:19 - Channel visited: Miley Cyrus - UCn7dB9UMTBDjKtEKBy_XISw - Kategoria: Entertainment
2018-06-25 00:02:23 - Channel visited: Ed Sheeran - UC0C-w0YjGpqDXGB8IHb662A - Kategoria: Music
2018-06-25 00:02:23 - Queue: [Rihanna, Nicki Minaj, Marshmello, Miley Cyrus, Ed Sheeran]
2018-06-25 00:02:23 - Parsing channel: Ariana Grande`
2018-06-25 00:02:31 - Channel visited: Fifth Harmony - UCMtpmPs9end-dTNwVq16g4Q - Kategoria: Music
2018-06-25 00:02:39 - Channel visited: Little Mix - UCIvqWqjC4aLvp7zI8hzARrA - Kategoria: Music
2018-06-25 00:02:39 - Queue: [Nicki Minaj, Marshmello, Miley Cyrus, Ed Sheeran, Fifth Harmony, Little Mix]
2018-06-25 00:02:40 - Parsing channel: Rihanna
2018-06-25 00:02:44 - Channel visited: Beyoncé - UCuHzBCaKmtaLcRAOoazhCPA - Kategoria: Music
2018-06-25 00:02:50 - Channel visited: EminemMusic - UCfM3zsQsOnfWNUppiycmBuw - Kategoria: Music
2018-06-25 00:02:53 - Channel visited: Britney Spears - UCgffc95YDBlkGrBAJUHUmXQ - Kategoria: Music
2018-06-25 00:02:55 - Queue: [Marshmello, Miley Cyrus, Ed Sheeran, Fifth Harmony, Little Mix, Beyoncé, EminemMusic, Britney Spears]
2018-06-25 00:02:56 - Parsing channel: Nicki Minaj
2018-06-25 00:03:00 - Channel visited: Cardi B - UCxMAbVFmxKUVGAll0WVGpFw - Kategoria: Music
2018-06-25 00:04:28 - Crawler has been started.
2018-06-25 00:04:30 - Queue: []
2018-06-25 00:04:31 - Parsing channel: Katy Perry
2018-06-25 00:04:36 - Channel visited: Ariana Grande` - UC9CoOnJkIBMdeijd9qYoT_g - Kategoria: Music
2018-06-25 00:04:39 - Channel visited: Rihanna - UCcgqSM4YEo5vVQpqwN-MaNw - Kategoria: Entertainment
2018-06-25 00:04:41 - Channel visited: Nicki Minaj - UC3jOd7GUMhpgJRBhiLzuLsg - Kategoria: Music
2018-06-25 00:04:44 - Channel visited: Marshmello - UCEdvpU2pFRCVqU6yIPyTpMQ - Kategoria: Music
2018-06-25 00:04:47 - Channel visited: Miley Cyrus - UCn7dB9UMTBDjKtEKBy_XISw - Kategoria: Entertainment
2018-06-25 00:04:51 - Channel visited: Ed Sheeran - UC0C-w0YjGpqDXGB8IHb662A - Kategoria: Music
2018-06-25 00:04:51 - Queue: [Rihanna, Nicki Minaj, Marshmello, Miley Cyrus, Ed Sheeran]
2018-06-25 00:04:51 - Parsing channel: Ariana Grande`
2018-06-25 00:05:00 - Channel visited: Fifth Harmony - UCMtpmPs9end-dTNwVq16g4Q - Kategoria: Music
2018-06-25 00:05:07 - Channel visited: Little Mix - UCIvqWqjC4aLvp7zI8hzARrA - Kategoria: Music
2018-06-25 00:05:07 - Queue: [Nicki Minaj, Marshmello, Miley Cyrus, Ed Sheeran, Fifth Harmony, Little Mix]
2018-06-25 00:05:08 - Parsing channel: Rihanna
2018-06-25 00:05:12 - Channel visited: Beyoncé - UCuHzBCaKmtaLcRAOoazhCPA - Kategoria: Music
2018-06-25 00:05:18 - Channel visited: EminemMusic - UCfM3zsQsOnfWNUppiycmBuw - Kategoria: Music
2018-06-25 00:05:21 - Channel visited: Britney Spears - UCgffc95YDBlkGrBAJUHUmXQ - Kategoria: Music
2018-06-25 00:05:23 - Queue: [Marshmello, Miley Cyrus, Ed Sheeran, Fifth Harmony, Little Mix, Beyoncé, EminemMusic, Britney Spears]
2018-06-25 00:05:23 - Parsing channel: Nicki Minaj
2018-06-25 00:05:29 - Channel visited: Cardi B - UCxMAbVFmxKUVGAll0WVGpFw - Kategoria: Music
2018-06-25 00:05:36 - Channel visited: Drake - UCByOQJjav0CUDwxCk-jVNRQ - Kategoria: Music
2018-06-25 00:05:45 - Channel visited: WORLDSTARHIPHOP - UC-yXuc1__OzjwpsJPlxYUCQ - Kategoria: Music
2018-06-25 00:05:46 - Queue: [Miley Cyrus, Ed Sheeran, Fifth Harmony, Little Mix, Beyoncé, EminemMusic, Britney Spears, Cardi B, Drake, WORLDSTARHIPHOP]
2018-06-25 00:05:46 - Parsing channel: Marshmello
2018-06-25 00:05:51 - Channel visited: Alan Walker - UCJrOtniJ0-NWz37R30urifQ - Kategoria: Music
2018-06-25 00:05:54 - Channel visited: Martin Garrix - UC5H_KXkPbEsGs0tFt8R35mA - Kategoria: Music
2018-06-25 00:06:03 - Channel visited: Spinnin' Records - UCpDJl2EmP7Oh90Vylx0dZtA - Kategoria: Music
2018-06-25 00:06:13 - Channel visited: Trap Nation - UCa10nxShhzNrCE1o2ZOPztg - Kategoria: Music
2018-06-25 00:06:16 - Channel visited: Skrillex - UC_TVqp_SyG6j5hG-xVRy95A - Kategoria: Music
2018-06-25 00:06:16 - Queue: [Ed Sheeran, Fifth Harmony, Little Mix, Beyoncé, EminemMusic, Britney Spears, Cardi B, Drake, WORLDSTARHIPHOP, Alan Walker, Martin Garrix, Spinnin' Records, Trap Nation, Skrillex]
2018-06-25 00:06:17 - Parsing channel: Miley Cyrus
2018-06-25 00:06:29 - Channel visited: Vevo - UC2pmfLm7iq6Ov1UwYrWYkZA - Kategoria: Music
2018-06-25 00:06:29 - Queue: [Fifth Harmony, Little Mix, Beyoncé, EminemMusic, Britney Spears, Cardi B, Drake, WORLDSTARHIPHOP, Alan Walker, Martin Garrix, Spinnin' Records, Trap Nation, Skrillex, Vevo]
2018-06-25 00:06:30 - Parsing channel: Ed Sheeran
2018-06-25 00:06:35 - Channel visited: Bruno Mars - UCoUM-UJ7rirJYP8CQ0EIaHA - Kategoria: Music
2018-06-25 00:06:39 - Channel visited: Maroon 5 - UCBVjMGOIkavEAhyqpxJ73Dw - Kategoria: Music
2018-06-25 00:06:47 - Channel visited: Justin Bieber - UCIwFjwMjI0y7PDBVEO9-bkQ - Kategoria: Entertainment
2018-06-25 00:06:48 - Queue: [Little Mix, Beyoncé, EminemMusic, Britney Spears, Cardi B, Drake, WORLDSTARHIPHOP, Alan Walker, Martin Garrix, Spinnin' Records, Trap Nation, Skrillex, Vevo, Bruno Mars, Maroon 5, Justin Bieber]
2018-06-25 00:06:50 - Parsing channel: Fifth Harmony
2018-06-25 00:06:58 - Channel visited: Jessie J - UC4pEp0mo54WhEBCTYvjVDJA - Kategoria: Music
2018-06-25 00:07:03 - Queue: [Beyoncé, EminemMusic, Britney Spears, Cardi B, Drake, WORLDSTARHIPHOP, Alan Walker, Martin Garrix, Spinnin' Records, Trap Nation, Skrillex, Vevo, Bruno Mars, Maroon 5, Justin Bieber, Jessie J]
2018-06-25 00:07:04 - Parsing channel: Little Mix
2018-06-25 00:07:22 - Channel visited: Bart Baker - UCazMm3tOCkYrIGE_17j0mVg - Kategoria: Comedy
2018-06-25 00:07:24 - Queue: [EminemMusic, Britney Spears, Cardi B, Drake, WORLDSTARHIPHOP, Alan Walker, Martin Garrix, Spinnin' Records, Trap Nation, Skrillex, Vevo, Bruno Mars, Maroon 5, Justin Bieber, Jessie J, Bart Baker]
2018-06-25 00:07:25 - Parsing channel: Beyoncé
2018-06-25 00:07:29 - Channel visited: NFrealmusic - UCoRR6OLuIZ2-5VxtnQIaN2w - Kategoria: Music
2018-06-25 00:07:37 - Channel visited: FIFATV - UCpcTrCXblq78GZrTUTLWeBw - Kategoria: Sports
2018-06-25 00:07:51 - Channel visited: HellthyJunkFood - UCY1Yc3xA1aY0lqnKUTDTi7A - Kategoria: Entertainment
2018-06-25 00:08:00 - Channel visited: Tasty - UCJFp8uSYCjXOMnkUyb3CQ3Q - Kategoria: Howto & Style
2018-06-25 00:08:00 - Queue: [Britney Spears, Cardi B, Drake, WORLDSTARHIPHOP, Alan Walker, Martin Garrix, Spinnin' Records, Trap Nation, Skrillex, Vevo, Bruno Mars, Maroon 5, Justin Bieber, Jessie J, Bart Baker, NFrealmusic, FIFATV, HellthyJunkFood, Tasty]
2018-06-25 00:08:01 - Parsing channel: EminemMusic
2018-06-25 00:08:06 - Channel visited: 50 Cent - UC8zJedg1f4sKnyuHWeS6vyw - Kategoria: Music
2018-06-25 00:08:21 - Channel visited: PewDiePie - UC-lHJZR3Gqxm24_Vd_AJ5Yw - Kategoria: Entertainment
2018-06-25 00:08:24 - Queue: [Cardi B, Drake, WORLDSTARHIPHOP, Alan Walker, Martin Garrix, Spinnin' Records, Trap Nation, Skrillex, Vevo, Bruno Mars, Maroon 5, Justin Bieber, Jessie J, Bart Baker, NFrealmusic, FIFATV, HellthyJunkFood, Tasty, 50 Cent, PewDiePie]
2018-06-25 00:08:24 - Parsing channel: Britney Spears
2018-06-25 00:08:35 - Channel visited: kesha - UCh1bAdm-p_kpf_-a2vpCyHw - Kategoria: Music
2018-06-25 00:08:37 - Queue: [Drake, WORLDSTARHIPHOP, Alan Walker, Martin Garrix, Spinnin' Records, Trap Nation, Skrillex, Vevo, Bruno Mars, Maroon 5, Justin Bieber, Jessie J, Bart Baker, NFrealmusic, FIFATV, HellthyJunkFood, Tasty, 50 Cent, PewDiePie, kesha]
2018-06-25 00:08:38 - Parsing channel: Cardi B
2018-06-25 00:08:59 - Channel visited: ESPN - UCiWLfSweyRNmLpgEHekhoAg - Kategoria: Sports
2018-06-25 00:09:09 - Channel visited: Simone Giertz - UC3KEoMzNz8eYnwBC34RaKCQ - Kategoria: Science & Technology
2018-06-25 00:09:17 - Channel visited: America's Got Talent - UCT2X19JJaJGUN7mrYuImANQ - Kategoria: Entertainment
2018-06-25 00:09:26 - Channel visited: James Charles - UCucot-Zp428OwkyRm2I7v2Q - Kategoria: Entertainment
2018-06-25 00:09:26 - Queue: [WORLDSTARHIPHOP, Alan Walker, Martin Garrix, Spinnin' Records, Trap Nation, Skrillex, Vevo, Bruno Mars, Maroon 5, Justin Bieber, Jessie J, Bart Baker, NFrealmusic, FIFATV, HellthyJunkFood, Tasty, 50 Cent, PewDiePie, kesha, ESPN, Simone Giertz, America's Got Talent, James Charles]
2018-06-25 00:09:27 - Parsing channel: Drake
2018-06-25 00:09:37 - Crawler has been started.
2018-06-25 00:09:41 - Queue: []
2018-06-25 00:09:41 - Parsing channel: Katy Perry
2018-06-25 00:09:46 - Channel visited: Ariana Grande` - UC9CoOnJkIBMdeijd9qYoT_g - Kategoria: Music
2018-06-25 00:09:49 - Channel visited: Rihanna - UCcgqSM4YEo5vVQpqwN-MaNw - Kategoria: Entertainment
2018-06-25 00:09:51 - Channel visited: Nicki Minaj - UC3jOd7GUMhpgJRBhiLzuLsg - Kategoria: Music
2018-06-25 00:09:54 - Channel visited: Marshmello - UCEdvpU2pFRCVqU6yIPyTpMQ - Kategoria: Music
2018-06-25 00:09:57 - Channel visited: Miley Cyrus - UCn7dB9UMTBDjKtEKBy_XISw - Kategoria: Entertainment
2018-06-25 00:10:01 - Channel visited: Ed Sheeran - UC0C-w0YjGpqDXGB8IHb662A - Kategoria: Music
2018-06-25 00:10:01 - Queue: [Rihanna, Nicki Minaj, Marshmello, Miley Cyrus, Ed Sheeran]
2018-06-25 00:10:01 - Parsing channel: Ariana Grande`
2018-06-25 00:10:09 - Channel visited: Fifth Harmony - UCMtpmPs9end-dTNwVq16g4Q - Kategoria: Music
2018-06-25 00:10:17 - Channel visited: Little Mix - UCIvqWqjC4aLvp7zI8hzARrA - Kategoria: Music
2018-06-25 00:10:17 - Queue: [Nicki Minaj, Marshmello, Miley Cyrus, Ed Sheeran, Fifth Harmony, Little Mix]
2018-06-25 00:10:17 - Parsing channel: Rihanna
2018-06-25 00:10:21 - Channel visited: Beyoncé - UCuHzBCaKmtaLcRAOoazhCPA - Kategoria: Music
2018-06-25 00:10:28 - Channel visited: EminemMusic - UCfM3zsQsOnfWNUppiycmBuw - Kategoria: Music
2018-06-25 00:10:30 - Channel visited: Britney Spears - UCgffc95YDBlkGrBAJUHUmXQ - Kategoria: Music
2018-06-25 00:10:32 - Queue: [Marshmello, Miley Cyrus, Ed Sheeran, Fifth Harmony, Little Mix, Beyoncé, EminemMusic, Britney Spears]
2018-06-25 00:10:33 - Parsing channel: Nicki Minaj
2018-06-25 00:10:37 - Channel visited: Cardi B - UCxMAbVFmxKUVGAll0WVGpFw - Kategoria: Music
2018-06-25 00:10:45 - Channel visited: Drake - UCByOQJjav0CUDwxCk-jVNRQ - Kategoria: Music
2018-06-25 00:10:53 - Channel visited: WORLDSTARHIPHOP - UC-yXuc1__OzjwpsJPlxYUCQ - Kategoria: Music
2018-06-25 00:10:54 - Queue: [Miley Cyrus, Ed Sheeran, Fifth Harmony, Little Mix, Beyoncé, EminemMusic, Britney Spears, Cardi B, Drake, WORLDSTARHIPHOP]
2018-06-25 00:10:54 - Parsing channel: Marshmello
2018-06-25 00:11:00 - Channel visited: Alan Walker - UCJrOtniJ0-NWz37R30urifQ - Kategoria: Music
2018-06-25 00:11:02 - Channel visited: Martin Garrix - UC5H_KXkPbEsGs0tFt8R35mA - Kategoria: Music
2018-06-25 00:11:06 - Channel visited: Spinnin' Records - UCpDJl2EmP7Oh90Vylx0dZtA - Kategoria: Music
2018-06-25 00:11:15 - Channel visited: Trap Nation - UCa10nxShhzNrCE1o2ZOPztg - Kategoria: Music
2018-06-25 00:11:18 - Channel visited: Skrillex - UC_TVqp_SyG6j5hG-xVRy95A - Kategoria: Music
2018-06-25 00:11:18 - Queue: [Ed Sheeran, Fifth Harmony, Little Mix, Beyoncé, EminemMusic, Britney Spears, Cardi B, Drake, WORLDSTARHIPHOP, Alan Walker, Martin Garrix, Spinnin' Records, Trap Nation, Skrillex]
2018-06-25 00:11:18 - Parsing channel: Miley Cyrus
2018-06-25 00:11:31 - Channel visited: Vevo - UC2pmfLm7iq6Ov1UwYrWYkZA - Kategoria: Music
2018-06-25 00:11:31 - Queue: [Fifth Harmony, Little Mix, Beyoncé, EminemMusic, Britney Spears, Cardi B, Drake, WORLDSTARHIPHOP, Alan Walker, Martin Garrix, Spinnin' Records, Trap Nation, Skrillex, Vevo]
2018-06-25 00:11:32 - Parsing channel: Ed Sheeran
2018-06-25 00:11:36 - Channel visited: Bruno Mars - UCoUM-UJ7rirJYP8CQ0EIaHA - Kategoria: Music
2018-06-25 00:11:39 - Channel visited: Maroon 5 - UCBVjMGOIkavEAhyqpxJ73Dw - Kategoria: Music
2018-06-25 00:11:48 - Channel visited: Justin Bieber - UCIwFjwMjI0y7PDBVEO9-bkQ - Kategoria: Entertainment
2018-06-25 00:11:48 - Queue: [Little Mix, Beyoncé, EminemMusic, Britney Spears, Cardi B, Drake, WORLDSTARHIPHOP, Alan Walker, Martin Garrix, Spinnin' Records, Trap Nation, Skrillex, Vevo, Bruno Mars, Maroon 5, Justin Bieber]
2018-06-25 00:11:49 - Parsing channel: Fifth Harmony
2018-06-25 00:11:56 - Channel visited: Jessie J - UC4pEp0mo54WhEBCTYvjVDJA - Kategoria: Music
2018-06-25 00:12:02 - Queue: [Beyoncé, EminemMusic, Britney Spears, Cardi B, Drake, WORLDSTARHIPHOP, Alan Walker, Martin Garrix, Spinnin' Records, Trap Nation, Skrillex, Vevo, Bruno Mars, Maroon 5, Justin Bieber, Jessie J]
2018-06-25 00:12:02 - Parsing channel: Little Mix
2018-06-25 00:12:19 - Channel visited: Bart Baker - UCazMm3tOCkYrIGE_17j0mVg - Kategoria: Comedy
2018-06-25 00:12:21 - Queue: [EminemMusic, Britney Spears, Cardi B, Drake, WORLDSTARHIPHOP, Alan Walker, Martin Garrix, Spinnin' Records, Trap Nation, Skrillex, Vevo, Bruno Mars, Maroon 5, Justin Bieber, Jessie J, Bart Baker]
2018-06-25 00:12:22 - Parsing channel: Beyoncé
2018-06-25 00:12:26 - Channel visited: NFrealmusic - UCoRR6OLuIZ2-5VxtnQIaN2w - Kategoria: Music
2018-06-25 00:12:34 - Channel visited: FIFATV - UCpcTrCXblq78GZrTUTLWeBw - Kategoria: Sports
2018-06-25 00:12:47 - Channel visited: HellthyJunkFood - UCY1Yc3xA1aY0lqnKUTDTi7A - Kategoria: Entertainment
2018-06-25 00:12:55 - Channel visited: Tasty - UCJFp8uSYCjXOMnkUyb3CQ3Q - Kategoria: Howto & Style
2018-06-25 00:12:55 - Queue: [Britney Spears, Cardi B, Drake, WORLDSTARHIPHOP, Alan Walker, Martin Garrix, Spinnin' Records, Trap Nation, Skrillex, Vevo, Bruno Mars, Maroon 5, Justin Bieber, Jessie J, Bart Baker, NFrealmusic, FIFATV, HellthyJunkFood, Tasty]
2018-06-25 00:12:56 - Parsing channel: EminemMusic
2018-06-25 00:13:01 - Channel visited: 50 Cent - UC8zJedg1f4sKnyuHWeS6vyw - Kategoria: Music
2018-06-25 00:13:13 - Channel visited: PewDiePie - UC-lHJZR3Gqxm24_Vd_AJ5Yw - Kategoria: Entertainment
2018-06-25 00:13:15 - Queue: [Cardi B, Drake, WORLDSTARHIPHOP, Alan Walker, Martin Garrix, Spinnin' Records, Trap Nation, Skrillex, Vevo, Bruno Mars, Maroon 5, Justin Bieber, Jessie J, Bart Baker, NFrealmusic, FIFATV, HellthyJunkFood, Tasty, 50 Cent, PewDiePie]
2018-06-25 00:13:15 - Parsing channel: Britney Spears
2018-06-25 00:13:26 - Channel visited: kesha - UCh1bAdm-p_kpf_-a2vpCyHw - Kategoria: Music
2018-06-25 00:13:28 - Queue: [Drake, WORLDSTARHIPHOP, Alan Walker, Martin Garrix, Spinnin' Records, Trap Nation, Skrillex, Vevo, Bruno Mars, Maroon 5, Justin Bieber, Jessie J, Bart Baker, NFrealmusic, FIFATV, HellthyJunkFood, Tasty, 50 Cent, PewDiePie, kesha]
2018-06-25 00:13:29 - Parsing channel: Cardi B
2018-06-25 00:13:48 - Channel visited: ESPN - UCiWLfSweyRNmLpgEHekhoAg - Kategoria: Sports
2018-06-25 00:13:58 - Channel visited: Simone Giertz - UC3KEoMzNz8eYnwBC34RaKCQ - Kategoria: Science & Technology
2018-06-25 00:14:07 - Channel visited: America's Got Talent - UCT2X19JJaJGUN7mrYuImANQ - Kategoria: Entertainment
2018-06-25 00:14:15 - Channel visited: James Charles - UCucot-Zp428OwkyRm2I7v2Q - Kategoria: Entertainment
2018-06-25 00:14:16 - Queue: [WORLDSTARHIPHOP, Alan Walker, Martin Garrix, Spinnin' Records, Trap Nation, Skrillex, Vevo, Bruno Mars, Maroon 5, Justin Bieber, Jessie J, Bart Baker, NFrealmusic, FIFATV, HellthyJunkFood, Tasty, 50 Cent, PewDiePie, kesha, ESPN, Simone Giertz, America's Got Talent, James Charles]
2018-06-25 00:14:16 - Parsing channel: Drake
2018-06-25 00:14:41 - Channel visited: KendrickLamarVEVO - UCoYfzC2zMlc9M-Odgaf6OSg - Kategoria: Music
2018-06-25 00:14:51 - Channel visited: Cole Bennett - Lyrical Lemonade - UCtylTUUVIGY_i5afsQYeBZA - Kategoria: Entertainment
2018-06-25 00:14:51 - Queue: [Alan Walker, Martin Garrix, Spinnin' Records, Trap Nation, Skrillex, Vevo, Bruno Mars, Maroon 5, Justin Bieber, Jessie J, Bart Baker, NFrealmusic, FIFATV, HellthyJunkFood, Tasty, 50 Cent, PewDiePie, kesha, ESPN, Simone Giertz, America's Got Talent, James Charles, KendrickLamarVEVO, Cole Bennett - Lyrical Lemonade]
2018-06-25 00:14:51 - Parsing channel: WORLDSTARHIPHOP
2018-06-25 00:15:06 - Channel visited: DJ Akademiks - UCs06q9pyRn8d8xy0NgzKPrA - Kategoria: Comedy
2018-06-25 00:15:15 - Channel visited: XXL - UCbg_UMjlHJg_19SZckaKajg - Kategoria: Music
2018-06-25 00:15:24 - Channel visited: Genius - UCyFZMEnm1il5Wv3a6tPscbA - Kategoria: Music
2018-06-25 00:15:33 - Channel visited: ZIAS! - UCwKTAvM2mY5-A4dFY4xCgqw - Kategoria: Entertainment
2018-06-25 00:15:41 - Channel visited: No Jumper - UCNNTZgxNQuBrhbO0VrG8woA - Kategoria: Entertainment
2018-06-25 00:15:41 - Queue: [Martin Garrix, Spinnin' Records, Trap Nation, Skrillex, Vevo, Bruno Mars, Maroon 5, Justin Bieber, Jessie J, Bart Baker, NFrealmusic, FIFATV, HellthyJunkFood, Tasty, 50 Cent, PewDiePie, kesha, ESPN, Simone Giertz, America's Got Talent, James Charles, KendrickLamarVEVO, Cole Bennett - Lyrical Lemonade, DJ Akademiks, XXL, Genius, ZIAS!, No Jumper]
2018-06-25 00:15:42 - Parsing channel: Alan Walker
2018-06-25 00:15:56 - Channel visited: JFlaMusic - UClkRzsdvg7_RKVhwDwiDZOA - Kategoria: Music
2018-06-25 00:16:06 - Channel visited: Big Marvel - UCgI8VzlDGsHCp0-9Een1eKw - Kategoria: Music
2018-06-25 00:16:09 - Queue: [Spinnin' Records, Trap Nation, Skrillex, Vevo, Bruno Mars, Maroon 5, Justin Bieber, Jessie J, Bart Baker, NFrealmusic, FIFATV, HellthyJunkFood, Tasty, 50 Cent, PewDiePie, kesha, ESPN, Simone Giertz, America's Got Talent, James Charles, KendrickLamarVEVO, Cole Bennett - Lyrical Lemonade, DJ Akademiks, XXL, Genius, ZIAS!, No Jumper, JFlaMusic, Big Marvel]
2018-06-25 00:16:09 - Parsing channel: Martin Garrix
2018-06-25 00:16:25 - Channel visited: David Guetta - UC1l7wYrva1qCH-wgqcHaaRg - Kategoria: Music
2018-06-25 00:16:32 - Channel visited: Major Lazer - UCMJ5Qf3sOvQpcYiai1Noa3Q - Kategoria: Music
2018-06-25 00:16:32 - Queue: [Trap Nation, Skrillex, Vevo, Bruno Mars, Maroon 5, Justin Bieber, Jessie J, Bart Baker, NFrealmusic, FIFATV, HellthyJunkFood, Tasty, 50 Cent, PewDiePie, kesha, ESPN, Simone Giertz, America's Got Talent, James Charles, KendrickLamarVEVO, Cole Bennett - Lyrical Lemonade, DJ Akademiks, XXL, Genius, ZIAS!, No Jumper, JFlaMusic, Big Marvel, David Guetta, Major Lazer]
2018-06-25 00:16:32 - Parsing channel: Spinnin' Records
2018-06-25 00:16:42 - Channel visited: Ultra Music - UC4rasfm9J-X4jNl9SvXp8xA - Kategoria: Music
2018-06-25 00:16:50 - Channel visited: Armada Music - UCGZXYc32ri4D0gSLPf2pZXQ - Kategoria: Music
2018-06-25 00:16:59 - Channel visited: Proximity - UC3ifTl5zKiCAhHIBQYcaTeg - Kategoria: Entertainment
2018-06-25 00:17:19 - Channel visited: MrSuicideSheep - UC5nc_ZtjKW1htCVZVRxlQAQ - Kategoria: Entertainment
2018-06-25 00:17:28 - Channel visited: Trap City - UC65afEgL62PGFWXY7n6CUbA - Kategoria: Music
2018-06-25 00:17:28 - Queue: [Skrillex, Vevo, Bruno Mars, Maroon 5, Justin Bieber, Jessie J, Bart Baker, NFrealmusic, FIFATV, HellthyJunkFood, Tasty, 50 Cent, PewDiePie, kesha, ESPN, Simone Giertz, America's Got Talent, James Charles, KendrickLamarVEVO, Cole Bennett - Lyrical Lemonade, DJ Akademiks, XXL, Genius, ZIAS!, No Jumper, JFlaMusic, Big Marvel, David Guetta, Major Lazer, Ultra Music, Armada Music, Proximity, MrSuicideSheep, Trap City]
2018-06-25 00:17:29 - Parsing channel: Trap Nation
2018-06-25 00:17:47 - Channel visited: Chill Nation - UCM9KEEuzacwVlkt9JfJad7g - Kategoria: Music
2018-06-25 00:18:04 - Channel visited: House Nation - UCj_Y-xJ2DRDGP4ilfzplCOQ - Kategoria: Music
2018-06-25 00:18:21 - Channel visited: NoCopyrightSounds - UC_aEa8K-EOJ3D6gOs7HcyNg - Kategoria: Music
2018-06-25 00:18:22 - Queue: [Vevo, Bruno Mars, Maroon 5, Justin Bieber, Jessie J, Bart Baker, NFrealmusic, FIFATV, HellthyJunkFood, Tasty, 50 Cent, PewDiePie, kesha, ESPN, Simone Giertz, America's Got Talent, James Charles, KendrickLamarVEVO, Cole Bennett - Lyrical Lemonade, DJ Akademiks, XXL, Genius, ZIAS!, No Jumper, JFlaMusic, Big Marvel, David Guetta, Major Lazer, Ultra Music, Armada Music, Proximity, MrSuicideSheep, Trap City, Chill Nation, House Nation, NoCopyrightSounds]
2018-06-25 00:18:22 - Parsing channel: Skrillex
2018-06-25 00:18:42 - Channel visited: DubstepGutter - UCG6QEHCBfWZOnv7UVxappyw - Kategoria: Music
2018-06-25 00:18:44 - Channel visited: Jack Ü - UCtuGozGshjqqErhHGEmHnJw - Kategoria: Music
2018-06-25 00:18:55 - Queue: [Bruno Mars, Maroon 5, Justin Bieber, Jessie J, Bart Baker, NFrealmusic, FIFATV, HellthyJunkFood, Tasty, 50 Cent, PewDiePie, kesha, ESPN, Simone Giertz, America's Got Talent, James Charles, KendrickLamarVEVO, Cole Bennett - Lyrical Lemonade, DJ Akademiks, XXL, Genius, ZIAS!, No Jumper, JFlaMusic, Big Marvel, David Guetta, Major Lazer, Ultra Music, Armada Music, Proximity, MrSuicideSheep, Trap City, Chill Nation, House Nation, NoCopyrightSounds, DubstepGutter, Jack Ü]
2018-06-25 00:18:55 - Parsing channel: Vevo
2018-06-25 00:19:18 - Queue: [Maroon 5, Justin Bieber, Jessie J, Bart Baker, NFrealmusic, FIFATV, HellthyJunkFood, Tasty, 50 Cent, PewDiePie, kesha, ESPN, Simone Giertz, America's Got Talent, James Charles, KendrickLamarVEVO, Cole Bennett - Lyrical Lemonade, DJ Akademiks, XXL, Genius, ZIAS!, No Jumper, JFlaMusic, Big Marvel, David Guetta, Major Lazer, Ultra Music, Armada Music, Proximity, MrSuicideSheep, Trap City, Chill Nation, House Nation, NoCopyrightSounds, DubstepGutter, Jack Ü]
2018-06-25 00:19:18 - Parsing channel: Bruno Mars
2018-06-25 00:19:33 - Channel visited: Katy Perry - UCYvmuw-JtVrTZQ-7Y4kd63Q - Kategoria: Music
2018-06-25 00:19:33 - Queue: [Justin Bieber, Jessie J, Bart Baker, NFrealmusic, FIFATV, HellthyJunkFood, Tasty, 50 Cent, PewDiePie, kesha, ESPN, Simone Giertz, America's Got Talent, James Charles, KendrickLamarVEVO, Cole Bennett - Lyrical Lemonade, DJ Akademiks, XXL, Genius, ZIAS!, No Jumper, JFlaMusic, Big Marvel, David Guetta, Major Lazer, Ultra Music, Armada Music, Proximity, MrSuicideSheep, Trap City, Chill Nation, House Nation, NoCopyrightSounds, DubstepGutter, Jack Ü, Katy Perry]
2018-06-25 00:19:34 - Parsing channel: Maroon 5
2018-06-25 00:19:53 - Queue: [Jessie J, Bart Baker, NFrealmusic, FIFATV, HellthyJunkFood, Tasty, 50 Cent, PewDiePie, kesha, ESPN, Simone Giertz, America's Got Talent, James Charles, KendrickLamarVEVO, Cole Bennett - Lyrical Lemonade, DJ Akademiks, XXL, Genius, ZIAS!, No Jumper, JFlaMusic, Big Marvel, David Guetta, Major Lazer, Ultra Music, Armada Music, Proximity, MrSuicideSheep, Trap City, Chill Nation, House Nation, NoCopyrightSounds, DubstepGutter, Jack Ü, Katy Perry]
2018-06-25 00:19:54 - Parsing channel: Justin Bieber
2018-06-25 00:20:07 - Queue: [Bart Baker, NFrealmusic, FIFATV, HellthyJunkFood, Tasty, 50 Cent, PewDiePie, kesha, ESPN, Simone Giertz, America's Got Talent, James Charles, KendrickLamarVEVO, Cole Bennett - Lyrical Lemonade, DJ Akademiks, XXL, Genius, ZIAS!, No Jumper, JFlaMusic, Big Marvel, David Guetta, Major Lazer, Ultra Music, Armada Music, Proximity, MrSuicideSheep, Trap City, Chill Nation, House Nation, NoCopyrightSounds, DubstepGutter, Jack Ü, Katy Perry]
2018-06-25 00:20:07 - Parsing channel: Jessie J
2018-06-25 00:20:19 - Queue: [NFrealmusic, FIFATV, HellthyJunkFood, Tasty, 50 Cent, PewDiePie, kesha, ESPN, Simone Giertz, America's Got Talent, James Charles, KendrickLamarVEVO, Cole Bennett - Lyrical Lemonade, DJ Akademiks, XXL, Genius, ZIAS!, No Jumper, JFlaMusic, Big Marvel, David Guetta, Major Lazer, Ultra Music, Armada Music, Proximity, MrSuicideSheep, Trap City, Chill Nation, House Nation, NoCopyrightSounds, DubstepGutter, Jack Ü, Katy Perry]
2018-06-25 00:20:20 - Parsing channel: Bart Baker
2018-06-25 00:20:31 - Channel visited: The Key of Awesome - UCEmCXnbNYz-MOtXi3lZ7W1Q - Kategoria: Comedy
2018-06-25 00:20:48 - Channel visited: Reaction Time - UChM5Ff2yVeIZ16EWiB081cg - Kategoria: Entertainment
2018-06-25 00:20:57 - Channel visited: RiceGum - UCDo9msNItILnyF_Y2eHaNQg - Kategoria: Entertainment
2018-06-25 00:21:07 - Channel visited: Jake Paul - UCcgVECVN4OKV6DH1jLkqmcA - Kategoria: People & Blogs
2018-06-25 00:21:15 - Channel visited: SSSniperWolf - UCpB959t8iPrxQWj7G6n0ctQ - Kategoria: Entertainment
2018-06-25 00:21:15 - Queue: [FIFATV, HellthyJunkFood, Tasty, 50 Cent, PewDiePie, kesha, ESPN, Simone Giertz, America's Got Talent, James Charles, KendrickLamarVEVO, Cole Bennett - Lyrical Lemonade, DJ Akademiks, XXL, Genius, ZIAS!, No Jumper, JFlaMusic, Big Marvel, David Guetta, Major Lazer, Ultra Music, Armada Music, Proximity, MrSuicideSheep, Trap City, Chill Nation, House Nation, NoCopyrightSounds, DubstepGutter, Jack Ü, Katy Perry, The Key of Awesome, Reaction Time, RiceGum, Jake Paul, SSSniperWolf]
2018-06-25 00:21:16 - Parsing channel: NFrealmusic
2018-06-25 00:21:43 - Queue: [HellthyJunkFood, Tasty, 50 Cent, PewDiePie, kesha, ESPN, Simone Giertz, America's Got Talent, James Charles, KendrickLamarVEVO, Cole Bennett - Lyrical Lemonade, DJ Akademiks, XXL, Genius, ZIAS!, No Jumper, JFlaMusic, Big Marvel, David Guetta, Major Lazer, Ultra Music, Armada Music, Proximity, MrSuicideSheep, Trap City, Chill Nation, House Nation, NoCopyrightSounds, DubstepGutter, Jack Ü, Katy Perry, The Key of Awesome, Reaction Time, RiceGum, Jake Paul, SSSniperWolf]
2018-06-25 00:21:44 - Parsing channel: FIFATV
2018-06-25 00:21:55 - Channel visited: Wrzzer - UCr5vPy2YUScYtiyAYiGn2Rg - Kategoria: Sports
2018-06-25 00:22:07 - Channel visited: Łączy nas piłka - UCFlGSuyqfui9DwttuET8MzQ - Kategoria: Sports
2018-06-25 00:22:18 - Channel visited: NIXBLACK - UCQ8teRDg67faTu56c2l_IYA - Kategoria: Sports
2018-06-25 00:22:18 - Queue: [Tasty, 50 Cent, PewDiePie, kesha, ESPN, Simone Giertz, America's Got Talent, James Charles, KendrickLamarVEVO, Cole Bennett - Lyrical Lemonade, DJ Akademiks, XXL, Genius, ZIAS!, No Jumper, JFlaMusic, Big Marvel, David Guetta, Major Lazer, Ultra Music, Armada Music, Proximity, MrSuicideSheep, Trap City, Chill Nation, House Nation, NoCopyrightSounds, DubstepGutter, Jack Ü, Katy Perry, The Key of Awesome, Reaction Time, RiceGum, Jake Paul, SSSniperWolf, Wrzzer, Łączy nas piłka, NIXBLACK]
2018-06-25 00:22:19 - Parsing channel: HellthyJunkFood
2018-06-25 00:22:38 - Channel visited: Matt Stonie - UCd1fLoVFooPeWqCEYVUJZqg - Kategoria: Entertainment
2018-06-25 00:22:46 - Channel visited: INSIDER - UCHJuQZuzapBh-CuhRYxIZrg - Kategoria: Howto & Style
2018-06-25 00:22:56 - Channel visited: Vat19 - UCDRbNGFusqlXX4a5vwi9ouQ - Kategoria: Entertainment
2018-06-25 00:23:04 - Channel visited: Raphael Gomes - UCYRDdicBXeo2zYB6Lg-oK7w - Kategoria: Howto & Style
2018-06-25 00:23:13 - Channel visited: FOOD INSIDER - UCwiTOchWeKjrJZw7S1H__1g - Kategoria: Travel & Events
2018-06-25 00:23:13 - Queue: [50 Cent, PewDiePie, kesha, ESPN, Simone Giertz, America's Got Talent, James Charles, KendrickLamarVEVO, Cole Bennett - Lyrical Lemonade, DJ Akademiks, XXL, Genius, ZIAS!, No Jumper, JFlaMusic, Big Marvel, David Guetta, Major Lazer, Ultra Music, Armada Music, Proximity, MrSuicideSheep, Trap City, Chill Nation, House Nation, NoCopyrightSounds, DubstepGutter, Jack Ü, Katy Perry, The Key of Awesome, Reaction Time, RiceGum, Jake Paul, SSSniperWolf, Wrzzer, Łączy nas piłka, NIXBLACK, Matt Stonie, INSIDER, Vat19, Raphael Gomes, FOOD INSIDER]
2018-06-25 00:23:14 - Parsing channel: Tasty
2018-06-25 00:23:33 - Channel visited: Bon Appétit - UCbpMy0Fg74eXXkvxJrtEn3w - Kategoria: Howto & Style
2018-06-25 00:23:44 - Channel visited: Binging with Babish - UCJHA_jMfCvEnv-3kRjTCQXw - Kategoria: Entertainment
2018-06-25 00:23:54 - Channel visited: So Yummy - UCH8NnRkxQg1zX7mHFRPq73g - Kategoria: Howto & Style
2018-06-25 00:25:13 - Channel visited: Munchies - UCaLfMkkHhSA_LaCta0BzyhQ - Kategoria: Entertainment
2018-06-25 00:25:31 - Queue: [PewDiePie, kesha, ESPN, Simone Giertz, America's Got Talent, James Charles, KendrickLamarVEVO, Cole Bennett - Lyrical Lemonade, DJ Akademiks, XXL, Genius, ZIAS!, No Jumper, JFlaMusic, Big Marvel, David Guetta, Major Lazer, Ultra Music, Armada Music, Proximity, MrSuicideSheep, Trap City, Chill Nation, House Nation, NoCopyrightSounds, DubstepGutter, Jack Ü, Katy Perry, The Key of Awesome, Reaction Time, RiceGum, Jake Paul, SSSniperWolf, Wrzzer, Łączy nas piłka, NIXBLACK, Matt Stonie, INSIDER, Vat19, Raphael Gomes, FOOD INSIDER, Bon Appétit, Binging with Babish, So Yummy, Munchies]
2018-06-25 00:25:32 - Parsing channel: 50 Cent
2018-06-25 00:26:01 - Channel visited: NellyVEVO - UCzQNgpWWPLuoAC6zA3VejzA - Kategoria: Music
2018-06-25 00:26:10 - Channel visited: Canal KondZilla - UCffDXn7ycAzwL2LDlbyWOTw - Kategoria: Music
2018-06-25 00:26:10 - Queue: [kesha, ESPN, Simone Giertz, America's Got Talent, James Charles, KendrickLamarVEVO, Cole Bennett - Lyrical Lemonade, DJ Akademiks, XXL, Genius, ZIAS!, No Jumper, JFlaMusic, Big Marvel, David Guetta, Major Lazer, Ultra Music, Armada Music, Proximity, MrSuicideSheep, Trap City, Chill Nation, House Nation, NoCopyrightSounds, DubstepGutter, Jack Ü, Katy Perry, The Key of Awesome, Reaction Time, RiceGum, Jake Paul, SSSniperWolf, Wrzzer, Łączy nas piłka, NIXBLACK, Matt Stonie, INSIDER, Vat19, Raphael Gomes, FOOD INSIDER, Bon Appétit, Binging with Babish, So Yummy, Munchies, NellyVEVO, Canal KondZilla]
2018-06-25 00:26:11 - Parsing channel: PewDiePie
2018-06-25 00:26:40 - Channel visited: jacksepticeye - UCYzPXprvl5Y-Sf0g4vX-m6g - Kategoria: Gaming
2018-06-25 00:26:50 - Channel visited: Markiplier - UC7_YxT-KID8kRbqZo7MyscQ - Kategoria: Gaming
2018-06-25 00:27:00 - Channel visited: IGN - UCKy1dAqELo0zrOtPkf0eTMw - Kategoria: Gaming
2018-06-25 00:27:09 - Channel visited: VanossGaming - UCKqH_9mk1waLgBiL2vT5b9g - Kategoria: Gaming
2018-06-25 00:27:18 - Channel visited: Ninja - UCAW-NpUFkMyCNrvRSSGIvDQ - Kategoria: Gaming
2018-06-25 00:27:27 - Channel visited: The Game Theorists - UCo_IB5145EVNcf8hw1Kku7w - Kategoria: Gaming
2018-06-25 00:27:27 - Queue: [ESPN, Simone Giertz, America's Got Talent, James Charles, KendrickLamarVEVO, Cole Bennett - Lyrical Lemonade, DJ Akademiks, XXL, Genius, ZIAS!, No Jumper, JFlaMusic, Big Marvel, David Guetta, Major Lazer, Ultra Music, Armada Music, Proximity, MrSuicideSheep, Trap City, Chill Nation, House Nation, NoCopyrightSounds, DubstepGutter, Jack Ü, Katy Perry, The Key of Awesome, Reaction Time, RiceGum, Jake Paul, SSSniperWolf, Wrzzer, Łączy nas piłka, NIXBLACK, Matt Stonie, INSIDER, Vat19, Raphael Gomes, FOOD INSIDER, Bon Appétit, Binging with Babish, So Yummy, Munchies, NellyVEVO, Canal KondZilla, jacksepticeye, Markiplier, IGN, VanossGaming, Ninja, The Game Theorists]
2018-06-25 00:27:28 - Parsing channel: kesha
2018-06-25 00:27:40 - Queue: [Simone Giertz, America's Got Talent, James Charles, KendrickLamarVEVO, Cole Bennett - Lyrical Lemonade, DJ Akademiks, XXL, Genius, ZIAS!, No Jumper, JFlaMusic, Big Marvel, David Guetta, Major Lazer, Ultra Music, Armada Music, Proximity, MrSuicideSheep, Trap City, Chill Nation, House Nation, NoCopyrightSounds, DubstepGutter, Jack Ü, Katy Perry, The Key of Awesome, Reaction Time, RiceGum, Jake Paul, SSSniperWolf, Wrzzer, Łączy nas piłka, NIXBLACK, Matt Stonie, INSIDER, Vat19, Raphael Gomes, FOOD INSIDER, Bon Appétit, Binging with Babish, So Yummy, Munchies, NellyVEVO, Canal KondZilla, jacksepticeye, Markiplier, IGN, VanossGaming, Ninja, The Game Theorists]
2018-06-25 00:27:41 - Parsing channel: ESPN
2018-06-25 00:27:57 - Channel visited: NBA - UCWJ2lWNubArHWmf3FIHbfcQ - Kategoria: Sports
2018-06-25 00:29:09 - Channel visited: CliveNBAParody - UCSGkhjEMPDq0iPb0JHb_w5Q - Kategoria: Sports
2018-06-25 00:29:18 - Channel visited: NBA on TNT - UCU7iRrk3xfpUk0R6VdyC1Ow - Kategoria: Sports
2018-06-25 00:29:28 - Channel visited: The Fumble - UCojyGFb8W2xxSsJ5c_XburQ - Kategoria: Sports
2018-06-25 00:29:37 - Channel visited: FreeDawkins - UCEjOSbbaOfgnfRODEEMYlCw - Kategoria: Sports
2018-06-25 00:29:46 - Channel visited: Oprah Sideverson - UCLegnNLfivOIBlM97QUwefQ - Kategoria: Sports
2018-06-25 00:29:47 - Queue: [America's Got Talent, James Charles, KendrickLamarVEVO, Cole Bennett - Lyrical Lemonade, DJ Akademiks, XXL, Genius, ZIAS!, No Jumper, JFlaMusic, Big Marvel, David Guetta, Major Lazer, Ultra Music, Armada Music, Proximity, MrSuicideSheep, Trap City, Chill Nation, House Nation, NoCopyrightSounds, DubstepGutter, Jack Ü, Katy Perry, The Key of Awesome, Reaction Time, RiceGum, Jake Paul, SSSniperWolf, Wrzzer, Łączy nas piłka, NIXBLACK, Matt Stonie, INSIDER, Vat19, Raphael Gomes, FOOD INSIDER, Bon Appétit, Binging with Babish, So Yummy, Munchies, NellyVEVO, Canal KondZilla, jacksepticeye, Markiplier, IGN, VanossGaming, Ninja, The Game Theorists, NBA, CliveNBAParody, NBA on TNT, The Fumble, FreeDawkins, Oprah Sideverson]
2018-06-25 00:29:47 - Parsing channel: Simone Giertz
2018-06-25 00:30:00 - Channel visited: William Osman - UCfMJ2MchTSW2kWaT0kK94Yw - Kategoria: Science & Technology
2018-06-25 00:30:11 - Channel visited: CaseyNeistat - UCtinbF-Q-fVthA0qrFQTgXQ - Kategoria: People & Blogs
2018-06-25 00:30:20 - Channel visited: Daily Dose Of Internet - UCdC0An4ZPNr_YiFiYoVbwaw - Kategoria: Entertainment
2018-06-25 00:30:20 - Queue: [James Charles, KendrickLamarVEVO, Cole Bennett - Lyrical Lemonade, DJ Akademiks, XXL, Genius, ZIAS!, No Jumper, JFlaMusic, Big Marvel, David Guetta, Major Lazer, Ultra Music, Armada Music, Proximity, MrSuicideSheep, Trap City, Chill Nation, House Nation, NoCopyrightSounds, DubstepGutter, Jack Ü, Katy Perry, The Key of Awesome, Reaction Time, RiceGum, Jake Paul, SSSniperWolf, Wrzzer, Łączy nas piłka, NIXBLACK, Matt Stonie, INSIDER, Vat19, Raphael Gomes, FOOD INSIDER, Bon Appétit, Binging with Babish, So Yummy, Munchies, NellyVEVO, Canal KondZilla, jacksepticeye, Markiplier, IGN, VanossGaming, Ninja, The Game Theorists, NBA, CliveNBAParody, NBA on TNT, The Fumble, FreeDawkins, Oprah Sideverson, William Osman, CaseyNeistat, Daily Dose Of Internet]
2018-06-25 00:30:21 - Parsing channel: America's Got Talent
2018-06-25 00:30:32 - Channel visited: Britain's Got Talent - UCUtZaxDF3hD5VK4xRYFBePQ - Kategoria: Entertainment
2018-06-25 00:30:40 - Channel visited: Talent Recap - UCSWwb_YyNB8vuC1VDcfPPaQ - Kategoria: Entertainment
2018-06-25 00:30:50 - Channel visited: Anthony Ying - UCVjh0oZ3Ug5-s3WX1awxblQ - Kategoria: Entertainment
2018-06-25 00:31:07 - Channel visited: Len Ken - UCeBWh-0p7vgBeD6HOHBpfwQ - Kategoria: Entertainment
2018-06-25 00:31:16 - Channel visited: TheEllenShow - UCp0hYYBW6IMayGgR-WeoCvQ - Kategoria: Entertainment
2018-06-25 00:31:16 - Queue: [KendrickLamarVEVO, Cole Bennett - Lyrical Lemonade, DJ Akademiks, XXL, Genius, ZIAS!, No Jumper, JFlaMusic, Big Marvel, David Guetta, Major Lazer, Ultra Music, Armada Music, Proximity, MrSuicideSheep, Trap City, Chill Nation, House Nation, NoCopyrightSounds, DubstepGutter, Jack Ü, Katy Perry, The Key of Awesome, Reaction Time, RiceGum, Jake Paul, SSSniperWolf, Wrzzer, Łączy nas piłka, NIXBLACK, Matt Stonie, INSIDER, Vat19, Raphael Gomes, FOOD INSIDER, Bon Appétit, Binging with Babish, So Yummy, Munchies, NellyVEVO, Canal KondZilla, jacksepticeye, Markiplier, IGN, VanossGaming, Ninja, The Game Theorists, NBA, CliveNBAParody, NBA on TNT, The Fumble, FreeDawkins, Oprah Sideverson, William Osman, CaseyNeistat, Daily Dose Of Internet, Britain's Got Talent, Talent Recap, Anthony Ying, Len Ken, TheEllenShow]
2018-06-25 00:31:17 - Parsing channel: James Charles
2018-06-25 00:31:35 - Channel visited: jeffreestar - UCkvK_5omS-42Ovgah8KRKtg - Kategoria: Howto & Style
2018-06-25 00:32:08 - Crawler has been started.
2018-06-25 00:32:29 - Queue: [KendrickLamarVEVO, Cole Bennett - Lyrical Lemonade, DJ Akademiks, XXL, Genius, ZIAS!, No Jumper, JFlaMusic, Big Marvel, David Guetta, Major Lazer, Ultra Music, Armada Music, Proximity, MrSuicideSheep, Trap City, Chill Nation, House Nation, NoCopyrightSounds, DubstepGutter, Jack Ü, Katy Perry, The Key of Awesome, Reaction Time, RiceGum, Jake Paul, SSSniperWolf, Wrzzer, Łączy nas piłka, NIXBLACK, Matt Stonie, INSIDER, Vat19, Raphael Gomes, FOOD INSIDER, Bon Appétit, Binging with Babish, So Yummy, Munchies, NellyVEVO, Canal KondZilla, jacksepticeye, Markiplier, IGN, VanossGaming, Ninja, The Game Theorists, NBA, CliveNBAParody, NBA on TNT, The Fumble, FreeDawkins, Oprah Sideverson, William Osman, CaseyNeistat, Daily Dose Of Internet, Britain's Got Talent, Talent Recap, Anthony Ying, Len Ken, TheEllenShow, jeffreestar]
2018-06-25 00:32:30 - Parsing channel: Katy Perry
2018-06-25 00:32:43 - Queue: [Cole Bennett - Lyrical Lemonade, DJ Akademiks, XXL, Genius, ZIAS!, No Jumper, JFlaMusic, Big Marvel, David Guetta, Major Lazer, Ultra Music, Armada Music, Proximity, MrSuicideSheep, Trap City, Chill Nation, House Nation, NoCopyrightSounds, DubstepGutter, Jack Ü, Katy Perry, The Key of Awesome, Reaction Time, RiceGum, Jake Paul, SSSniperWolf, Wrzzer, Łączy nas piłka, NIXBLACK, Matt Stonie, INSIDER, Vat19, Raphael Gomes, FOOD INSIDER, Bon Appétit, Binging with Babish, So Yummy, Munchies, NellyVEVO, Canal KondZilla, jacksepticeye, Markiplier, IGN, VanossGaming, Ninja, The Game Theorists, NBA, CliveNBAParody, NBA on TNT, The Fumble, FreeDawkins, Oprah Sideverson, William Osman, CaseyNeistat, Daily Dose Of Internet, Britain's Got Talent, Talent Recap, Anthony Ying, Len Ken, TheEllenShow, jeffreestar]
2018-06-25 00:32:43 - Parsing channel: KendrickLamarVEVO
2018-06-25 00:32:59 - Channel visited: J. Cole - UCnc6db-y3IU7CkT_yeVXdVg - Kategoria: Music
2018-06-25 00:33:02 - Channel visited: LIL UZI VERT - UCqwxMqUcL-XC3D9-fTP93Mg - Kategoria: People & Blogs
2018-06-25 00:33:04 - Channel visited: 21 Savage - UCOjEHmBKwdS7joWpW0VrXkg - Kategoria: Music
2018-06-25 00:33:05 - Queue: [DJ Akademiks, XXL, Genius, ZIAS!, No Jumper, JFlaMusic, Big Marvel, David Guetta, Major Lazer, Ultra Music, Armada Music, Proximity, MrSuicideSheep, Trap City, Chill Nation, House Nation, NoCopyrightSounds, DubstepGutter, Jack Ü, Katy Perry, The Key of Awesome, Reaction Time, RiceGum, Jake Paul, SSSniperWolf, Wrzzer, Łączy nas piłka, NIXBLACK, Matt Stonie, INSIDER, Vat19, Raphael Gomes, FOOD INSIDER, Bon Appétit, Binging with Babish, So Yummy, Munchies, NellyVEVO, Canal KondZilla, jacksepticeye, Markiplier, IGN, VanossGaming, Ninja, The Game Theorists, NBA, CliveNBAParody, NBA on TNT, The Fumble, FreeDawkins, Oprah Sideverson, William Osman, CaseyNeistat, Daily Dose Of Internet, Britain's Got Talent, Talent Recap, Anthony Ying, Len Ken, TheEllenShow, jeffreestar, J. Cole, LIL UZI VERT, 21 Savage]
2018-06-25 00:33:05 - Parsing channel: Cole Bennett - Lyrical Lemonade
2018-06-25 00:33:33 - Queue: [XXL, Genius, ZIAS!, No Jumper, JFlaMusic, Big Marvel, David Guetta, Major Lazer, Ultra Music, Armada Music, Proximity, MrSuicideSheep, Trap City, Chill Nation, House Nation, NoCopyrightSounds, DubstepGutter, Jack Ü, Katy Perry, The Key of Awesome, Reaction Time, RiceGum, Jake Paul, SSSniperWolf, Wrzzer, Łączy nas piłka, NIXBLACK, Matt Stonie, INSIDER, Vat19, Raphael Gomes, FOOD INSIDER, Bon Appétit, Binging with Babish, So Yummy, Munchies, NellyVEVO, Canal KondZilla, jacksepticeye, Markiplier, IGN, VanossGaming, Ninja, The Game Theorists, NBA, CliveNBAParody, NBA on TNT, The Fumble, FreeDawkins, Oprah Sideverson, William Osman, CaseyNeistat, Daily Dose Of Internet, Britain's Got Talent, Talent Recap, Anthony Ying, Len Ken, TheEllenShow, jeffreestar, J. Cole, LIL UZI VERT, 21 Savage]
2018-06-25 00:33:34 - Parsing channel: DJ Akademiks
2018-06-25 00:33:53 - Channel visited: Breakfast Club Power 105.1 FM - UChi08h4577eFsNXGd3sxYhw - Kategoria: Entertainment
2018-06-25 00:34:16 - Channel visited: DJ Ghost - UCeoNwdbtX26UmLMTkKQD5QA - Kategoria: Entertainment
2018-06-25 00:34:35 - Channel visited: djvlad - UCg7lal8IC-xPyKfgH4rdUcA - Kategoria: Entertainment
2018-06-25 00:34:48 - Queue: [Genius, ZIAS!, No Jumper, JFlaMusic, Big Marvel, David Guetta, Major Lazer, Ultra Music, Armada Music, Proximity, MrSuicideSheep, Trap City, Chill Nation, House Nation, NoCopyrightSounds, DubstepGutter, Jack Ü, Katy Perry, The Key of Awesome, Reaction Time, RiceGum, Jake Paul, SSSniperWolf, Wrzzer, Łączy nas piłka, NIXBLACK, Matt Stonie, INSIDER, Vat19, Raphael Gomes, FOOD INSIDER, Bon Appétit, Binging with Babish, So Yummy, Munchies, NellyVEVO, Canal KondZilla, jacksepticeye, Markiplier, IGN, VanossGaming, Ninja, The Game Theorists, NBA, CliveNBAParody, NBA on TNT, The Fumble, FreeDawkins, Oprah Sideverson, William Osman, CaseyNeistat, Daily Dose Of Internet, Britain's Got Talent, Talent Recap, Anthony Ying, Len Ken, TheEllenShow, jeffreestar, J. Cole, LIL UZI VERT, 21 Savage, Breakfast Club Power 105.1 FM, DJ Ghost, djvlad]
2018-06-25 00:34:48 - Parsing channel: XXL
2018-06-25 00:35:14 - Channel visited: ImDontai - UC1YZ751mYZkTNFXjGXTklsQ - Kategoria: Entertainment
2018-06-25 00:35:40 - Channel visited: CUFBOYS - UCc8o7QS_Gq3x0j40HSj5V3g - Kategoria: Entertainment
2018-06-25 00:35:41 - Queue: [ZIAS!, No Jumper, JFlaMusic, Big Marvel, David Guetta, Major Lazer, Ultra Music, Armada Music, Proximity, MrSuicideSheep, Trap City, Chill Nation, House Nation, NoCopyrightSounds, DubstepGutter, Jack Ü, Katy Perry, The Key of Awesome, Reaction Time, RiceGum, Jake Paul, SSSniperWolf, Wrzzer, Łączy nas piłka, NIXBLACK, Matt Stonie, INSIDER, Vat19, Raphael Gomes, FOOD INSIDER, Bon Appétit, Binging with Babish, So Yummy, Munchies, NellyVEVO, Canal KondZilla, jacksepticeye, Markiplier, IGN, VanossGaming, Ninja, The Game Theorists, NBA, CliveNBAParody, NBA on TNT, The Fumble, FreeDawkins, Oprah Sideverson, William Osman, CaseyNeistat, Daily Dose Of Internet, Britain's Got Talent, Talent Recap, Anthony Ying, Len Ken, TheEllenShow, jeffreestar, J. Cole, LIL UZI VERT, 21 Savage, Breakfast Club Power 105.1 FM, DJ Ghost, djvlad, ImDontai, CUFBOYS]
2018-06-25 00:35:41 - Parsing channel: Genius
2018-06-25 00:36:23 - Channel visited: MuchDank - UCNVWhn89PKXM-8VMgVLSobg - Kategoria: Entertainment
2018-06-25 00:36:32 - Channel visited: theneedledrop - UCt7fwAhXDy3oNFTAzF2o8Pw - Kategoria: Music
2018-06-25 00:36:32 - Queue: [No Jumper, JFlaMusic, Big Marvel, David Guetta, Major Lazer, Ultra Music, Armada Music, Proximity, MrSuicideSheep, Trap City, Chill Nation, House Nation, NoCopyrightSounds, DubstepGutter, Jack Ü, Katy Perry, The Key of Awesome, Reaction Time, RiceGum, Jake Paul, SSSniperWolf, Wrzzer, Łączy nas piłka, NIXBLACK, Matt Stonie, INSIDER, Vat19, Raphael Gomes, FOOD INSIDER, Bon Appétit, Binging with Babish, So Yummy, Munchies, NellyVEVO, Canal KondZilla, jacksepticeye, Markiplier, IGN, VanossGaming, Ninja, The Game Theorists, NBA, CliveNBAParody, NBA on TNT, The Fumble, FreeDawkins, Oprah Sideverson, William Osman, CaseyNeistat, Daily Dose Of Internet, Britain's Got Talent, Talent Recap, Anthony Ying, Len Ken, TheEllenShow, jeffreestar, J. Cole, LIL UZI VERT, 21 Savage, Breakfast Club Power 105.1 FM, DJ Ghost, djvlad, ImDontai, CUFBOYS, MuchDank, theneedledrop]
2018-06-25 00:36:33 - Parsing channel: ZIAS!
2018-06-25 00:36:58 - Channel visited: BucketHeadNation - UClhIWNuYrzoFfOQ49YX-5qQ - Kategoria: Entertainment
2018-06-25 00:37:16 - Queue: [JFlaMusic, Big Marvel, David Guetta, Major Lazer, Ultra Music, Armada Music, Proximity, MrSuicideSheep, Trap City, Chill Nation, House Nation, NoCopyrightSounds, DubstepGutter, Jack Ü, Katy Perry, The Key of Awesome, Reaction Time, RiceGum, Jake Paul, SSSniperWolf, Wrzzer, Łączy nas piłka, NIXBLACK, Matt Stonie, INSIDER, Vat19, Raphael Gomes, FOOD INSIDER, Bon Appétit, Binging with Babish, So Yummy, Munchies, NellyVEVO, Canal KondZilla, jacksepticeye, Markiplier, IGN, VanossGaming, Ninja, The Game Theorists, NBA, CliveNBAParody, NBA on TNT, The Fumble, FreeDawkins, Oprah Sideverson, William Osman, CaseyNeistat, Daily Dose Of Internet, Britain's Got Talent, Talent Recap, Anthony Ying, Len Ken, TheEllenShow, jeffreestar, J. Cole, LIL UZI VERT, 21 Savage, Breakfast Club Power 105.1 FM, DJ Ghost, djvlad, ImDontai, CUFBOYS, MuchDank, theneedledrop, BucketHeadNation]
2018-06-25 00:37:16 - Parsing channel: No Jumper
2018-06-25 00:37:57 - Queue: [Big Marvel, David Guetta, Major Lazer, Ultra Music, Armada Music, Proximity, MrSuicideSheep, Trap City, Chill Nation, House Nation, NoCopyrightSounds, DubstepGutter, Jack Ü, Katy Perry, The Key of Awesome, Reaction Time, RiceGum, Jake Paul, SSSniperWolf, Wrzzer, Łączy nas piłka, NIXBLACK, Matt Stonie, INSIDER, Vat19, Raphael Gomes, FOOD INSIDER, Bon Appétit, Binging with Babish, So Yummy, Munchies, NellyVEVO, Canal KondZilla, jacksepticeye, Markiplier, IGN, VanossGaming, Ninja, The Game Theorists, NBA, CliveNBAParody, NBA on TNT, The Fumble, FreeDawkins, Oprah Sideverson, William Osman, CaseyNeistat, Daily Dose Of Internet, Britain's Got Talent, Talent Recap, Anthony Ying, Len Ken, TheEllenShow, jeffreestar, J. Cole, LIL UZI VERT, 21 Savage, Breakfast Club Power 105.1 FM, DJ Ghost, djvlad, ImDontai, CUFBOYS, MuchDank, theneedledrop, BucketHeadNation]
2018-06-25 00:37:58 - Parsing channel: JFlaMusic
2018-06-25 00:38:09 - Channel visited: 창현 거리노래방& 쏭카페 - UCPJmHR4CG_lRuVwKCo0kjjg - Kategoria: Entertainment
2018-06-25 00:38:35 - Channel visited: 1MILLION Dance Studio - UCw8ZhLPdQ0u_Y-TLKd61hGA - Kategoria: Entertainment
2018-06-25 00:38:55 - Channel visited: 1theK (원더케이) - UCweOkPb1wVVH0Q0Tlj4a5Pw - Kategoria: Entertainment
2018-06-25 00:38:55 - Queue: [David Guetta, Major Lazer, Ultra Music, Armada Music, Proximity, MrSuicideSheep, Trap City, Chill Nation, House Nation, NoCopyrightSounds, DubstepGutter, Jack Ü, Katy Perry, The Key of Awesome, Reaction Time, RiceGum, Jake Paul, SSSniperWolf, Wrzzer, Łączy nas piłka, NIXBLACK, Matt Stonie, INSIDER, Vat19, Raphael Gomes, FOOD INSIDER, Bon Appétit, Binging with Babish, So Yummy, Munchies, NellyVEVO, Canal KondZilla, jacksepticeye, Markiplier, IGN, VanossGaming, Ninja, The Game Theorists, NBA, CliveNBAParody, NBA on TNT, The Fumble, FreeDawkins, Oprah Sideverson, William Osman, CaseyNeistat, Daily Dose Of Internet, Britain's Got Talent, Talent Recap, Anthony Ying, Len Ken, TheEllenShow, jeffreestar, J. Cole, LIL UZI VERT, 21 Savage, Breakfast Club Power 105.1 FM, DJ Ghost, djvlad, ImDontai, CUFBOYS, MuchDank, theneedledrop, BucketHeadNation, 창현 거리노래방& 쏭카페, 1MILLION Dance Studio, 1theK (원더케이)]
2018-06-25 00:38:56 - Parsing channel: Big Marvel
2018-06-25 00:39:01 - Channel visited: BANGTANTV - UCLkAepWjdylmXSltofFvsYQ - Kategoria: Music
2018-06-25 00:39:10 - Channel visited: ibighit - UC3IZKseVpdzPSBaWxBxundA - Kategoria: Music
2018-06-25 00:39:30 - Channel visited: QPark - UCEq2mmBydypRUvTlTgm_ghA - Kategoria: Entertainment
2018-06-25 00:39:46 - Queue: [Major Lazer, Ultra Music, Armada Music, Proximity, MrSuicideSheep, Trap City, Chill Nation, House Nation, NoCopyrightSounds, DubstepGutter, Jack Ü, Katy Perry, The Key of Awesome, Reaction Time, RiceGum, Jake Paul, SSSniperWolf, Wrzzer, Łączy nas piłka, NIXBLACK, Matt Stonie, INSIDER, Vat19, Raphael Gomes, FOOD INSIDER, Bon Appétit, Binging with Babish, So Yummy, Munchies, NellyVEVO, Canal KondZilla, jacksepticeye, Markiplier, IGN, VanossGaming, Ninja, The Game Theorists, NBA, CliveNBAParody, NBA on TNT, The Fumble, FreeDawkins, Oprah Sideverson, William Osman, CaseyNeistat, Daily Dose Of Internet, Britain's Got Talent, Talent Recap, Anthony Ying, Len Ken, TheEllenShow, jeffreestar, J. Cole, LIL UZI VERT, 21 Savage, Breakfast Club Power 105.1 FM, DJ Ghost, djvlad, ImDontai, CUFBOYS, MuchDank, theneedledrop, BucketHeadNation, 창현 거리노래방& 쏭카페, 1MILLION Dance Studio, 1theK (원더케이), BANGTANTV, ibighit, QPark]
2018-06-25 00:39:46 - Parsing channel: David Guetta
2018-06-25 00:40:11 - Channel visited: Calvin Harris - UCIjYyZxkFucP_W-tmXg_9Ow - Kategoria: Music
2018-06-25 00:40:14 - Queue: [Ultra Music, Armada Music, Proximity, MrSuicideSheep, Trap City, Chill Nation, House Nation, NoCopyrightSounds, DubstepGutter, Jack Ü, Katy Perry, The Key of Awesome, Reaction Time, RiceGum, Jake Paul, SSSniperWolf, Wrzzer, Łączy nas piłka, NIXBLACK, Matt Stonie, INSIDER, Vat19, Raphael Gomes, FOOD INSIDER, Bon Appétit, Binging with Babish, So Yummy, Munchies, NellyVEVO, Canal KondZilla, jacksepticeye, Markiplier, IGN, VanossGaming, Ninja, The Game Theorists, NBA, CliveNBAParody, NBA on TNT, The Fumble, FreeDawkins, Oprah Sideverson, William Osman, CaseyNeistat, Daily Dose Of Internet, Britain's Got Talent, Talent Recap, Anthony Ying, Len Ken, TheEllenShow, jeffreestar, J. Cole, LIL UZI VERT, 21 Savage, Breakfast Club Power 105.1 FM, DJ Ghost, djvlad, ImDontai, CUFBOYS, MuchDank, theneedledrop, BucketHeadNation, 창현 거리노래방& 쏭카페, 1MILLION Dance Studio, 1theK (원더케이), BANGTANTV, ibighit, QPark, Calvin Harris]
2018-06-25 00:40:14 - Parsing channel: Major Lazer
2018-06-25 00:40:29 - Channel visited: DJ Snake - UC_x8HoD18XJkILQBreVENUQ - Kategoria: Music
2018-06-25 00:40:42 - Queue: [Armada Music, Proximity, MrSuicideSheep, Trap City, Chill Nation, House Nation, NoCopyrightSounds, DubstepGutter, Jack Ü, Katy Perry, The Key of Awesome, Reaction Time, RiceGum, Jake Paul, SSSniperWolf, Wrzzer, Łączy nas piłka, NIXBLACK, Matt Stonie, INSIDER, Vat19, Raphael Gomes, FOOD INSIDER, Bon Appétit, Binging with Babish, So Yummy, Munchies, NellyVEVO, Canal KondZilla, jacksepticeye, Markiplier, IGN, VanossGaming, Ninja, The Game Theorists, NBA, CliveNBAParody, NBA on TNT, The Fumble, FreeDawkins, Oprah Sideverson, William Osman, CaseyNeistat, Daily Dose Of Internet, Britain's Got Talent, Talent Recap, Anthony Ying, Len Ken, TheEllenShow, jeffreestar, J. Cole, LIL UZI VERT, 21 Savage, Breakfast Club Power 105.1 FM, DJ Ghost, djvlad, ImDontai, CUFBOYS, MuchDank, theneedledrop, BucketHeadNation, 창현 거리노래방& 쏭카페, 1MILLION Dance Studio, 1theK (원더케이), BANGTANTV, ibighit, QPark, Calvin Harris, DJ Snake]
2018-06-25 00:40:42 - Parsing channel: Ultra Music
2018-06-25 00:41:19 - Channel visited: Blanco y Negro Music - UC_MsAEyTYUBfxp9j1XwMhMw - Kategoria: Music
2018-06-25 00:41:41 - Channel visited: Selected. - UCFZ75Bg73NJnJgmeUX9l62g - Kategoria: Music
2018-06-25 00:41:41 - Queue: [Proximity, MrSuicideSheep, Trap City, Chill Nation, House Nation, NoCopyrightSounds, DubstepGutter, Jack Ü, Katy Perry, The Key of Awesome, Reaction Time, RiceGum, Jake Paul, SSSniperWolf, Wrzzer, Łączy nas piłka, NIXBLACK, Matt Stonie, INSIDER, Vat19, Raphael Gomes, FOOD INSIDER, Bon Appétit, Binging with Babish, So Yummy, Munchies, NellyVEVO, Canal KondZilla, jacksepticeye, Markiplier, IGN, VanossGaming, Ninja, The Game Theorists, NBA, CliveNBAParody, NBA on TNT, The Fumble, FreeDawkins, Oprah Sideverson, William Osman, CaseyNeistat, Daily Dose Of Internet, Britain's Got Talent, Talent Recap, Anthony Ying, Len Ken, TheEllenShow, jeffreestar, J. Cole, LIL UZI VERT, 21 Savage, Breakfast Club Power 105.1 FM, DJ Ghost, djvlad, ImDontai, CUFBOYS, MuchDank, theneedledrop, BucketHeadNation, 창현 거리노래방& 쏭카페, 1MILLION Dance Studio, 1theK (원더케이), BANGTANTV, ibighit, QPark, Calvin Harris, DJ Snake, Blanco y Negro Music, Selected.]
2018-06-25 00:41:42 - Parsing channel: Armada Music
2018-06-25 00:42:24 - Channel visited: Revealed Recordings - UCnhHe0_bk_1_0So41vsZvWw - Kategoria: Music
2018-06-25 00:42:24 - Queue: [MrSuicideSheep, Trap City, Chill Nation, House Nation, NoCopyrightSounds, DubstepGutter, Jack Ü, Katy Perry, The Key of Awesome, Reaction Time, RiceGum, Jake Paul, SSSniperWolf, Wrzzer, Łączy nas piłka, NIXBLACK, Matt Stonie, INSIDER, Vat19, Raphael Gomes, FOOD INSIDER, Bon Appétit, Binging with Babish, So Yummy, Munchies, NellyVEVO, Canal KondZilla, jacksepticeye, Markiplier, IGN, VanossGaming, Ninja, The Game Theorists, NBA, CliveNBAParody, NBA on TNT, The Fumble, FreeDawkins, Oprah Sideverson, William Osman, CaseyNeistat, Daily Dose Of Internet, Britain's Got Talent, Talent Recap, Anthony Ying, Len Ken, TheEllenShow, jeffreestar, J. Cole, LIL UZI VERT, 21 Savage, Breakfast Club Power 105.1 FM, DJ Ghost, djvlad, ImDontai, CUFBOYS, MuchDank, theneedledrop, BucketHeadNation, 창현 거리노래방& 쏭카페, 1MILLION Dance Studio, 1theK (원더케이), BANGTANTV, ibighit, QPark, Calvin Harris, DJ Snake, Blanco y Negro Music, Selected., Revealed Recordings]
2018-06-25 00:42:24 - Parsing channel: Proximity
2018-06-25 00:42:43 - Queue: [Trap City, Chill Nation, House Nation, NoCopyrightSounds, DubstepGutter, Jack Ü, Katy Perry, The Key of Awesome, Reaction Time, RiceGum, Jake Paul, SSSniperWolf, Wrzzer, Łączy nas piłka, NIXBLACK, Matt Stonie, INSIDER, Vat19, Raphael Gomes, FOOD INSIDER, Bon Appétit, Binging with Babish, So Yummy, Munchies, NellyVEVO, Canal KondZilla, jacksepticeye, Markiplier, IGN, VanossGaming, Ninja, The Game Theorists, NBA, CliveNBAParody, NBA on TNT, The Fumble, FreeDawkins, Oprah Sideverson, William Osman, CaseyNeistat, Daily Dose Of Internet, Britain's Got Talent, Talent Recap, Anthony Ying, Len Ken, TheEllenShow, jeffreestar, J. Cole, LIL UZI VERT, 21 Savage, Breakfast Club Power 105.1 FM, DJ Ghost, djvlad, ImDontai, CUFBOYS, MuchDank, theneedledrop, BucketHeadNation, 창현 거리노래방& 쏭카페, 1MILLION Dance Studio, 1theK (원더케이), BANGTANTV, ibighit, QPark, Calvin Harris, DJ Snake, Blanco y Negro Music, Selected., Revealed Recordings]
2018-06-25 00:42:43 - Parsing channel: MrSuicideSheep
2018-06-25 00:43:01 - Channel visited: xKito Music - UCMOgdURr7d8pOVlc-alkfRg - Kategoria: Music
2018-06-25 00:43:18 - Channel visited: CloudKid - UCSa8IUd1uEjlREMa21I3ZPQ - Kategoria: Music
2018-06-25 00:43:35 - Channel visited: MrRevillz - UCd3TI79UTgYvVEq5lTnJ4uQ - Kategoria: Music
2018-06-25 00:43:36 - Queue: [Chill Nation, House Nation, NoCopyrightSounds, DubstepGutter, Jack Ü, Katy Perry, The Key of Awesome, Reaction Time, RiceGum, Jake Paul, SSSniperWolf, Wrzzer, Łączy nas piłka, NIXBLACK, Matt Stonie, INSIDER, Vat19, Raphael Gomes, FOOD INSIDER, Bon Appétit, Binging with Babish, So Yummy, Munchies, NellyVEVO, Canal KondZilla, jacksepticeye, Markiplier, IGN, VanossGaming, Ninja, The Game Theorists, NBA, CliveNBAParody, NBA on TNT, The Fumble, FreeDawkins, Oprah Sideverson, William Osman, CaseyNeistat, Daily Dose Of Internet, Britain's Got Talent, Talent Recap, Anthony Ying, Len Ken, TheEllenShow, jeffreestar, J. Cole, LIL UZI VERT, 21 Savage, Breakfast Club Power 105.1 FM, DJ Ghost, djvlad, ImDontai, CUFBOYS, MuchDank, theneedledrop, BucketHeadNation, 창현 거리노래방& 쏭카페, 1MILLION Dance Studio, 1theK (원더케이), BANGTANTV, ibighit, QPark, Calvin Harris, DJ Snake, Blanco y Negro Music, Selected., Revealed Recordings, xKito Music, CloudKid, MrRevillz]
2018-06-25 00:43:36 - Parsing channel: Trap City
2018-06-25 00:43:55 - Channel visited: TrapMusicHDTV - UCaB_KyYOjfNHBm0f-TvBmiw - Kategoria: Music
2018-06-25 00:44:12 - Channel visited: Trap Party - UC9Xnzk7NEdUzU6kJ9hncXHA - Kategoria: Music
2018-06-25 00:44:21 - Channel visited: Trap Music Now. - UCi2bIyFtz-JdI-ou8kaqsqg - Kategoria: Music
2018-06-25 00:44:21 - Queue: [House Nation, NoCopyrightSounds, DubstepGutter, Jack Ü, Katy Perry, The Key of Awesome, Reaction Time, RiceGum, Jake Paul, SSSniperWolf, Wrzzer, Łączy nas piłka, NIXBLACK, Matt Stonie, INSIDER, Vat19, Raphael Gomes, FOOD INSIDER, Bon Appétit, Binging with Babish, So Yummy, Munchies, NellyVEVO, Canal KondZilla, jacksepticeye, Markiplier, IGN, VanossGaming, Ninja, The Game Theorists, NBA, CliveNBAParody, NBA on TNT, The Fumble, FreeDawkins, Oprah Sideverson, William Osman, CaseyNeistat, Daily Dose Of Internet, Britain's Got Talent, Talent Recap, Anthony Ying, Len Ken, TheEllenShow, jeffreestar, J. Cole, LIL UZI VERT, 21 Savage, Breakfast Club Power 105.1 FM, DJ Ghost, djvlad, ImDontai, CUFBOYS, MuchDank, theneedledrop, BucketHeadNation, 창현 거리노래방& 쏭카페, 1MILLION Dance Studio, 1theK (원더케이), BANGTANTV, ibighit, QPark, Calvin Harris, DJ Snake, Blanco y Negro Music, Selected., Revealed Recordings, xKito Music, CloudKid, MrRevillz, TrapMusicHDTV, Trap Party, Trap Music Now.]
2018-06-25 00:44:22 - Parsing channel: Chill Nation
2018-06-25 00:44:48 - Channel visited: Bass Nation - UCCvVpbYRgYjMN7mG7qQN0Pg - Kategoria: Music
2018-06-25 00:45:11 - Queue: [NoCopyrightSounds, DubstepGutter, Jack Ü, Katy Perry, The Key of Awesome, Reaction Time, RiceGum, Jake Paul, SSSniperWolf, Wrzzer, Łączy nas piłka, NIXBLACK, Matt Stonie, INSIDER, Vat19, Raphael Gomes, FOOD INSIDER, Bon Appétit, Binging with Babish, So Yummy, Munchies, NellyVEVO, Canal KondZilla, jacksepticeye, Markiplier, IGN, VanossGaming, Ninja, The Game Theorists, NBA, CliveNBAParody, NBA on TNT, The Fumble, FreeDawkins, Oprah Sideverson, William Osman, CaseyNeistat, Daily Dose Of Internet, Britain's Got Talent, Talent Recap, Anthony Ying, Len Ken, TheEllenShow, jeffreestar, J. Cole, LIL UZI VERT, 21 Savage, Breakfast Club Power 105.1 FM, DJ Ghost, djvlad, ImDontai, CUFBOYS, MuchDank, theneedledrop, BucketHeadNation, 창현 거리노래방& 쏭카페, 1MILLION Dance Studio, 1theK (원더케이), BANGTANTV, ibighit, QPark, Calvin Harris, DJ Snake, Blanco y Negro Music, Selected., Revealed Recordings, xKito Music, CloudKid, MrRevillz, TrapMusicHDTV, Trap Party, Trap Music Now., Bass Nation]
2018-06-25 00:45:12 - Parsing channel: House Nation
2018-06-25 00:45:13 - Queue: [NoCopyrightSounds, DubstepGutter, Jack Ü, Katy Perry, The Key of Awesome, Reaction Time, RiceGum, Jake Paul, SSSniperWolf, Wrzzer, Łączy nas piłka, NIXBLACK, Matt Stonie, INSIDER, Vat19, Raphael Gomes, FOOD INSIDER, Bon Appétit, Binging with Babish, So Yummy, Munchies, NellyVEVO, Canal KondZilla, jacksepticeye, Markiplier, IGN, VanossGaming, Ninja, The Game Theorists, NBA, CliveNBAParody, NBA on TNT, The Fumble, FreeDawkins, Oprah Sideverson, William Osman, CaseyNeistat, Daily Dose Of Internet, Britain's Got Talent, Talent Recap, Anthony Ying, Len Ken, TheEllenShow, jeffreestar, J. Cole, LIL UZI VERT, 21 Savage, Breakfast Club Power 105.1 FM, DJ Ghost, djvlad, ImDontai, CUFBOYS, MuchDank, theneedledrop, BucketHeadNation, 창현 거리노래방& 쏭카페, 1MILLION Dance Studio, 1theK (원더케이), BANGTANTV, ibighit, QPark, Calvin Harris, DJ Snake, Blanco y Negro Music, Selected., Revealed Recordings, xKito Music, CloudKid, MrRevillz, TrapMusicHDTV, Trap Party, Trap Music Now., Bass Nation]
2018-06-25 00:45:14 - Parsing channel: Katy Perry
2018-06-25 00:45:26 - Queue: [DubstepGutter, Jack Ü, Katy Perry, The Key of Awesome, Reaction Time, RiceGum, Jake Paul, SSSniperWolf, Wrzzer, Łączy nas piłka, NIXBLACK, Matt Stonie, INSIDER, Vat19, Raphael Gomes, FOOD INSIDER, Bon Appétit, Binging with Babish, So Yummy, Munchies, NellyVEVO, Canal KondZilla, jacksepticeye, Markiplier, IGN, VanossGaming, Ninja, The Game Theorists, NBA, CliveNBAParody, NBA on TNT, The Fumble, FreeDawkins, Oprah Sideverson, William Osman, CaseyNeistat, Daily Dose Of Internet, Britain's Got Talent, Talent Recap, Anthony Ying, Len Ken, TheEllenShow, jeffreestar, J. Cole, LIL UZI VERT, 21 Savage, Breakfast Club Power 105.1 FM, DJ Ghost, djvlad, ImDontai, CUFBOYS, MuchDank, theneedledrop, BucketHeadNation, 창현 거리노래방& 쏭카페, 1MILLION Dance Studio, 1theK (원더케이), BANGTANTV, ibighit, QPark, Calvin Harris, DJ Snake, Blanco y Negro Music, Selected., Revealed Recordings, xKito Music, CloudKid, MrRevillz, TrapMusicHDTV, Trap Party, Trap Music Now., Bass Nation]
2018-06-25 00:45:26 - Parsing channel: NoCopyrightSounds
2018-06-25 00:46:02 - Channel visited: TheFatRat - UCa_UMppcMsHIzb5LDx1u9zQ - Kategoria: Music
2018-06-25 00:46:11 - Channel visited: Monstercat: Uncaged - UCJ6td3C9QlPO9O_J5dF4ZzA - Kategoria: Music
2018-06-25 00:46:16 - Queue: [Jack Ü, Katy Perry, The Key of Awesome, Reaction Time, RiceGum, Jake Paul, SSSniperWolf, Wrzzer, Łączy nas piłka, NIXBLACK, Matt Stonie, INSIDER, Vat19, Raphael Gomes, FOOD INSIDER, Bon Appétit, Binging with Babish, So Yummy, Munchies, NellyVEVO, Canal KondZilla, jacksepticeye, Markiplier, IGN, VanossGaming, Ninja, The Game Theorists, NBA, CliveNBAParody, NBA on TNT, The Fumble, FreeDawkins, Oprah Sideverson, William Osman, CaseyNeistat, Daily Dose Of Internet, Britain's Got Talent, Talent Recap, Anthony Ying, Len Ken, TheEllenShow, jeffreestar, J. Cole, LIL UZI VERT, 21 Savage, Breakfast Club Power 105.1 FM, DJ Ghost, djvlad, ImDontai, CUFBOYS, MuchDank, theneedledrop, BucketHeadNation, 창현 거리노래방& 쏭카페, 1MILLION Dance Studio, 1theK (원더케이), BANGTANTV, ibighit, QPark, Calvin Harris, DJ Snake, Blanco y Negro Music, Selected., Revealed Recordings, xKito Music, CloudKid, MrRevillz, TrapMusicHDTV, Trap Party, Trap Music Now., Bass Nation, TheFatRat, Monstercat: Uncaged]
2018-06-25 00:46:16 - Parsing channel: DubstepGutter
2018-06-25 00:46:52 - Channel visited: UKF Dubstep - UCfLFTP1uTuIizynWsZq2nkQ - Kategoria: Music
2018-06-25 00:46:52 - Queue: [Katy Perry, The Key of Awesome, Reaction Time, RiceGum, Jake Paul, SSSniperWolf, Wrzzer, Łączy nas piłka, NIXBLACK, Matt Stonie, INSIDER, Vat19, Raphael Gomes, FOOD INSIDER, Bon Appétit, Binging with Babish, So Yummy, Munchies, NellyVEVO, Canal KondZilla, jacksepticeye, Markiplier, IGN, VanossGaming, Ninja, The Game Theorists, NBA, CliveNBAParody, NBA on TNT, The Fumble, FreeDawkins, Oprah Sideverson, William Osman, CaseyNeistat, Daily Dose Of Internet, Britain's Got Talent, Talent Recap, Anthony Ying, Len Ken, TheEllenShow, jeffreestar, J. Cole, LIL UZI VERT, 21 Savage, Breakfast Club Power 105.1 FM, DJ Ghost, djvlad, ImDontai, CUFBOYS, MuchDank, theneedledrop, BucketHeadNation, 창현 거리노래방& 쏭카페, 1MILLION Dance Studio, 1theK (원더케이), BANGTANTV, ibighit, QPark, Calvin Harris, DJ Snake, Blanco y Negro Music, Selected., Revealed Recordings, xKito Music, CloudKid, MrRevillz, TrapMusicHDTV, Trap Party, Trap Music Now., Bass Nation, TheFatRat, Monstercat: Uncaged, UKF Dubstep]
2018-06-25 00:46:53 - Parsing channel: Jack Ü
2018-06-25 00:47:04 - Channel visited: OWSLA - UC8nidfOKkcgpO6tfc9OSdBQ - Kategoria: Music
2018-06-25 00:47:24 - Queue: [The Key of Awesome, Reaction Time, RiceGum, Jake Paul, SSSniperWolf, Wrzzer, Łączy nas piłka, NIXBLACK, Matt Stonie, INSIDER, Vat19, Raphael Gomes, FOOD INSIDER, Bon Appétit, Binging with Babish, So Yummy, Munchies, NellyVEVO, Canal KondZilla, jacksepticeye, Markiplier, IGN, VanossGaming, Ninja, The Game Theorists, NBA, CliveNBAParody, NBA on TNT, The Fumble, FreeDawkins, Oprah Sideverson, William Osman, CaseyNeistat, Daily Dose Of Internet, Britain's Got Talent, Talent Recap, Anthony Ying, Len Ken, TheEllenShow, jeffreestar, J. Cole, LIL UZI VERT, 21 Savage, Breakfast Club Power 105.1 FM, DJ Ghost, djvlad, ImDontai, CUFBOYS, MuchDank, theneedledrop, BucketHeadNation, 창현 거리노래방& 쏭카페, 1MILLION Dance Studio, 1theK (원더케이), BANGTANTV, ibighit, QPark, Calvin Harris, DJ Snake, Blanco y Negro Music, Selected., Revealed Recordings, xKito Music, CloudKid, MrRevillz, TrapMusicHDTV, Trap Party, Trap Music Now., Bass Nation, TheFatRat, Monstercat: Uncaged, UKF Dubstep, OWSLA]
2018-06-25 00:47:25 - Parsing channel: Katy Perry
2018-06-25 00:47:38 - Queue: [Reaction Time, RiceGum, Jake Paul, SSSniperWolf, Wrzzer, Łączy nas piłka, NIXBLACK, Matt Stonie, INSIDER, Vat19, Raphael Gomes, FOOD INSIDER, Bon Appétit, Binging with Babish, So Yummy, Munchies, NellyVEVO, Canal KondZilla, jacksepticeye, Markiplier, IGN, VanossGaming, Ninja, The Game Theorists, NBA, CliveNBAParody, NBA on TNT, The Fumble, FreeDawkins, Oprah Sideverson, William Osman, CaseyNeistat, Daily Dose Of Internet, Britain's Got Talent, Talent Recap, Anthony Ying, Len Ken, TheEllenShow, jeffreestar, J. Cole, LIL UZI VERT, 21 Savage, Breakfast Club Power 105.1 FM, DJ Ghost, djvlad, ImDontai, CUFBOYS, MuchDank, theneedledrop, BucketHeadNation, 창현 거리노래방& 쏭카페, 1MILLION Dance Studio, 1theK (원더케이), BANGTANTV, ibighit, QPark, Calvin Harris, DJ Snake, Blanco y Negro Music, Selected., Revealed Recordings, xKito Music, CloudKid, MrRevillz, TrapMusicHDTV, Trap Party, Trap Music Now., Bass Nation, TheFatRat, Monstercat: Uncaged, UKF Dubstep, OWSLA]
2018-06-25 00:47:38 - Parsing channel: The Key of Awesome
2018-06-25 00:47:57 - Channel visited: Movieclips - UC3gNmTGu-TTbFPpfSs5kNkg - Kategoria: Film & Animation
2018-06-25 00:48:06 - Channel visited: Wassabi - UCNdqe5zJ6k-i7XKoYWA4Z2g - Kategoria: Entertainment
2018-06-25 00:48:16 - Channel visited: CollegeHumor - UCPDXXXJj9nax0fr0Wfc048g - Kategoria: Comedy
2018-06-25 00:48:26 - Channel visited: Miranda Sings - UC1OFDlfdRb6ma1ZGZd07gWA - Kategoria: Comedy
2018-06-25 00:48:26 - Queue: [RiceGum, Jake Paul, SSSniperWolf, Wrzzer, Łączy nas piłka, NIXBLACK, Matt Stonie, INSIDER, Vat19, Raphael Gomes, FOOD INSIDER, Bon Appétit, Binging with Babish, So Yummy, Munchies, NellyVEVO, Canal KondZilla, jacksepticeye, Markiplier, IGN, VanossGaming, Ninja, The Game Theorists, NBA, CliveNBAParody, NBA on TNT, The Fumble, FreeDawkins, Oprah Sideverson, William Osman, CaseyNeistat, Daily Dose Of Internet, Britain's Got Talent, Talent Recap, Anthony Ying, Len Ken, TheEllenShow, jeffreestar, J. Cole, LIL UZI VERT, 21 Savage, Breakfast Club Power 105.1 FM, DJ Ghost, djvlad, ImDontai, CUFBOYS, MuchDank, theneedledrop, BucketHeadNation, 창현 거리노래방& 쏭카페, 1MILLION Dance Studio, 1theK (원더케이), BANGTANTV, ibighit, QPark, Calvin Harris, DJ Snake, Blanco y Negro Music, Selected., Revealed Recordings, xKito Music, CloudKid, MrRevillz, TrapMusicHDTV, Trap Party, Trap Music Now., Bass Nation, TheFatRat, Monstercat: Uncaged, UKF Dubstep, OWSLA, Movieclips, Wassabi, CollegeHumor, Miranda Sings]
2018-06-25 00:48:27 - Parsing channel: Reaction Time
2018-06-25 00:48:47 - Channel visited: Inside Edition - UC9k-yiEpRHMNVOnOi_aQK8w - Kategoria: Trailers
2018-06-25 00:48:56 - Channel visited: BuzzFeedVideo - UCpko_-a4wgz2u_DgDgd9fqA - Kategoria: People & Blogs
2018-06-25 00:49:05 - Channel visited: AzzyLand - UCzeB_0FNcPIyUSjL_TL5lEw - Kategoria: Entertainment
2018-06-25 00:49:05 - Queue: [Jake Paul, SSSniperWolf, Wrzzer, Łączy nas piłka, NIXBLACK, Matt Stonie, INSIDER, Vat19, Raphael Gomes, FOOD INSIDER, Bon Appétit, Binging with Babish, So Yummy, Munchies, NellyVEVO, Canal KondZilla, jacksepticeye, Markiplier, IGN, VanossGaming, Ninja, The Game Theorists, NBA, CliveNBAParody, NBA on TNT, The Fumble, FreeDawkins, Oprah Sideverson, William Osman, CaseyNeistat, Daily Dose Of Internet, Britain's Got Talent, Talent Recap, Anthony Ying, Len Ken, TheEllenShow, jeffreestar, J. Cole, LIL UZI VERT, 21 Savage, Breakfast Club Power 105.1 FM, DJ Ghost, djvlad, ImDontai, CUFBOYS, MuchDank, theneedledrop, BucketHeadNation, 창현 거리노래방& 쏭카페, 1MILLION Dance Studio, 1theK (원더케이), BANGTANTV, ibighit, QPark, Calvin Harris, DJ Snake, Blanco y Negro Music, Selected., Revealed Recordings, xKito Music, CloudKid, MrRevillz, TrapMusicHDTV, Trap Party, Trap Music Now., Bass Nation, TheFatRat, Monstercat: Uncaged, UKF Dubstep, OWSLA, Movieclips, Wassabi, CollegeHumor, Miranda Sings, Inside Edition, BuzzFeedVideo, AzzyLand]
2018-06-25 00:49:06 - Parsing channel: RiceGum
2018-06-25 00:49:24 - Channel visited: Sommer Ray - UC4usqlPfjsJs0XgxclDN4Tw - Kategoria: Entertainment
2018-06-25 00:49:33 - Channel visited: David Dobrik - UCmh5gdwCx6lN7gEC20leNVA - Kategoria: People & Blogs
2018-06-25 00:49:43 - Channel visited: FaZe Rug - UCilwZiBBfI9X6yiZRzWty8Q - Kategoria: Gaming
2018-06-25 00:49:44 - Queue: [SSSniperWolf, Wrzzer, Łączy nas piłka, NIXBLACK, Matt Stonie, INSIDER, Vat19, Raphael Gomes, FOOD INSIDER, Bon Appétit, Binging with Babish, So Yummy, Munchies, NellyVEVO, Canal KondZilla, jacksepticeye, Markiplier, IGN, VanossGaming, Ninja, The Game Theorists, NBA, CliveNBAParody, NBA on TNT, The Fumble, FreeDawkins, Oprah Sideverson, William Osman, CaseyNeistat, Daily Dose Of Internet, Britain's Got Talent, Talent Recap, Anthony Ying, Len Ken, TheEllenShow, jeffreestar, J. Cole, LIL UZI VERT, 21 Savage, Breakfast Club Power 105.1 FM, DJ Ghost, djvlad, ImDontai, CUFBOYS, MuchDank, theneedledrop, BucketHeadNation, 창현 거리노래방& 쏭카페, 1MILLION Dance Studio, 1theK (원더케이), BANGTANTV, ibighit, QPark, Calvin Harris, DJ Snake, Blanco y Negro Music, Selected., Revealed Recordings, xKito Music, CloudKid, MrRevillz, TrapMusicHDTV, Trap Party, Trap Music Now., Bass Nation, TheFatRat, Monstercat: Uncaged, UKF Dubstep, OWSLA, Movieclips, Wassabi, CollegeHumor, Miranda Sings, Inside Edition, BuzzFeedVideo, AzzyLand, Sommer Ray, David Dobrik, FaZe Rug]
2018-06-25 00:49:44 - Parsing channel: Jake Paul
2018-06-25 00:49:55 - Channel visited: Martinez Twins - UCQ_RJNjvGLGLoxU6pPodvkQ - Kategoria: Entertainment
2018-06-25 00:49:57 - Channel visited: Chance - UCxolq2pCRDttlLQcd8r1w7A - Kategoria: Gaming
2018-06-25 00:50:06 - Channel visited: Lucas and Marcus - UCwD4x63A9KC7Si2RuSfg-SA - Kategoria: Entertainment
2018-06-25 00:50:15 - Channel visited: Tessa Brooks - UCe2ba_7LwQdNK5BKFSLm41Q - Kategoria: Music
2018-06-25 00:50:32 - Channel visited: The ACE Family - UCWwWOFsW68TqXE-HZLC3WIA - Kategoria: People & Blogs
2018-06-25 00:50:32 - Queue: [Wrzzer, Łączy nas piłka, NIXBLACK, Matt Stonie, INSIDER, Vat19, Raphael Gomes, FOOD INSIDER, Bon Appétit, Binging with Babish, So Yummy, Munchies, NellyVEVO, Canal KondZilla, jacksepticeye, Markiplier, IGN, VanossGaming, Ninja, The Game Theorists, NBA, CliveNBAParody, NBA on TNT, The Fumble, FreeDawkins, Oprah Sideverson, William Osman, CaseyNeistat, Daily Dose Of Internet, Britain's Got Talent, Talent Recap, Anthony Ying, Len Ken, TheEllenShow, jeffreestar, J. Cole, LIL UZI VERT, 21 Savage, Breakfast Club Power 105.1 FM, DJ Ghost, djvlad, ImDontai, CUFBOYS, MuchDank, theneedledrop, BucketHeadNation, 창현 거리노래방& 쏭카페, 1MILLION Dance Studio, 1theK (원더케이), BANGTANTV, ibighit, QPark, Calvin Harris, DJ Snake, Blanco y Negro Music, Selected., Revealed Recordings, xKito Music, CloudKid, MrRevillz, TrapMusicHDTV, Trap Party, Trap Music Now., Bass Nation, TheFatRat, Monstercat: Uncaged, UKF Dubstep, OWSLA, Movieclips, Wassabi, CollegeHumor, Miranda Sings, Inside Edition, BuzzFeedVideo, AzzyLand, Sommer Ray, David Dobrik, FaZe Rug, Martinez Twins, Chance, Lucas and Marcus, Tessa Brooks, The ACE Family]
2018-06-25 00:50:33 - Parsing channel: SSSniperWolf
2018-06-25 00:51:07 - Channel visited: Kyutie - UCR6g32TTJcIRwn71M9lPd-g - Kategoria: Entertainment
2018-06-25 00:51:17 - Channel visited: Ali-A - UCYVinkwSX7szARULgYpvhLw - Kategoria: Gaming
2018-06-25 00:51:25 - Queue: [Łączy nas piłka, NIXBLACK, Matt Stonie, INSIDER, Vat19, Raphael Gomes, FOOD INSIDER, Bon Appétit, Binging with Babish, So Yummy, Munchies, NellyVEVO, Canal KondZilla, jacksepticeye, Markiplier, IGN, VanossGaming, Ninja, The Game Theorists, NBA, CliveNBAParody, NBA on TNT, The Fumble, FreeDawkins, Oprah Sideverson, William Osman, CaseyNeistat, Daily Dose Of Internet, Britain's Got Talent, Talent Recap, Anthony Ying, Len Ken, TheEllenShow, jeffreestar, J. Cole, LIL UZI VERT, 21 Savage, Breakfast Club Power 105.1 FM, DJ Ghost, djvlad, ImDontai, CUFBOYS, MuchDank, theneedledrop, BucketHeadNation, 창현 거리노래방& 쏭카페, 1MILLION Dance Studio, 1theK (원더케이), BANGTANTV, ibighit, QPark, Calvin Harris, DJ Snake, Blanco y Negro Music, Selected., Revealed Recordings, xKito Music, CloudKid, MrRevillz, TrapMusicHDTV, Trap Party, Trap Music Now., Bass Nation, TheFatRat, Monstercat: Uncaged, UKF Dubstep, OWSLA, Movieclips, Wassabi, CollegeHumor, Miranda Sings, Inside Edition, BuzzFeedVideo, AzzyLand, Sommer Ray, David Dobrik, FaZe Rug, Martinez Twins, Chance, Lucas and Marcus, Tessa Brooks, The ACE Family, Kyutie, Ali-A]
2018-06-25 00:51:26 - Parsing channel: Wrzzer
2018-06-25 00:51:36 - Channel visited: Dan1s - UCvcLCMmInjvU_p7FEePAo0g - Kategoria: Sports
2018-06-25 00:51:44 - Channel visited: F2Freestylers - Ultimate Soccer Skills Channel - UCKvn9VBLAiLiYL4FFJHri6g - Kategoria: Entertainment
2018-06-25 00:51:53 - Channel visited: JackieMT 2nd - UCtk1Yv__Jcsw2NWbmZcCqsA - Kategoria: Sports
2018-06-25 00:52:09 - Channel visited: mr bundesteam - UCKhJT5aPN35ES6bJ88ZaD7g - Kategoria: Sports
2018-06-25 00:52:18 - Channel visited: Fazeli - UCUagJzaUxRT1YCTI_Zu0fsA - Kategoria: Sports
2018-06-25 00:52:18 - Queue: [NIXBLACK, Matt Stonie, INSIDER, Vat19, Raphael Gomes, FOOD INSIDER, Bon Appétit, Binging with Babish, So Yummy, Munchies, NellyVEVO, Canal KondZilla, jacksepticeye, Markiplier, IGN, VanossGaming, Ninja, The Game Theorists, NBA, CliveNBAParody, NBA on TNT, The Fumble, FreeDawkins, Oprah Sideverson, William Osman, CaseyNeistat, Daily Dose Of Internet, Britain's Got Talent, Talent Recap, Anthony Ying, Len Ken, TheEllenShow, jeffreestar, J. Cole, LIL UZI VERT, 21 Savage, Breakfast Club Power 105.1 FM, DJ Ghost, djvlad, ImDontai, CUFBOYS, MuchDank, theneedledrop, BucketHeadNation, 창현 거리노래방& 쏭카페, 1MILLION Dance Studio, 1theK (원더케이), BANGTANTV, ibighit, QPark, Calvin Harris, DJ Snake, Blanco y Negro Music, Selected., Revealed Recordings, xKito Music, CloudKid, MrRevillz, TrapMusicHDTV, Trap Party, Trap Music Now., Bass Nation, TheFatRat, Monstercat: Uncaged, UKF Dubstep, OWSLA, Movieclips, Wassabi, CollegeHumor, Miranda Sings, Inside Edition, BuzzFeedVideo, AzzyLand, Sommer Ray, David Dobrik, FaZe Rug, Martinez Twins, Chance, Lucas and Marcus, Tessa Brooks, The ACE Family, Kyutie, Ali-A, Dan1s, F2Freestylers - Ultimate Soccer Skills Channel, JackieMT 2nd, mr bundesteam, Fazeli]
2018-06-25 00:52:19 - Parsing channel: Łączy nas piłka
2018-06-25 00:53:12 - Channel visited: TRENUJ Z KRZYCHEM - UC4ZQQ7klyUW098VQ2pliSUA - Kategoria: Sports
2018-06-25 00:53:12 - Queue: [Matt Stonie, INSIDER, Vat19, Raphael Gomes, FOOD INSIDER, Bon Appétit, Binging with Babish, So Yummy, Munchies, NellyVEVO, Canal KondZilla, jacksepticeye, Markiplier, IGN, VanossGaming, Ninja, The Game Theorists, NBA, CliveNBAParody, NBA on TNT, The Fumble, FreeDawkins, Oprah Sideverson, William Osman, CaseyNeistat, Daily Dose Of Internet, Britain's Got Talent, Talent Recap, Anthony Ying, Len Ken, TheEllenShow, jeffreestar, J. Cole, LIL UZI VERT, 21 Savage, Breakfast Club Power 105.1 FM, DJ Ghost, djvlad, ImDontai, CUFBOYS, MuchDank, theneedledrop, BucketHeadNation, 창현 거리노래방& 쏭카페, 1MILLION Dance Studio, 1theK (원더케이), BANGTANTV, ibighit, QPark, Calvin Harris, DJ Snake, Blanco y Negro Music, Selected., Revealed Recordings, xKito Music, CloudKid, MrRevillz, TrapMusicHDTV, Trap Party, Trap Music Now., Bass Nation, TheFatRat, Monstercat: Uncaged, UKF Dubstep, OWSLA, Movieclips, Wassabi, CollegeHumor, Miranda Sings, Inside Edition, BuzzFeedVideo, AzzyLand, Sommer Ray, David Dobrik, FaZe Rug, Martinez Twins, Chance, Lucas and Marcus, Tessa Brooks, The ACE Family, Kyutie, Ali-A, Dan1s, F2Freestylers - Ultimate Soccer Skills Channel, JackieMT 2nd, mr bundesteam, Fazeli, TRENUJ Z KRZYCHEM]
2018-06-25 00:53:13 - Parsing channel: NIXBLACK
2018-06-25 00:53:31 - Channel visited: LIUBCHENKO - UCBdejLBeGz9nD9H315Bjscw - Kategoria: Sports
2018-06-25 00:53:49 - Channel visited: MATCH OF THE DAY - UCBQy6pmKYzolhejq-GnDIog - Kategoria: Sports
2018-06-25 00:53:58 - Channel visited: GugaTV - UCEsYUhxAE_nW5HHPj6WhT-g - Kategoria: Sports
2018-06-25 00:53:58 - Queue: [INSIDER, Vat19, Raphael Gomes, FOOD INSIDER, Bon Appétit, Binging with Babish, So Yummy, Munchies, NellyVEVO, Canal KondZilla, jacksepticeye, Markiplier, IGN, VanossGaming, Ninja, The Game Theorists, NBA, CliveNBAParody, NBA on TNT, The Fumble, FreeDawkins, Oprah Sideverson, William Osman, CaseyNeistat, Daily Dose Of Internet, Britain's Got Talent, Talent Recap, Anthony Ying, Len Ken, TheEllenShow, jeffreestar, J. Cole, LIL UZI VERT, 21 Savage, Breakfast Club Power 105.1 FM, DJ Ghost, djvlad, ImDontai, CUFBOYS, MuchDank, theneedledrop, BucketHeadNation, 창현 거리노래방& 쏭카페, 1MILLION Dance Studio, 1theK (원더케이), BANGTANTV, ibighit, QPark, Calvin Harris, DJ Snake, Blanco y Negro Music, Selected., Revealed Recordings, xKito Music, CloudKid, MrRevillz, TrapMusicHDTV, Trap Party, Trap Music Now., Bass Nation, TheFatRat, Monstercat: Uncaged, UKF Dubstep, OWSLA, Movieclips, Wassabi, CollegeHumor, Miranda Sings, Inside Edition, BuzzFeedVideo, AzzyLand, Sommer Ray, David Dobrik, FaZe Rug, Martinez Twins, Chance, Lucas and Marcus, Tessa Brooks, The ACE Family, Kyutie, Ali-A, Dan1s, F2Freestylers - Ultimate Soccer Skills Channel, JackieMT 2nd, mr bundesteam, Fazeli, TRENUJ Z KRZYCHEM, LIUBCHENKO, MATCH OF THE DAY, GugaTV]
2018-06-25 00:53:59 - Parsing channel: Matt Stonie
2018-06-25 00:54:12 - Channel visited: Furious Pete - UCspJ-h5Mw9_zeEhJDzMpkkA - Kategoria: Entertainment
2018-06-25 00:54:41 - Channel visited: Nikocado Avocado - UCDwzLWgGft47xQ30u-vjsrg - Kategoria: People & Blogs
2018-06-25 00:55:00 - Channel visited: suellASMR - UCiQOZOhSZpLaigDGgYhT4ng - Kategoria: Entertainment
2018-06-25 00:55:01 - Queue: [Vat19, Raphael Gomes, FOOD INSIDER, Bon Appétit, Binging with Babish, So Yummy, Munchies, NellyVEVO, Canal KondZilla, jacksepticeye, Markiplier, IGN, VanossGaming, Ninja, The Game Theorists, NBA, CliveNBAParody, NBA on TNT, The Fumble, FreeDawkins, Oprah Sideverson, William Osman, CaseyNeistat, Daily Dose Of Internet, Britain's Got Talent, Talent Recap, Anthony Ying, Len Ken, TheEllenShow, jeffreestar, J. Cole, LIL UZI VERT, 21 Savage, Breakfast Club Power 105.1 FM, DJ Ghost, djvlad, ImDontai, CUFBOYS, MuchDank, theneedledrop, BucketHeadNation, 창현 거리노래방& 쏭카페, 1MILLION Dance Studio, 1theK (원더케이), BANGTANTV, ibighit, QPark, Calvin Harris, DJ Snake, Blanco y Negro Music, Selected., Revealed Recordings, xKito Music, CloudKid, MrRevillz, TrapMusicHDTV, Trap Party, Trap Music Now., Bass Nation, TheFatRat, Monstercat: Uncaged, UKF Dubstep, OWSLA, Movieclips, Wassabi, CollegeHumor, Miranda Sings, Inside Edition, BuzzFeedVideo, AzzyLand, Sommer Ray, David Dobrik, FaZe Rug, Martinez Twins, Chance, Lucas and Marcus, Tessa Brooks, The ACE Family, Kyutie, Ali-A, Dan1s, F2Freestylers - Ultimate Soccer Skills Channel, JackieMT 2nd, mr bundesteam, Fazeli, TRENUJ Z KRZYCHEM, LIUBCHENKO, MATCH OF THE DAY, GugaTV, Furious Pete, Nikocado Avocado, suellASMR]
2018-06-25 00:55:02 - Parsing channel: INSIDER
2018-06-25 08:43:59 - Crawler has been started.
2018-06-25 08:44:02 - Queue: []
2018-06-25 08:44:02 - Parsing channel: Katy Perry
2018-06-25 08:44:06 - Channel visited: Dua Lipa - UC-J-KZfRV8c13fOCkhXdLiQ - Kategoria: Music
2018-06-25 08:44:08 - Channel visited: Nicki Minaj - UC3jOd7GUMhpgJRBhiLzuLsg - Kategoria: Music
2018-06-25 08:44:10 - Channel visited: Miley Cyrus - UCn7dB9UMTBDjKtEKBy_XISw - Kategoria: Entertainment
2018-06-25 08:44:13 - Channel visited: Ed Sheeran - UC0C-w0YjGpqDXGB8IHb662A - Kategoria: Music
2018-06-25 08:44:29 - Crawler has been started.
2018-06-25 08:44:31 - Queue: []
2018-06-25 08:44:31 - Parsing channel: Katy Perry
2018-06-25 08:44:36 - Channel visited: Dua Lipa - UC-J-KZfRV8c13fOCkhXdLiQ - Kategoria: Music
2018-06-25 08:44:38 - Channel visited: Nicki Minaj - UC3jOd7GUMhpgJRBhiLzuLsg - Kategoria: Music
2018-06-25 08:44:40 - Channel visited: Miley Cyrus - UCn7dB9UMTBDjKtEKBy_XISw - Kategoria: Entertainment
2018-06-25 08:44:42 - Channel visited: Ed Sheeran - UC0C-w0YjGpqDXGB8IHb662A - Kategoria: Music
2018-06-25 08:44:44 - Channel visited: Justin Bieber - UCIwFjwMjI0y7PDBVEO9-bkQ - Kategoria: Entertainment
2018-06-25 08:44:46 - Channel visited: Britney Spears - UCgffc95YDBlkGrBAJUHUmXQ - Kategoria: Music
2018-06-25 08:44:46 - Queue: [Nicki Minaj, Miley Cyrus, Ed Sheeran, Justin Bieber, Britney Spears]
2018-06-25 08:44:47 - Parsing channel: Dua Lipa
2018-06-25 08:44:50 - Channel visited: Anne-Marie - UCBL7ZxVX4GvW4CFiES_-0YA - Kategoria: Music
2018-06-25 08:44:53 - Channel visited: Calvin Harris - UCIjYyZxkFucP_W-tmXg_9Ow - Kategoria: Music
