2018-10-01 16:22:37 - Crawler has been started.
2018-10-01 16:22:54 - Crawler has been started.
2018-10-01 16:24:00 - Crawler has been started.
2018-10-01 16:25:44 - Crawler has been started.
2018-10-01 16:25:52 - Crawler has been started.
2018-10-01 16:25:55 - Crawler has been started.
2018-10-01 16:26:02 - Crawler has been started.
2018-10-01 16:26:05 - Crawler has been started.
2018-10-01 16:27:39 - Crawler has been started.
2018-10-01 16:28:10 - Crawler has been started.
2018-10-01 16:28:38 - Crawler has been started.
2018-10-01 16:32:11 - Crawler has been started.
2018-10-01 16:44:27 - Crawler has been started.
2018-10-01 17:07:33 - Crawler has been started.
2018-10-01 17:07:37 - Queue: []
2018-10-01 17:07:39 - Parsing channel: Katy Perry
2018-10-01 17:07:43 - Queue: []
2018-10-01 17:07:44 - Parsing channel: Katy Perry
2018-10-01 17:07:46 - Queue: []
2018-10-01 17:07:46 - Parsing channel: Katy Perry
2018-10-01 17:10:55 - Crawler has been started.
2018-10-01 17:11:00 - Queue: []
2018-10-01 17:11:01 - Parsing channel: Katy Perry
2018-10-01 17:11:11 - Channel visited: Lady Gaga - UCNL1ZadSjHpjm4q9j2sVtOA - Category: Music
2018-10-01 17:11:14 - Channel visited: Meghan Trainor - UCkXgEcpoTE4tHsebYBouWpA - Category: Music
2018-10-01 17:11:22 - Channel visited: Little Mix - UCIvqWqjC4aLvp7zI8hzARrA - Category: Music
2018-10-01 17:11:31 - Channel visited: Dua Lipa - UC-J-KZfRV8c13fOCkhXdLiQ - Category: Music
2018-10-01 17:11:36 - Channel visited: Ed Sheeran - UC0C-w0YjGpqDXGB8IHb662A - Category: Music
2018-10-01 17:11:51 - Channel visited: Bart Baker - UCazMm3tOCkYrIGE_17j0mVg - Category: Comedy
2018-10-01 17:11:51 - Queue: [Meghan Trainor, Little Mix, Dua Lipa, Ed Sheeran, Bart Baker]
2018-10-01 17:11:52 - Parsing channel: Lady Gaga
2018-10-01 17:12:02 - Channel visited: madonna - UC81VD6eeuLLSfyY_D-N8sVw - Category: Music
2018-10-01 20:53:09 - Crawler has been started.
2018-10-01 20:53:14 - Queue: []
2018-10-01 20:53:15 - Parsing channel: Katy Perry
2018-10-01 20:53:20 - Channel visited: Lady Gaga - UCNL1ZadSjHpjm4q9j2sVtOA - Category: Music
2018-10-01 20:53:24 - Channel visited: Meghan Trainor - UCkXgEcpoTE4tHsebYBouWpA - Category: Music
2018-10-01 20:53:27 - Channel visited: Little Mix - UCIvqWqjC4aLvp7zI8hzARrA - Category: Music
2018-10-01 20:53:30 - Channel visited: Dua Lipa - UC-J-KZfRV8c13fOCkhXdLiQ - Category: Music
2018-10-01 20:53:37 - Channel visited: Ed Sheeran - UC0C-w0YjGpqDXGB8IHb662A - Category: Music
