2018-10-25 16:01:26 - Crawler has been started.
2018-10-25 16:01:31 - Queue: []
2018-10-25 16:01:31 - Parsing channel: Katy Perry
2018-10-25 16:01:36 - Channel visited: Dua Lipa - UC-J-KZfRV8c13fOCkhXdLiQ - Category: Music
2018-10-25 16:05:05 - Crawler has been started.
2018-10-25 16:05:08 - Queue: []
2018-10-25 16:05:09 - Parsing channel: Katy Perry
2018-10-25 16:05:15 - Channel visited: Dua Lipa - UC-J-KZfRV8c13fOCkhXdLiQ - Category: Music
2018-10-25 16:05:17 - Channel visited: Miley Cyrus - UCn7dB9UMTBDjKtEKBy_XISw - Category: Music
2018-10-25 16:05:20 - Channel visited: Bruno Mars - UCoUM-UJ7rirJYP8CQ0EIaHA - Category: Music
2018-10-25 16:28:22 - Crawler has been started.
2018-10-25 16:28:29 - Crawler has been started.
2018-10-25 16:37:29 - Crawler has been started.
2018-10-25 16:37:32 - Queue: []
2018-10-25 16:37:33 - Parsing channel: Katy Perry
2018-10-25 16:39:08 - Crawler has been started.
2018-10-25 16:39:11 - Queue: []
2018-10-25 16:39:13 - Parsing channel: Katy Perry
2018-10-25 16:39:19 - Channel visited: Dua Lipa - UC-J-KZfRV8c13fOCkhXdLiQ - Category: Music
2018-10-25 17:50:09 - Crawler has been started.
2018-10-25 18:05:43 - Crawler has been started.
2018-10-25 18:05:48 - Queue: []
2018-10-25 18:05:48 - Parsing channel: Katy Perry
2018-10-25 18:05:54 - Channel visited: Dua Lipa - UC-J-KZfRV8c13fOCkhXdLiQ - Category: Music
2018-10-25 18:05:57 - Channel visited: Miley Cyrus - UCn7dB9UMTBDjKtEKBy_XISw - Category: Music
